Jun 14, 2023 9:44:17 PM Proiect.MDS.web.shopScraping.LogProductDetails logProductUpdate
INFO: Product updated in database: Painea brutarului cu maia Auchan, feliata, 400 g
Jun 14, 2023 9:44:20 PM Proiect.MDS.web.shopScraping.LogProductDetails logProductUpdate
INFO: Product updated in database: Paine toast integral Auchan, 600 g
Jun 14, 2023 9:44:24 PM Proiect.MDS.web.shopScraping.LogProductDetails logProductUpdate
INFO: Product updated in database: Paine toast clasica Auchan, 600 g
Jun 14, 2023 9:44:27 PM Proiect.MDS.web.shopScraping.LogProductDetails logProductUpdate
INFO: Product updated in database: Croissant cu ciocolata si alune Auchan, 85 g
Jun 14, 2023 9:44:28 PM Proiect.MDS.web.shopScraping.LogProductDetails logProductUpdate
INFO: Product updated in database: Cozonac Boromir cu crema de ciocolata si rom, 450 g
Jun 14, 2023 9:44:30 PM Proiect.MDS.web.shopScraping.LogProductDetails logProductUpdate
INFO: Product updated in database: Cozonac cu crema de cacao si rahat Boromir, 500g
Jun 14, 2023 9:44:32 PM Proiect.MDS.web.shopScraping.LogProductDetails logProductUpdate
INFO: Product updated in database: Cozonac Boromir cu crema de lapte si frisca, 450 g
Jun 14, 2023 9:44:33 PM Proiect.MDS.web.shopScraping.LogProductDetails logProductUpdate
INFO: Product updated in database: Cozonac cu crema de nuca si cacao Boromir, 450g
Jun 14, 2023 9:44:43 PM Proiect.MDS.web.shopScraping.LogProductDetails logProductUpdate
INFO: Product updated in database: Ridichi rosii, pret pe legatura
Jun 14, 2023 9:44:46 PM Proiect.MDS.web.shopScraping.LogProductDetails logProductUpdate
INFO: Product updated in database: Lamai netratate dupa recoltare, 4 bucati
Jun 14, 2023 9:44:50 PM Proiect.MDS.web.shopScraping.LogProductDetails logProductUpdate
INFO: Product updated in database: Lamai Auchan, 1 kg
Jun 14, 2023 9:44:56 PM Proiect.MDS.web.shopScraping.LogProductDetails logProductUpdate
INFO: Product updated in database: Bors Olympia, 1L
Jun 14, 2023 9:44:58 PM Proiect.MDS.web.shopScraping.LogProductDetails logProductUpdate
INFO: Product updated in database: Mix de salata Energia Auchan, 200g
Jun 14, 2023 9:44:59 PM Proiect.MDS.web.shopScraping.LogProductDetails logProductUpdate
INFO: Product updated in database: Mix de salata Auchan Curcubeu, 160g
Jun 14, 2023 9:45:01 PM Proiect.MDS.web.shopScraping.LogProductDetails logProductUpdate
INFO: Product updated in database: Mix de salata Auchan Suprema, 260g
Jun 14, 2023 9:45:03 PM Proiect.MDS.web.shopScraping.LogProductDetails logProductUpdate
INFO: Product updated in database: Portocale, 1.5 kg
Jun 14, 2023 9:45:03 PM Proiect.MDS.web.shopScraping.LogProductDetails logProductUpdate
INFO: Product updated in database: Painea brutarului cu maia Auchan, feliata, 400 g
Jun 14, 2023 9:45:03 PM Proiect.MDS.web.shopScraping.LogProductDetails logProductUpdate
INFO: Product updated in database: Paine toast integral Auchan, 600 g
Jun 14, 2023 9:45:04 PM Proiect.MDS.web.shopScraping.LogProductDetails logProductUpdate
INFO: Product updated in database: Paine toast clasica Auchan, 600 g
Jun 14, 2023 9:45:04 PM Proiect.MDS.web.shopScraping.LogProductDetails logProductUpdate
INFO: Product updated in database: Croissant cu ciocolata si alune Auchan, 85 g
Jun 14, 2023 9:45:04 PM Proiect.MDS.web.shopScraping.LogProductDetails logProductUpdate
INFO: Product updated in database: Cozonac Boromir cu crema de ciocolata si rom, 450 g
Jun 14, 2023 9:45:04 PM Proiect.MDS.web.shopScraping.LogProductDetails logProductUpdate
INFO: Product updated in database: Cozonac cu crema de cacao si rahat Boromir, 500g
Jun 14, 2023 9:45:05 PM Proiect.MDS.web.shopScraping.LogProductDetails logProductUpdate
INFO: Product updated in database: Cozonac Boromir cu crema de lapte si frisca, 450 g
Jun 14, 2023 9:45:05 PM Proiect.MDS.web.shopScraping.LogProductDetails logProductUpdate
INFO: Product updated in database: Cozonac cu crema de nuca si cacao Boromir, 450g
Jun 14, 2023 9:45:05 PM Proiect.MDS.web.shopScraping.LogProductDetails logProductUpdate
INFO: Product updated in database: Ridichi rosii, pret pe legatura
Jun 14, 2023 9:45:05 PM Proiect.MDS.web.shopScraping.LogProductDetails logProductUpdate
INFO: Product updated in database: Lamai netratate dupa recoltare, 4 bucati
Jun 14, 2023 9:45:05 PM Proiect.MDS.web.shopScraping.LogProductDetails logProductUpdate
INFO: Product updated in database: Lamai Auchan, 1 kg
Jun 14, 2023 9:45:06 PM Proiect.MDS.web.shopScraping.LogProductDetails logProductUpdate
INFO: Product updated in database: Bors Olympia, 1L
Jun 14, 2023 9:45:06 PM Proiect.MDS.web.shopScraping.LogProductDetails logProductUpdate
INFO: Product updated in database: Mix de salata Energia Auchan, 200g
Jun 14, 2023 9:45:06 PM Proiect.MDS.web.shopScraping.LogProductDetails logProductUpdate
INFO: Product updated in database: Mix de salata Auchan Curcubeu, 160g
Jun 14, 2023 9:45:06 PM Proiect.MDS.web.shopScraping.LogProductDetails logProductUpdate
INFO: Product updated in database: Mix de salata Auchan Suprema, 260g
Jun 14, 2023 9:45:07 PM Proiect.MDS.web.shopScraping.LogProductDetails logProductUpdate
INFO: Product updated in database: Portocale, 1.5 kg
Jun 14, 2023 9:45:53 PM Proiect.MDS.web.shopScraping.LogProductDetails logProductNotEligibleForUpdate
INFO: Product not eligible for update: Mazare verde boabe Bonduelle, dulce, 400 g
Jun 14, 2023 9:45:59 PM Proiect.MDS.web.shopScraping.LogProductDetails logProductNotEligibleForUpdate
INFO: Product not eligible for update: Conserva cu carne de porc Scandia Sibiu, 300g
Jun 14, 2023 9:46:06 PM Proiect.MDS.web.shopScraping.LogProductDetails logProductNotEligibleForUpdate
INFO: Product not eligible for update: Fasole alba boabe Bonduelle, 400 g
Jun 14, 2023 9:46:08 PM Proiect.MDS.web.shopScraping.LogProductDetails logProductNotEligibleForUpdate
INFO: Product not eligible for update: Pate integral de porc Scandia Sibiu, 120g
Jun 14, 2023 9:46:10 PM Proiect.MDS.web.shopScraping.LogProductDetails logProductNotEligibleForUpdate
INFO: Product not eligible for update: Pate de porc Bucegi, 200g
Jun 14, 2023 9:46:11 PM Proiect.MDS.web.shopScraping.LogProductDetails logProductNotEligibleForUpdate
INFO: Product not eligible for update: Pasta vegetala tartinabila Bucegi, 200 g
Jun 14, 2023 9:46:15 PM Proiect.MDS.web.shopScraping.LogProductDetails logProductNotEligibleForUpdate
INFO: Product not eligible for update: Pate integral de rata Scandia Sibiu, 120g
Jun 14, 2023 9:46:17 PM Proiect.MDS.web.shopScraping.LogProductDetails logProductUpdate
INFO: Product updated in database: Pate cu ficat de gasca Scandia Sibiu, 120g
Jun 14, 2023 9:46:25 PM Proiect.MDS.web.shopScraping.LogProductDetails logProductUpdate
INFO: Product updated in database: Ciorba de burta cu smantana Scandia Sibiu, 400g
Jun 14, 2023 9:46:28 PM Proiect.MDS.web.shopScraping.LogProductDetails logProductNotEligibleForUpdate
INFO: Product not eligible for update: Fasole rosie boabe Bonduelle, 800 g
Jun 14, 2023 9:46:31 PM Proiect.MDS.web.shopScraping.LogProductDetails logProductNotEligibleForUpdate
INFO: Product not eligible for update: Pate de pasare Bucegi, 200g
Jun 14, 2023 9:46:32 PM Proiect.MDS.web.shopScraping.LogProductDetails logProductUpdate
INFO: Product updated in database: Pate integral de pui Scandia Sibiu, 200g
Jun 14, 2023 9:46:35 PM Proiect.MDS.web.shopScraping.LogProductDetails logProductUpdate
INFO: Product updated in database: Pate integral de pui Scandia Sibiu, 120g
Jun 14, 2023 9:46:38 PM Proiect.MDS.web.shopScraping.LogProductDetails logProductNotEligibleForUpdate
INFO: Product not eligible for update: Ciorba de vacuta cu verdeata Scandia Sibiu, 400g
Jun 14, 2023 9:46:42 PM Proiect.MDS.web.shopScraping.LogProductDetails logProductNotEligibleForUpdate
INFO: Product not eligible for update: Pate integral de porc Scandia Sibiu, 200g
Jun 14, 2023 9:46:44 PM Proiect.MDS.web.shopScraping.LogProductDetails logProductNotEligibleForUpdate
INFO: Product not eligible for update: Conserva cu carne de vita Scandia Sibiu, 300g
Jun 14, 2023 9:46:45 PM Proiect.MDS.web.shopScraping.LogProductDetails logProductUpdate
INFO: Product updated in database: Sarmalute cu carne de porc Scandia Sibiu traditii, 400gr
Jun 14, 2023 9:46:55 PM Proiect.MDS.web.shopScraping.LogProductDetails logProductNotEligibleForUpdate
INFO: Product not eligible for update: Castraveti cornison intregi, 3-6 cm, in otet Bonduelle, 550g
Jun 14, 2023 9:46:55 PM Proiect.MDS.web.shopScraping.LogProductDetails logProductNotEligibleForUpdate
INFO: Product not eligible for update: Biscuiti cu cacao Picnic RoStar, 75 g
Jun 14, 2023 9:46:58 PM Proiect.MDS.web.shopScraping.LogProductDetails logProductUpdate
INFO: Product updated in database: Biscuiti Petit Beurre RoStar, 460 g
Jun 14, 2023 9:47:00 PM Proiect.MDS.web.shopScraping.LogProductDetails logProductNotEligibleForUpdate
INFO: Product not eligible for update: Biscuiti cu vanilie Picnic RoStar, 75 g
Jun 14, 2023 9:47:05 PM Proiect.MDS.web.shopScraping.LogProductDetails logProductNotEligibleForUpdate
INFO: Product not eligible for update: Zahar pudra Diamant, 500 g
Jun 14, 2023 9:47:08 PM Proiect.MDS.web.shopScraping.LogProductDetails logProductNotEligibleForUpdate
INFO: Product not eligible for update: Zahar cubic Diamant, 500 g
Jun 14, 2023 9:47:12 PM Proiect.MDS.web.shopScraping.LogProductDetails logProductNotEligibleForUpdate
INFO: Product not eligible for update: Biscuiti Petit Beurre RoStar, 140 g
Jun 14, 2023 9:47:18 PM Proiect.MDS.web.shopScraping.LogProductDetails logProductNotEligibleForUpdate
INFO: Product not eligible for update: Piper negru boabe Cosmin 17 g
Jun 14, 2023 9:47:25 PM Proiect.MDS.web.shopScraping.LogProductDetails logProductNotEligibleForUpdate
INFO: Product not eligible for update: Scortisoara macinata Cosmin 15g
Jun 14, 2023 9:47:27 PM Proiect.MDS.web.shopScraping.LogProductDetails logProductUpdate
INFO: Product updated in database: Foi de dafin Cosmin, 4g
Jun 14, 2023 9:47:30 PM Proiect.MDS.web.shopScraping.LogProductDetails logProductNotEligibleForUpdate
INFO: Product not eligible for update: Piper negru macinat Fuchs 20 g
Jun 14, 2023 9:47:31 PM Proiect.MDS.web.shopScraping.LogProductDetails logProductUpdate
INFO: Product updated in database: Cimbru Cosmin, 8g
Jun 14, 2023 9:47:35 PM Proiect.MDS.web.shopScraping.LogProductDetails logProductNotEligibleForUpdate
INFO: Product not eligible for update: Scortisoara batoane Fuchs 20 g
Jun 14, 2023 9:47:37 PM Proiect.MDS.web.shopScraping.LogProductDetails logProductNotEligibleForUpdate
INFO: Product not eligible for update: Piper alb macinat Fuchs 20 g
Jun 14, 2023 9:47:39 PM Proiect.MDS.web.shopScraping.LogProductDetails logProductNotEligibleForUpdate
INFO: Product not eligible for update: Piper alb macinat Cosmin 17 g
Jun 14, 2023 9:47:40 PM Proiect.MDS.web.shopScraping.LogProductDetails logProductNotEligibleForUpdate
INFO: Product not eligible for update: Mix condiment pentru porc Cosmin 20 g
Jun 14, 2023 9:47:45 PM Proiect.MDS.web.shopScraping.LogProductDetails logProductNotEligibleForUpdate
INFO: Product not eligible for update: Mix condiment pentru pui Cosmin 20 g
Jun 14, 2023 9:47:50 PM Proiect.MDS.web.shopScraping.LogProductDetails logProductUpdate
INFO: Product updated in database: Usturoi granulat Cosmin 15 g
Jun 14, 2023 9:47:52 PM Proiect.MDS.web.shopScraping.LogProductDetails logProductNotEligibleForUpdate
INFO: Product not eligible for update: Mix de condimente Fuchs pentru drob, 20 g
Jun 14, 2023 9:47:54 PM Proiect.MDS.web.shopScraping.LogProductDetails logProductNotEligibleForUpdate
INFO: Product not eligible for update: Condiment pentru gratar Cosmin 20 g
Jun 14, 2023 9:47:56 PM Proiect.MDS.web.shopScraping.LogProductDetails logProductUpdate
INFO: Product updated in database: Patrunjel Cosmin, 8g
Jun 14, 2023 9:47:58 PM Proiect.MDS.web.shopScraping.LogProductDetails logProductNotEligibleForUpdate
INFO: Product not eligible for update: Mix de condimente Fuchs pentru pui 25 g
Jun 14, 2023 9:47:59 PM Proiect.MDS.web.shopScraping.LogProductDetails logProductUpdate
INFO: Product updated in database: Marar Cosmin 8 g
Jun 14, 2023 9:48:09 PM Proiect.MDS.web.shopScraping.LogProductDetails logProductNotEligibleForUpdate
INFO: Product not eligible for update: Mix condimente pentru gratar Fuchs 20 g
Jun 14, 2023 9:48:11 PM Proiect.MDS.web.shopScraping.LogProductDetails logProductNotEligibleForUpdate
INFO: Product not eligible for update: Mix de condimente Fuchs pentru oaie/miel, 20 g
Jun 14, 2023 9:48:15 PM Proiect.MDS.web.shopScraping.LogProductDetails logProductNotEligibleForUpdate
INFO: Product not eligible for update: Mix de condimente Fuchs pentru friptura 25 g
Jun 14, 2023 9:48:19 PM Proiect.MDS.web.shopScraping.LogProductDetails logProductNotEligibleForUpdate
INFO: Product not eligible for update: Mix de condimente Fuchs pentru chiftele 25g
Jun 14, 2023 9:48:20 PM Proiect.MDS.web.shopScraping.LogProductDetails logProductNotEligibleForUpdate
INFO: Product not eligible for update: Boia ardei iute Cosmin, 17g
Jun 14, 2023 9:48:24 PM Proiect.MDS.web.shopScraping.LogProductDetails logProductNotEligibleForUpdate
INFO: Product not eligible for update: Lapte integral ZuZu, 3.5% grasime, 1 l
Jun 14, 2023 9:48:26 PM Proiect.MDS.web.shopScraping.LogProductDetails logProductNotEligibleForUpdate
INFO: Product not eligible for update: Sare condimentata Cosmin pentru cartofi prajiti 20 g
Jun 14, 2023 9:48:28 PM Proiect.MDS.web.shopScraping.LogProductDetails logProductNotEligibleForUpdate
INFO: Product not eligible for update: Mix de condimente Fuchs pentru mititei 25 g
Jun 14, 2023 9:48:30 PM Proiect.MDS.web.shopScraping.LogProductDetails logProductNotEligibleForUpdate
INFO: Product not eligible for update: Mix de condimente pentru salata Fuchs 10 g
Jun 14, 2023 9:48:32 PM Proiect.MDS.web.shopScraping.LogProductDetails logProductNotEligibleForUpdate
INFO: Product not eligible for update: Busuioc Cosmin, 8g
Jun 14, 2023 9:48:35 PM Proiect.MDS.web.shopScraping.LogProductDetails logProductNotEligibleForUpdate
INFO: Product not eligible for update: Condiment pentru peste Cosmin 20 g
Jun 14, 2023 9:48:37 PM Proiect.MDS.web.shopScraping.LogProductDetails logProductNotEligibleForUpdate
INFO: Product not eligible for update: Mix de condimente Fuchs pentru peste 25 g
Jun 14, 2023 9:48:39 PM Proiect.MDS.web.shopScraping.LogProductDetails logProductUpdate
INFO: Product updated in database: Smantana de consum Albalact, 12% grasime, 900 g
Jun 14, 2023 9:48:40 PM Proiect.MDS.web.shopScraping.LogProductDetails logProductUpdate
INFO: Product updated in database: Boia ardei dulce Cosmin, 17g
Jun 14, 2023 9:48:42 PM Proiect.MDS.web.shopScraping.LogProductDetails logProductUpdate
INFO: Product updated in database: Piper negru macinat Cosmin 17 g
Jun 14, 2023 9:48:45 PM Proiect.MDS.web.shopScraping.LogProductDetails logProductNotEligibleForUpdate
INFO: Product not eligible for update: Mustar boabe Cosmin 20 g
Jun 14, 2023 9:48:46 PM Proiect.MDS.web.shopScraping.LogProductDetails logProductNotEligibleForUpdate
INFO: Product not eligible for update: Oregano Cosmin, 8g
Jun 14, 2023 9:48:48 PM Proiect.MDS.web.shopScraping.LogProductDetails logProductNotEligibleForUpdate
INFO: Product not eligible for update: Ienibahar macinat Cosmin, 12g
Jun 14, 2023 9:48:50 PM Proiect.MDS.web.shopScraping.LogProductDetails logProductNotEligibleForUpdate
INFO: Product not eligible for update: Maghiran Cosmin 8 g
Jun 14, 2023 9:49:24 PM Proiect.MDS.web.shopScraping.LogProductDetails logProductNotEligibleForUpdate
INFO: Product not eligible for update: Sare iodata Ilida 400 g
Jun 14, 2023 9:49:40 PM Proiect.MDS.web.shopScraping.LogProductDetails logProductNotEligibleForUpdate
INFO: Product not eligible for update: Sare iodata Ilida 200 g
Jun 14, 2023 9:49:44 PM Proiect.MDS.web.shopScraping.LogProductDetails logProductNotEligibleForUpdate
INFO: Product not eligible for update: Sare de mare iodata Xion grunjoasa 1 Kg
Jun 14, 2023 9:51:53 PM Proiect.MDS.web.shopScraping.LogProductDetails logProductNotEligibleForUpdate
INFO: Product not eligible for update: Lapte praf Malita 130 g
Jun 14, 2023 9:51:55 PM Proiect.MDS.web.shopScraping.LogProductDetails logProductNotEligibleForUpdate
INFO: Product not eligible for update: Seminte de dovleac Nutline, 200 g
Jun 14, 2023 9:51:59 PM Proiect.MDS.web.shopScraping.LogProductDetails logProductNotEligibleForUpdate
INFO: Product not eligible for update: Ananas cuburi Goody`s 560 g
Jun 14, 2023 9:52:00 PM Proiect.MDS.web.shopScraping.LogProductDetails logProductUpdate
INFO: Product updated in database: Seminte pestrite de floarea soarelui cu sare Nutline, 200 g
Jun 14, 2023 9:52:03 PM Proiect.MDS.web.shopScraping.LogProductDetails logProductNotEligibleForUpdate
INFO: Product not eligible for update: Biscuiti cu vanilie si crema de cacao Big Fox RoStar, 30g
Jun 14, 2023 9:52:06 PM Proiect.MDS.web.shopScraping.LogProductDetails logProductNotEligibleForUpdate
INFO: Product not eligible for update: Seminte pestrite de floarea soarelui cu sare Nutline, 100 g
Jun 14, 2023 9:52:53 PM Proiect.MDS.web.shopScraping.LogProductDetails logProductNotEligibleForUpdate
INFO: Product not eligible for update: Biscuiti Alka glazurati cu vanilie, 180 g
Jun 14, 2023 9:54:20 PM Proiect.MDS.web.shopScraping.LogProductDetails logProductUpdate
INFO: Product updated in database: Baza pentru mancare Maggi cu gust de gaina, 200g
Jun 14, 2023 9:54:26 PM Proiect.MDS.web.shopScraping.LogProductDetails logProductNotEligibleForUpdate
INFO: Product not eligible for update: Capuccino La Festa cu alune 125 g
Jun 14, 2023 9:54:35 PM Proiect.MDS.web.shopScraping.LogProductDetails logProductNotEligibleForUpdate
INFO: Product not eligible for update: Mix pentru paste milanese Maggi Ideea Zilei, 55g
Jun 14, 2023 9:54:39 PM Proiect.MDS.web.shopScraping.LogProductDetails logProductNotEligibleForUpdate
INFO: Product not eligible for update: Baton de cereale simplu Fitness Delice, 23.5 g
Jun 14, 2023 9:54:50 PM Proiect.MDS.web.shopScraping.LogProductDetails logProductNotEligibleForUpdate
INFO: Product not eligible for update: Cub Maggi cu gust de gaina 60 g
Jun 14, 2023 9:54:53 PM Proiect.MDS.web.shopScraping.LogProductDetails logProductNotEligibleForUpdate
INFO: Product not eligible for update: Capuccino La Festa cu rom 125 g
Jun 14, 2023 9:55:01 PM Proiect.MDS.web.shopScraping.LogProductDetails logProductUpdate
INFO: Product updated in database: Crema pudra Coffeeta pentru cafea, 200g
Jun 14, 2023 9:55:04 PM Proiect.MDS.web.shopScraping.LogProductDetails logProductUpdate
INFO: Product updated in database: Cereale Cini Minis Nestle, 250 g
Jun 14, 2023 9:55:09 PM Proiect.MDS.web.shopScraping.LogProductDetails logProductUpdate
INFO: Product updated in database: Cafea instant Nescafe Brasero, 100g
Jun 14, 2023 9:55:11 PM Proiect.MDS.web.shopScraping.LogProductDetails logProductNotEligibleForUpdate
INFO: Product not eligible for update: Cereale pentru micul dejun Corn Flakes Nestle, 500 g
Jun 14, 2023 9:55:12 PM Proiect.MDS.web.shopScraping.LogProductDetails logProductNotEligibleForUpdate
INFO: Product not eligible for update: Supa de pui cu fidea Maggi, 48g
Jun 14, 2023 9:55:14 PM Proiect.MDS.web.shopScraping.LogProductDetails logProductUpdate
INFO: Product updated in database: Baton Lion cu ciocolata 42 g
Jun 14, 2023 9:55:20 PM Proiect.MDS.web.shopScraping.LogProductDetails logProductNotEligibleForUpdate
INFO: Product not eligible for update: Bors cu legume Maggi 70 g
Jun 14, 2023 9:55:22 PM Proiect.MDS.web.shopScraping.LogProductDetails logProductNotEligibleForUpdate
INFO: Product not eligible for update: Baton de cereale pentru micul dejun Chocapic Nestle, 25 g
Jun 14, 2023 9:55:24 PM Proiect.MDS.web.shopScraping.LogProductDetails logProductUpdate
INFO: Product updated in database: Cereale Honey Cheerios Nestle, 250 g
Jun 14, 2023 9:55:30 PM Proiect.MDS.web.shopScraping.LogProductDetails logProductUpdate
INFO: Product updated in database: Cacao instant cu vitamine Nestle Nesquik, 200g
Jun 14, 2023 9:55:32 PM Proiect.MDS.web.shopScraping.LogProductDetails logProductUpdate
INFO: Product updated in database: Cacao instant cu vitamine Nestle Nesquik, 400 g
Jun 14, 2023 9:55:35 PM Proiect.MDS.web.shopScraping.LogProductDetails logProductNotEligibleForUpdate
INFO: Product not eligible for update: Baza pentru mancare Maggi cu gust de gaina, 75g
Jun 14, 2023 9:55:36 PM Proiect.MDS.web.shopScraping.LogProductDetails logProductNotEligibleForUpdate
INFO: Product not eligible for update: Mix pentru paste bolognese Maggi Ideea Zilei, 60g
Jun 14, 2023 9:55:41 PM Proiect.MDS.web.shopScraping.LogProductDetails logProductNotEligibleForUpdate
INFO: Product not eligible for update: Lapte de consum UHT Fulga, 1.5% grasime, 1 l
Jun 14, 2023 9:55:43 PM Proiect.MDS.web.shopScraping.LogProductDetails logProductNotEligibleForUpdate
INFO: Product not eligible for update: Cafea instant Nescafe Brasero, 200g
Jun 14, 2023 9:55:50 PM Proiect.MDS.web.shopScraping.LogProductDetails logProductNotEligibleForUpdate
INFO: Product not eligible for update: Cafea solubila Nescafe Brasero, 50g
Jun 14, 2023 9:55:58 PM Proiect.MDS.web.shopScraping.LogProductDetails logProductNotEligibleForUpdate
INFO: Product not eligible for update: Unt de masa, Albalact, 65% grasime, 200 g
Jun 14, 2023 9:56:08 PM Proiect.MDS.web.shopScraping.LogProductDetails logProductNotEligibleForUpdate
INFO: Product not eligible for update: Masline verzi Defne, umplute cu gogosari, 720 ml
Jun 14, 2023 9:56:10 PM Proiect.MDS.web.shopScraping.LogProductDetails logProductNotEligibleForUpdate
INFO: Product not eligible for update: Masline negre dietetice Defne, 400 g
Jun 14, 2023 9:56:14 PM Proiect.MDS.web.shopScraping.LogProductDetails logProductNotEligibleForUpdate
INFO: Product not eligible for update: Gogosari in otet Defne, 650 g
Jun 14, 2023 9:56:18 PM Proiect.MDS.web.shopScraping.LogProductDetails logProductNotEligibleForUpdate
INFO: Product not eligible for update: Masline negre Defne, 250 g
Jun 14, 2023 9:56:19 PM Proiect.MDS.web.shopScraping.LogProductDetails logProductNotEligibleForUpdate
INFO: Product not eligible for update: Ardei kapia copt Defne, 690 g
Jun 14, 2023 9:56:22 PM Proiect.MDS.web.shopScraping.LogProductDetails logProductNotEligibleForUpdate
INFO: Product not eligible for update: Masline negre Defne, in saramura, 500 g
Jun 14, 2023 9:56:25 PM Proiect.MDS.web.shopScraping.LogProductDetails logProductUpdate
INFO: Product updated in database: Cafea macinata si prajita Lavazza Qualita Oro, 250 g
Jun 14, 2023 9:56:33 PM Proiect.MDS.web.shopScraping.LogProductDetails logProductNotEligibleForUpdate
INFO: Product not eligible for update: Cafea macinata decafeinizata Lavazza, 250 g
Jun 14, 2023 9:56:35 PM Proiect.MDS.web.shopScraping.LogProductDetails logProductUpdate
INFO: Product updated in database: Zahar Cristal Margaritar, 1 kg
Jun 14, 2023 9:56:37 PM Proiect.MDS.web.shopScraping.LogProductDetails logProductNotEligibleForUpdate
INFO: Product not eligible for update: Cafea macinata si prajita Lavazza Crema Gusto, 250 g
Jun 14, 2023 9:56:41 PM Proiect.MDS.web.shopScraping.LogProductDetails logProductNotEligibleForUpdate
INFO: Product not eligible for update: Cafea macinata si prajita Lavazza Qualita Rossa, 250 g
Jun 14, 2023 9:56:43 PM Proiect.MDS.web.shopScraping.LogProductDetails logProductNotEligibleForUpdate
INFO: Product not eligible for update: Crema de branza natur Exquisa, 200 g
Jun 14, 2023 9:56:46 PM Proiect.MDS.web.shopScraping.LogProductDetails logProductNotEligibleForUpdate
INFO: Product not eligible for update: Budinca Zott Liegeois cu ciocolata si frisca 175 g
Jun 14, 2023 9:56:48 PM Proiect.MDS.web.shopScraping.LogProductDetails logProductNotEligibleForUpdate
INFO: Product not eligible for update: Iaurt cu fructe Zott, 150 g
Jun 14, 2023 9:56:50 PM Proiect.MDS.web.shopScraping.LogProductDetails logProductNotEligibleForUpdate
INFO: Product not eligible for update: Branza cu mucegai albastru Bergarder Gran Bavarese, 100 g
Jun 14, 2023 9:56:51 PM Proiect.MDS.web.shopScraping.LogProductDetails logProductNotEligibleForUpdate
INFO: Product not eligible for update: Cascaval Delaco Sofia, 450 g
Jun 14, 2023 9:56:53 PM Proiect.MDS.web.shopScraping.LogProductDetails logProductNotEligibleForUpdate
INFO: Product not eligible for update: Oua de gaina, Rikado, marime L, cod 2, 10 bucati
Jun 14, 2023 9:56:54 PM Proiect.MDS.web.shopScraping.LogProductDetails logProductNotEligibleForUpdate
INFO: Product not eligible for update: Oua de gaina, Qualisimo, marime M, cod 3, 30 bucati
Jun 14, 2023 9:57:00 PM Proiect.MDS.web.shopScraping.LogProductDetails logProductNotEligibleForUpdate
INFO: Product not eligible for update: Branza rotita Bergader Bavaria Blu, 150 g
Jun 14, 2023 9:57:04 PM Proiect.MDS.web.shopScraping.LogProductDetails logProductNotEligibleForUpdate
INFO: Product not eligible for update: Ketchup dulce La Minut, 480 g
Jun 14, 2023 9:57:06 PM Proiect.MDS.web.shopScraping.LogProductDetails logProductNotEligibleForUpdate
INFO: Product not eligible for update: Dots Natur display, 30 g
Jun 14, 2023 9:57:10 PM Proiect.MDS.web.shopScraping.LogProductDetails logProductNotEligibleForUpdate
INFO: Product not eligible for update: Spanac ECO Auchan, 600g
Jun 14, 2023 9:57:12 PM Proiect.MDS.web.shopScraping.LogProductDetails logProductNotEligibleForUpdate
INFO: Product not eligible for update: Ketchup picant La Minut, 480 g
Jun 14, 2023 9:57:19 PM Proiect.MDS.web.shopScraping.LogProductDetails logProductUpdate
INFO: Product updated in database: Ketchup dulce Tomi, 500 g
Jun 14, 2023 9:57:21 PM Proiect.MDS.web.shopScraping.LogProductDetails logProductNotEligibleForUpdate
INFO: Product not eligible for update: Foietaj Auchan cu legume, 400 g
