Jun 15, 2023 4:14:29 AM Proiect.MDS.web.shopScraping.ProductScraper getProductDetails
WARNING: No name or price found for product at URL: https://www.auchan.ro/pate-de-sprot-defish-175-g/p
Jun 15, 2023 4:14:50 AM Proiect.MDS.web.shopScraping.ProductScraper getProductDetails
WARNING: No name or price found for product at URL: https://www.auchan.ro/amestec-de-legume-cu-orez-mexico-mix-bonduelle-400g/p
Jun 15, 2023 4:15:02 AM Proiect.MDS.web.shopScraping.ProductScraper getProductDetails
WARNING: No name or price found for product at URL: https://www.auchan.ro/porumb-dulce-boabe-bonduelle-170-g/p
Jun 15, 2023 4:15:14 AM Proiect.MDS.web.shopScraping.ProductScraper getProductDetails
WARNING: No name or price found for product at URL: https://www.auchan.ro/sprot-afumat-in-ulei-defish-150-g-18-bucati/p
Jun 15, 2023 4:15:31 AM Proiect.MDS.web.shopScraping.ProductScraper getProductDetails
WARNING: No name or price found for product at URL: https://www.auchan.ro/fasole-rosie-bonduelle-425-ml/p
Jun 15, 2023 4:15:59 AM Proiect.MDS.web.shopScraping.ProductScraper getProductDetails
WARNING: No name or price found for product at URL: https://www.auchan.ro/porumb-boabe-bonduelle-dulce-340-g/p
Jun 15, 2023 4:17:24 AM Proiect.MDS.web.shopScraping.ProductScraper getProductDetails
WARNING: No name or price found for product at URL: https://www.auchan.ro/mix-de-condimente-fuchs-pentru-sarmale-25g/p
Jun 15, 2023 4:17:51 AM Proiect.MDS.web.shopScraping.ProductScraper getProductDetails
WARNING: No name or price found for product at URL: https://www.auchan.ro/mix-condimente-pentru-vin-fiert-fuchs-15-g/p
Jun 15, 2023 4:18:33 AM Proiect.MDS.web.shopScraping.ProductScraper getProductDetails
WARNING: No name or price found for product at URL: https://www.auchan.ro/condiment-pentru-muraturi-fuchs-rezerva-60g/p
Jun 15, 2023 4:18:49 AM Proiect.MDS.web.shopScraping.ProductScraper getProductDetails
WARNING: No name or price found for product at URL: https://www.auchan.ro/condiment-pentru-muraturi-cosmin-20g/p
Jun 15, 2023 4:19:33 AM Proiect.MDS.web.shopScraping.ProductScraper getProductDetails
WARNING: No name or price found for product at URL: https://www.auchan.ro/arpacas-atifco-100--natural-1-kg/p
Jun 15, 2023 4:19:40 AM Proiect.MDS.web.shopScraping.ProductScraper getProductDetails
WARNING: No name or price found for product at URL: https://www.auchan.ro/orez-camolino-atifco-bob-rotund-1-kg/p
Jun 15, 2023 4:19:50 AM Proiect.MDS.web.shopScraping.ProductScraper getProductDetails
WARNING: No name or price found for product at URL: https://www.auchan.ro/orez-bob-rotund-atifco-1-kg/p
Jun 15, 2023 4:20:15 AM Proiect.MDS.web.shopScraping.ProductScraper getProductDetails
WARNING: No name or price found for product at URL: https://www.auchan.ro/orez-prefiert-gama-premium-atifco-1-kg/p
Jun 15, 2023 4:20:45 AM Proiect.MDS.web.shopScraping.ProductScraper getProductDetails
WARNING: No name or price found for product at URL: https://www.auchan.ro/zahar-la-punga-de-hartie-diamant-1-kg/p
Jun 15, 2023 4:22:48 AM Proiect.MDS.web.shopScraping.ProductScraper getProductDetails
WARNING: No name or price found for product at URL: https://www.auchan.ro/fulgi-pentru-piure-de-cartofi-malita-100-g/p
Jun 15, 2023 4:23:02 AM Proiect.MDS.web.shopScraping.ProductScraper getProductDetails
WARNING: No name or price found for product at URL: https://www.auchan.ro/cacao-olanda-malita-50-g/p
Jun 15, 2023 4:24:46 AM Proiect.MDS.web.shopScraping.ProductScraper getProductDetails
WARNING: No name or price found for product at URL: https://www.auchan.ro/biscuiti-alka-glazurati-cu-cacao-180-g/p
Jun 15, 2023 4:26:31 AM Proiect.MDS.web.shopScraping.ProductScraper getProductDetails
WARNING: No name or price found for product at URL: https://www.auchan.ro/cereale-pentru-micul-dejun-cu-miere-si-arahide-corn-flakes-nestle-250g/p
Jun 15, 2023 4:27:07 AM Proiect.MDS.web.shopScraping.ProductScraper getProductDetails
WARNING: No name or price found for product at URL: https://www.auchan.ro/capuccino-la-festa-cu-vanilie-125-g/p
Jun 15, 2023 4:27:52 AM Proiect.MDS.web.shopScraping.ProductScraper getProductDetails
WARNING: No name or price found for product at URL: https://www.auchan.ro/ciocolata-calda-la-festa-alba-250-g/p
Jun 15, 2023 4:27:55 AM Proiect.MDS.web.shopScraping.ProductScraper getProductDetails
WARNING: No name or price found for product at URL: https://www.auchan.ro/ciocolata-calda-la-festa-cu-caramel-250-g/p
Jun 15, 2023 4:28:18 AM Proiect.MDS.web.shopScraping.ProductScraper getProductDetails
WARNING: No name or price found for product at URL: https://www.auchan.ro/ceai-verde-celmar-30-g/p
Jun 15, 2023 4:28:46 AM Proiect.MDS.web.shopScraping.ProductScraper getProductDetails
WARNING: No name or price found for product at URL: https://www.auchan.ro/ceai-de-menta-celmar-30-g/p
Jun 15, 2023 4:29:00 AM Proiect.MDS.web.shopScraping.ProductScraper getProductDetails
WARNING: No name or price found for product at URL: https://www.auchan.ro/lapte-de-consum-uht-fulga-3-5-grasime-1-l/p
Jun 15, 2023 4:29:25 AM Proiect.MDS.web.shopScraping.ProductScraper getProductDetails
WARNING: No name or price found for product at URL: https://www.auchan.ro/ciocolata-calda-la-festa-clasic-250-g/p
Jun 15, 2023 4:29:34 AM Proiect.MDS.web.shopScraping.ProductScraper getProductDetails
WARNING: No name or price found for product at URL: https://www.auchan.ro/smanatana-albalact-12-grasime-200-g/p
Jun 15, 2023 4:30:04 AM Proiect.MDS.web.shopScraping.ProductScraper getProductDetails
WARNING: No name or price found for product at URL: https://www.auchan.ro/sare-iodata-defne-extrafina-recristalizata-1-kg/p
Jun 15, 2023 4:30:14 AM Proiect.MDS.web.shopScraping.ProductScraper getProductDetails
WARNING: No name or price found for product at URL: https://www.auchan.ro/sprot-in-sos-tomat-merve-170-g/p
Jun 15, 2023 4:30:26 AM Proiect.MDS.web.shopScraping.ProductScraper getProductDetails
WARNING: No name or price found for product at URL: https://www.auchan.ro/otet-alimentar-defne-1-l/p
Jun 15, 2023 4:30:28 AM Proiect.MDS.web.shopScraping.ProductScraper getProductDetails
WARNING: No name or price found for product at URL: https://www.auchan.ro/sprot-afumat-in-ulei-merve-170-g/p
Jun 15, 2023 4:30:36 AM Proiect.MDS.web.shopScraping.ProductScraper getProductDetails
WARNING: No name or price found for product at URL: https://www.auchan.ro/zahar-pudra-margaritar-500-g/p
Jun 15, 2023 4:31:02 AM Proiect.MDS.web.shopScraping.ProductScraper getProductDetails
WARNING: No name or price found for product at URL: https://www.auchan.ro/sos-de-ardei-iute-heinz-hot-chilli-250-ml/p
Jun 15, 2023 4:31:20 AM Proiect.MDS.web.shopScraping.ProductScraper getProductDetails
WARNING: No name or price found for product at URL: https://www.auchan.ro/margarina-unirea-original-4-x-250-g/p
Jun 15, 2023 4:31:27 AM Proiect.MDS.web.shopScraping.ProductScraper getProductDetails
WARNING: No name or price found for product at URL: https://www.auchan.ro/legume-de-primavara-auchan-1kg/p
Jun 15, 2023 4:31:32 AM Proiect.MDS.web.shopScraping.ProductScraper getProductDetails
WARNING: No name or price found for product at URL: https://www.auchan.ro/fasole-verde-eco-auchan-600g/p
Jun 15, 2023 4:31:35 AM Proiect.MDS.web.shopScraping.ProductScraper getProductDetails
WARNING: No name or price found for product at URL: https://www.auchan.ro/foietaj-auchan-cu-branza-de-capra-400-g/p
Jun 15, 2023 4:31:42 AM Proiect.MDS.web.shopScraping.ProductScraper getProductDetails
WARNING: No name or price found for product at URL: https://www.auchan.ro/foietaj-auchan-cu-jambon-si-emmental-400-g/p
Jun 15, 2023 4:31:47 AM Proiect.MDS.web.shopScraping.ProductScraper getProductDetails
WARNING: No name or price found for product at URL: https://www.auchan.ro/foietaj-auchan-cu-spanac-si-branza-de-capra-400-g/p
Jun 15, 2023 4:31:49 AM Proiect.MDS.web.shopScraping.ProductScraper getProductDetails
WARNING: No name or price found for product at URL: https://www.auchan.ro/clatite-cu-jambon-si-emmental-auchan-300-g/p
Jun 15, 2023 4:31:53 AM Proiect.MDS.web.shopScraping.ProductScraper getProductDetails
WARNING: No name or price found for product at URL: https://www.auchan.ro/clatite-auchan-cu-emmental-300-g/p
Jun 15, 2023 4:32:22 AM Proiect.MDS.web.shopScraping.ProductScraper getProductDetails
WARNING: No name or price found for product at URL: https://www.auchan.ro/mustar-bunatati-de-la-bunica-fin-500g/p
Jun 15, 2023 4:33:11 AM Proiect.MDS.web.shopScraping.ProductScraper getProductDetails
WARNING: No name or price found for product at URL: https://www.auchan.ro/cafea-solubila-nescafe-brasero-60-x-1-8-g/p
Jun 15, 2023 4:39:12 AM Proiect.MDS.web.shopScraping.ProductScraper getProductDetails
WARNING: No name or price found for product at URL: https://www.auchan.ro/paste-fainoase-pambac-fidea-cuiburi-200-g/p
Jun 15, 2023 4:39:14 AM Proiect.MDS.web.shopScraping.ProductScraper getProductDetails
WARNING: No name or price found for product at URL: https://www.auchan.ro/taitei-cuiburi-pambac-200-g/p
Jun 15, 2023 4:39:16 AM Proiect.MDS.web.shopScraping.ProductScraper getProductDetails
WARNING: No name or price found for product at URL: https://www.auchan.ro/paste-scoici-pambac-400-g/p
Jun 15, 2023 4:39:58 AM Proiect.MDS.web.shopScraping.ProductScraper getProductDetails
WARNING: No name or price found for product at URL: https://www.auchan.ro/lapte-de-vaca-uht-ladorna-0-1-grasime-1-l/p
Jun 15, 2023 4:40:34 AM Proiect.MDS.web.shopScraping.ProductScraper getProductDetails
WARNING: No name or price found for product at URL: https://www.auchan.ro/smantana-big-panda-20-grasime-300-g/p
Jun 15, 2023 4:40:37 AM Proiect.MDS.web.shopScraping.ProductScraper getProductDetails
WARNING: No name or price found for product at URL: https://www.auchan.ro/smantana-big-panda-20-grasime-850-g/p
Jun 15, 2023 4:42:44 AM Proiect.MDS.web.shopScraping.ProductScraper getProductDetails
WARNING: No name or price found for product at URL: https://www.auchan.ro/grill-vegetal-cris-tim-250-g/p
Jun 15, 2023 4:42:53 AM Proiect.MDS.web.shopScraping.ProductScraper getProductDetails
WARNING: No name or price found for product at URL: https://www.auchan.ro/salam-de-casa-cris-tim-400-g/p
Jun 15, 2023 4:43:16 AM Proiect.MDS.web.shopScraping.ProductScraper getProductDetails
WARNING: No name or price found for product at URL: https://www.auchan.ro/inghetata-de-vanilie-cu-toping-de-caise-fulg-de-nea-500-ml/p
Jun 15, 2023 4:43:25 AM Proiect.MDS.web.shopScraping.ProductScraper getProductDetails
WARNING: No name or price found for product at URL: https://www.auchan.ro/inghetata-cu-vanilie-si-topping-de-caramel-fulg-de-nea-500-ml/p
Jun 15, 2023 4:44:05 AM Proiect.MDS.web.shopScraping.ProductScraper getProductDetails
WARNING: No name or price found for product at URL: https://www.auchan.ro/faina-alba-000-baneasa-2-kg/p
Jun 15, 2023 4:45:29 AM Proiect.MDS.web.shopScraping.ProductScraper getProductDetails
WARNING: No name or price found for product at URL: https://www.auchan.ro/inghetata-pe-bat-cu-ciocolata-pinguin-120-ml/p
Jun 15, 2023 4:45:44 AM Proiect.MDS.web.shopScraping.ProductScraper getProductDetails
WARNING: No name or price found for product at URL: https://www.auchan.ro/inghetata-cu-aroma-de-frisca-si-topping-de-ciocolata-elion-5-l/p
Jun 15, 2023 4:46:16 AM Proiect.MDS.web.shopScraping.ProductScraper getProductDetails
WARNING: No name or price found for product at URL: https://www.auchan.ro/inghetata-cu-cacao-elion-5-l/p
Jun 15, 2023 4:47:19 AM Proiect.MDS.web.shopScraping.ProductScraper getProductDetails
WARNING: No name or price found for product at URL: https://www.auchan.ro/cocktail-fructe-deshidratate-orlandos-500-g/p
Jun 15, 2023 4:47:49 AM Proiect.MDS.web.shopScraping.ProductScraper getProductDetails
WARNING: No name or price found for product at URL: https://www.auchan.ro/baton-cu-ciocolata-heidi-crispy-milk-30-g/p
Jun 15, 2023 4:48:17 AM Proiect.MDS.web.shopScraping.ProductScraper getProductDetails
WARNING: No name or price found for product at URL: https://www.auchan.ro/pasta-vegetala-campofrio-cu-ciuperci-150-g/p
Jun 15, 2023 4:48:20 AM Proiect.MDS.web.shopScraping.ProductScraper getProductDetails
WARNING: No name or price found for product at URL: https://www.auchan.ro/salam-cu-sunca-taranesc-aldis-500-g/p
Jun 15, 2023 4:48:23 AM Proiect.MDS.web.shopScraping.ProductScraper getProductDetails
WARNING: No name or price found for product at URL: https://www.auchan.ro/pasta-vegetala-campofrio-cu-ardei-150-g/p
Jun 15, 2023 4:48:44 AM Proiect.MDS.web.shopScraping.ProductScraper getProductDetails
WARNING: No name or price found for product at URL: https://www.auchan.ro/macrou-file-in-sos-de-rosii-king-oscar-170g/p
Jun 15, 2023 4:50:20 AM Proiect.MDS.web.shopScraping.ProductScraper getProductDetails
WARNING: No name or price found for product at URL: https://www.auchan.ro/bomboane-gumate-haribo-soft-barchen-100g/p
Jun 15, 2023 4:50:39 AM Proiect.MDS.web.shopScraping.ProductScraper getProductDetails
WARNING: No name or price found for product at URL: https://www.auchan.ro/macrou-in-ulei-king-oscar-170g/p
Jun 15, 2023 4:50:44 AM Proiect.MDS.web.shopScraping.ProductScraper getProductDetails
WARNING: No name or price found for product at URL: https://www.auchan.ro/pasta-vegetala-campofrio-cu-masline-150-g/p
Jun 15, 2023 4:51:04 AM Proiect.MDS.web.shopScraping.ProductScraper getProductDetails
WARNING: No name or price found for product at URL: https://www.auchan.ro/iaurt-cu-fructe-zuzu-aroma-de-fructe-de-padure-400-g/p
Jun 15, 2023 4:51:10 AM Proiect.MDS.web.shopScraping.ProductScraper getProductDetails
WARNING: No name or price found for product at URL: https://www.auchan.ro/kefir-zuzu-320-g/p
Jun 15, 2023 4:51:23 AM Proiect.MDS.web.shopScraping.ProductScraper getProductDetails
WARNING: No name or price found for product at URL: https://www.auchan.ro/kefir-zuzu-cu-aroma-de-lamaie-si-lime-2-6-grasime-320-g/p
Jun 15, 2023 4:51:38 AM Proiect.MDS.web.shopScraping.ProductScraper getProductDetails
WARNING: No name or price found for product at URL: https://www.auchan.ro/kefir-zuzu-cu-aroma-de-visine-si-hibiscus-2-6-grasime-320-g/p
Jun 15, 2023 4:51:41 AM Proiect.MDS.web.shopScraping.ProductScraper getProductDetails
WARNING: No name or price found for product at URL: https://www.auchan.ro/sana-natura-900-g/p
Jun 15, 2023 4:51:43 AM Proiect.MDS.web.shopScraping.ProductScraper getProductDetails
WARNING: No name or price found for product at URL: https://www.auchan.ro/branza-de-vaci-natura-proaspata-250-g/p
Jun 15, 2023 4:51:45 AM Proiect.MDS.web.shopScraping.ProductScraper getProductDetails
WARNING: No name or price found for product at URL: https://www.auchan.ro/iaurt-natura-200-g/p
Jun 15, 2023 4:52:32 AM Proiect.MDS.web.shopScraping.ProductScraper getProductDetails
WARNING: No name or price found for product at URL: https://www.auchan.ro/sardine-baltice-in-ulei-king-oscar-110g/p
Jun 15, 2023 5:02:52 AM Proiect.MDS.web.shopScraping.ProductScraper getProductDetails
WARNING: No name or price found for product at URL: https://www.auchan.ro/smantana-cremoasa-muller-20-grasime-200-g/p
Jun 15, 2023 5:04:04 AM Proiect.MDS.web.shopScraping.ProductScraper getProductDetails
WARNING: No name or price found for product at URL: https://www.auchan.ro/kefir-zuzu-cu-aroma-de-capsuni-si-menta-2-6-grasime-320-g/p
Jun 15, 2023 5:05:24 AM Proiect.MDS.web.shopScraping.ProductScraper getProductDetails
WARNING: No name or price found for product at URL: https://www.auchan.ro/inghetata-cu-cacao-si-vanilie-anca-800-ml/p
Jun 15, 2023 5:05:32 AM Proiect.MDS.web.shopScraping.ProductScraper getProductDetails
WARNING: No name or price found for product at URL: https://www.auchan.ro/salam-de-casa-cris-tim-400-g-20-gratis/p
Jun 15, 2023 5:05:35 AM Proiect.MDS.web.shopScraping.ProductScraper getProductDetails
WARNING: No name or price found for product at URL: https://www.auchan.ro/salam-victoria-cris-tim-800-g-20-gratis/p
Jun 15, 2023 5:05:39 AM Proiect.MDS.web.shopScraping.ProductScraper getProductDetails
WARNING: No name or price found for product at URL: https://www.auchan.ro/sunca-praga-cris-tim-100-g-20-gratis/p
Jun 15, 2023 5:05:42 AM Proiect.MDS.web.shopScraping.ProductScraper getProductDetails
WARNING: No name or price found for product at URL: https://www.auchan.ro/crenvursti-din-piept-de-pui-cris-tim-270-g-20-gratis/p
Jun 15, 2023 5:06:21 AM Proiect.MDS.web.shopScraping.ProductScraper getProductDetails
WARNING: No name or price found for product at URL: https://www.auchan.ro/specialitate-vitros-aroma-edam-400-g/p
Jun 15, 2023 5:06:45 AM Proiect.MDS.web.shopScraping.ProductScraper getProductDetails
WARNING: No name or price found for product at URL: https://www.auchan.ro/sos-usturoi-univer-420-g/p
Jun 15, 2023 5:07:02 AM Proiect.MDS.web.shopScraping.ProductScraper getProductDetails
WARNING: No name or price found for product at URL: https://www.auchan.ro/sos-remoulade-univer-420-g/p
Jun 15, 2023 5:07:04 AM Proiect.MDS.web.shopScraping.ProductScraper getProductDetails
WARNING: No name or price found for product at URL: https://www.auchan.ro/sos-maioneza-univer-420-g/p
Jun 15, 2023 5:07:19 AM Proiect.MDS.web.shopScraping.ProductScraper getProductDetails
WARNING: No name or price found for product at URL: https://www.auchan.ro/sos-maioneza-univer-380-g/p
Jun 15, 2023 5:08:48 AM Proiect.MDS.web.shopScraping.ProductScraper getProductDetails
WARNING: No name or price found for product at URL: https://www.auchan.ro/amestec-tartinabil-sarat-lurpak-2-200-g/p
Jun 15, 2023 5:08:51 AM Proiect.MDS.web.shopScraping.ProductScraper getProductDetails
WARNING: No name or price found for product at URL: https://www.auchan.ro/orez-bob-cu-bob-mare-riso-scotti-25-kg/p
Jun 15, 2023 5:08:57 AM Proiect.MDS.web.shopScraping.ProductScraper getProductDetails
WARNING: No name or price found for product at URL: https://www.auchan.ro/orez-hakumaki-sushi-riso-scotti-500-g/p
Jun 15, 2023 5:09:00 AM Proiect.MDS.web.shopScraping.ProductScraper getProductDetails
WARNING: No name or price found for product at URL: https://www.auchan.ro/amestec-tartinabil-sarat---nesarat-lurpak-2-200-g/p
Jun 15, 2023 5:09:16 AM Proiect.MDS.web.shopScraping.ProductScraper getProductDetails
WARNING: No name or price found for product at URL: https://www.auchan.ro/cafea-macinata-si-prajita-costa-coffee-2-x-200-g-cana/p
Jun 15, 2023 5:09:25 AM Proiect.MDS.web.shopScraping.ProductScraper getProductDetails
WARNING: No name or price found for product at URL: https://www.auchan.ro/cozonac-casa-boromir-cu-crema-de-nuci-si-ciocolata-550-g/p
Jun 15, 2023 5:09:27 AM Proiect.MDS.web.shopScraping.ProductScraper getProductDetails
WARNING: No name or price found for product at URL: https://www.auchan.ro/cozonac-casa-boromir-cu-crema-de-nuci-si-cirese-confiate-550-g/p
Jun 15, 2023 5:09:30 AM Proiect.MDS.web.shopScraping.ProductScraper getProductDetails
WARNING: No name or price found for product at URL: https://www.auchan.ro/cozonac-boromir-cu-nuca-stafide-si-portocale-confiate-550-g/p
Jun 15, 2023 5:09:33 AM Proiect.MDS.web.shopScraping.ProductScraper getProductDetails
WARNING: No name or price found for product at URL: https://www.auchan.ro/tort-boromir-cu-ciocolata-600-g/p
Jun 15, 2023 5:09:38 AM Proiect.MDS.web.shopScraping.ProductScraper getProductDetails
WARNING: No name or price found for product at URL: https://www.auchan.ro/tort-boromir-cu-lapte-600-g/p
Jun 15, 2023 5:09:40 AM Proiect.MDS.web.shopScraping.ProductScraper getProductDetails
WARNING: No name or price found for product at URL: https://www.auchan.ro/tort-dobos-boromir-600-g/p
Jun 15, 2023 5:09:48 AM Proiect.MDS.web.shopScraping.ProductScraper getProductDetails
WARNING: No name or price found for product at URL: https://www.auchan.ro/sos-hrean-cu-maioneza-univer-160-g/p
Jun 15, 2023 5:09:52 AM Proiect.MDS.web.shopScraping.ProductScraper getProductDetails
WARNING: No name or price found for product at URL: https://www.auchan.ro/hrean-in-otet-de-masa-univer-190-g/p
Jun 15, 2023 5:09:56 AM Proiect.MDS.web.shopScraping.ProductScraper getProductDetails
WARNING: No name or price found for product at URL: https://www.auchan.ro/ketchup-dulce-univer-470-g/p
Jun 15, 2023 5:09:58 AM Proiect.MDS.web.shopScraping.ProductScraper getProductDetails
WARNING: No name or price found for product at URL: https://www.auchan.ro/ketchup-iute-unilever-470-g/p
Jun 15, 2023 5:10:15 AM Proiect.MDS.web.shopScraping.ProductScraper getProductDetails
WARNING: No name or price found for product at URL: https://www.auchan.ro/mustar-cu-hrean-univer-440-g/p
Jun 15, 2023 5:10:24 AM Proiect.MDS.web.shopScraping.ProductScraper getProductDetails
WARNING: No name or price found for product at URL: https://www.auchan.ro/mustar-dulce-univer-440-g/p
Jun 15, 2023 5:10:50 AM Proiect.MDS.web.shopScraping.ProductScraper getProductDetails
WARNING: No name or price found for product at URL: https://www.auchan.ro/branza-topita-cu-smantana-president-140-g/p
Jun 15, 2023 5:11:21 AM Proiect.MDS.web.shopScraping.ProductScraper getProductDetails
WARNING: No name or price found for product at URL: https://www.auchan.ro/porumb-pentru-floricele-mogyi-100-g/p
Jun 15, 2023 5:11:48 AM Proiect.MDS.web.shopScraping.ProductScraper getProductDetails
WARNING: No name or price found for product at URL: https://www.auchan.ro/cascaval-bloc-ialomita-five-continents/p
Jun 15, 2023 5:12:06 AM Proiect.MDS.web.shopScraping.ProductScraper getProductDetails
WARNING: No name or price found for product at URL: https://www.auchan.ro/fasole-cu-carnati-afumati-mandy-300-g/p
Jun 15, 2023 5:12:08 AM Proiect.MDS.web.shopScraping.ProductScraper getProductDetails
WARNING: No name or price found for product at URL: https://www.auchan.ro/iahnie-de-fasole-mandy-300-g/p
Jun 15, 2023 5:12:42 AM Proiect.MDS.web.shopScraping.ProductScraper getProductDetails
WARNING: No name or price found for product at URL: https://www.auchan.ro/popcorn-cu-unt-mogyi-microunde-100-g/p
Jun 15, 2023 5:12:49 AM Proiect.MDS.web.shopScraping.ProductScraper getProductDetails
WARNING: No name or price found for product at URL: https://www.auchan.ro/seminte-floarea-soarelui-mogyi-200-g/p
Jun 15, 2023 5:12:53 AM Proiect.MDS.web.shopScraping.ProductScraper getProductDetails
WARNING: No name or price found for product at URL: https://www.auchan.ro/snacks-cu-sare-mexicorn-mogyi-70-g/p
Jun 15, 2023 5:12:56 AM Proiect.MDS.web.shopScraping.ProductScraper getProductDetails
WARNING: No name or price found for product at URL: https://www.auchan.ro/alune-sarate-si-prajite-mogyi-85-g/p
Jun 15, 2023 5:13:07 AM Proiect.MDS.web.shopScraping.ProductScraper getProductDetails
WARNING: No name or price found for product at URL: https://www.auchan.ro/popcorn-cu-sare-microunde-mogyi-100-g/p
Jun 15, 2023 5:13:11 AM Proiect.MDS.web.shopScraping.ProductScraper getProductDetails
WARNING: No name or price found for product at URL: https://www.auchan.ro/tortellini-monte-banato-cu-carne-250-g/p
Jun 15, 2023 5:14:14 AM Proiect.MDS.web.shopScraping.ProductScraper getProductDetails
WARNING: No name or price found for product at URL: https://www.auchan.ro/paste-fainoase-ravioli-al-formaggio-monte-banato-250-g/p
Jun 15, 2023 5:14:58 AM Proiect.MDS.web.shopScraping.ProductScraper getProductDetails
WARNING: No name or price found for product at URL: https://www.auchan.ro/branza-de-vaci-danonino-cu-piure-de-capsuni-si-caise-4-50-g/p
Jun 15, 2023 5:15:20 AM Proiect.MDS.web.shopScraping.ProductScraper getProductDetails
WARNING: No name or price found for product at URL: https://www.auchan.ro/iaurt-cu-capsuni-casa-buna-100-g/p
Jun 15, 2023 5:15:43 AM Proiect.MDS.web.shopScraping.ProductScraper getProductDetails
WARNING: No name or price found for product at URL: https://www.auchan.ro/popcorn-cu-cascaval-mogyi-microunde-100-g/p
Jun 15, 2023 5:15:57 AM Proiect.MDS.web.shopScraping.ProductScraper getProductDetails
WARNING: No name or price found for product at URL: https://www.auchan.ro/pate-vegetal-mandy-original-200g/p
Jun 15, 2023 5:16:07 AM Proiect.MDS.web.shopScraping.ProductScraper getProductDetails
WARNING: No name or price found for product at URL: https://www.auchan.ro/zacusca-mandy-cu-ciuperci-300-g/p
Jun 15, 2023 5:16:14 AM Proiect.MDS.web.shopScraping.ProductScraper getProductDetails
WARNING: No name or price found for product at URL: https://www.auchan.ro/pate-de-porc-mandy-120-g/p
Jun 15, 2023 5:16:22 AM Proiect.MDS.web.shopScraping.ProductScraper getProductDetails
WARNING: No name or price found for product at URL: https://www.auchan.ro/conserva-facos-cu-carne-de-vita-300-g/p
Jun 15, 2023 5:16:24 AM Proiect.MDS.web.shopScraping.ProductScraper getProductDetails
WARNING: No name or price found for product at URL: https://www.auchan.ro/ardei-umpluti-facos-500-g/p
Jun 15, 2023 5:16:32 AM Proiect.MDS.web.shopScraping.ProductScraper getProductDetails
WARNING: No name or price found for product at URL: https://www.auchan.ro/conserva-facos-cu-gulas-de-porc-300-g/p
Jun 15, 2023 5:16:34 AM Proiect.MDS.web.shopScraping.ProductScraper getProductDetails
WARNING: No name or price found for product at URL: https://www.auchan.ro/conserva-facos-cu-gulas-de-vita-300-g/p
Jun 15, 2023 5:16:44 AM Proiect.MDS.web.shopScraping.ProductScraper getProductDetails
WARNING: No name or price found for product at URL: https://www.auchan.ro/conserva-facos-cu-fasole-boabe-cu-carnaciori-300-g/p
Jun 15, 2023 5:16:46 AM Proiect.MDS.web.shopScraping.ProductScraper getProductDetails
WARNING: No name or price found for product at URL: https://www.auchan.ro/ciorba-radauteana-facos-420-g/p
Jun 15, 2023 5:16:48 AM Proiect.MDS.web.shopScraping.ProductScraper getProductDetails
WARNING: No name or price found for product at URL: https://www.auchan.ro/conserva-facos-cu-carne-de-porc-300-g/p
Jun 15, 2023 5:16:50 AM Proiect.MDS.web.shopScraping.ProductScraper getProductDetails
WARNING: No name or price found for product at URL: https://www.auchan.ro/conserva-facos-cu-fasole-boabe-cu-costita-300-g/p
Jun 15, 2023 5:17:27 AM Proiect.MDS.web.shopScraping.ProductScraper getProductDetails
WARNING: No name or price found for product at URL: https://www.auchan.ro/biscuiti-dr-gerard-magic-cu-crema-de-frisca-900-g/p
Jun 15, 2023 5:17:44 AM Proiect.MDS.web.shopScraping.ProductScraper getProductDetails
WARNING: No name or price found for product at URL: https://www.auchan.ro/biscuiti-dr-gerard-cu-crema-de-ciocolata-1-1-kg/p
Jun 15, 2023 5:17:47 AM Proiect.MDS.web.shopScraping.ProductScraper getProductDetails
WARNING: No name or price found for product at URL: https://www.auchan.ro/piscoturi-dr-gerard-cu-gem-de-caise-si-crema-de-frisca-500-g/p
Jun 15, 2023 5:17:53 AM Proiect.MDS.web.shopScraping.ProductScraper getProductDetails
WARNING: No name or price found for product at URL: https://www.auchan.ro/paleuri-dr-gerard-cu-umplutura-de-caise-si-crema-de-frisca-820-g/p
Jun 15, 2023 5:17:56 AM Proiect.MDS.web.shopScraping.ProductScraper getProductDetails
WARNING: No name or price found for product at URL: https://www.auchan.ro/biscuiti-dr-gerard-magic-cu-crema-de-frisca-si-lamaie-900-g/p
Jun 15, 2023 5:18:51 AM Proiect.MDS.web.shopScraping.ProductScraper getProductDetails
WARNING: No name or price found for product at URL: https://www.auchan.ro/gem-de-afine-auchan-60--fructe-340-g/p
Jun 15, 2023 5:18:53 AM Proiect.MDS.web.shopScraping.ProductScraper getProductDetails
WARNING: No name or price found for product at URL: https://www.auchan.ro/gem-de-visine-auchan-60--fructe-340-g/p
Jun 15, 2023 5:18:57 AM Proiect.MDS.web.shopScraping.ProductScraper getProductDetails
WARNING: No name or price found for product at URL: https://www.auchan.ro/gem-de-caise-auchan-60--fructe-340-g/p
Jun 15, 2023 5:18:59 AM Proiect.MDS.web.shopScraping.ProductScraper getProductDetails
WARNING: No name or price found for product at URL: https://www.auchan.ro/fistic-prajit-nesarat-auchan-250-g/p
Jun 15, 2023 5:19:21 AM Proiect.MDS.web.shopScraping.ProductScraper getProductDetails
WARNING: No name or price found for product at URL: https://www.auchan.ro/fistic-copt-sunset-nuts-cu-sare-himalaya-1-kg/p
Jun 15, 2023 5:19:22 AM Proiect.MDS.web.shopScraping.ProductScraper getProductDetails
WARNING: No name or price found for product at URL: https://www.auchan.ro/rasnita-scortisoara-kotanyi-pentru-cafea-52-g/p
Jun 15, 2023 5:19:26 AM Proiect.MDS.web.shopScraping.ProductScraper getProductDetails
WARNING: No name or price found for product at URL: https://www.auchan.ro/rasnita-caramel-sarat-kotanyi-pentru-cafea-65-g/p
Jun 15, 2023 5:19:34 AM Proiect.MDS.web.shopScraping.ProductScraper getProductDetails
WARNING: No name or price found for product at URL: https://www.auchan.ro/rasnita-cacao-kotanyi-pentru-cafea-63-g/p
Jun 15, 2023 5:26:43 AM Proiect.MDS.web.shopScraping.ProductScraper getProductDetails
WARNING: No name or price found for product at URL: https://www.auchan.ro/nuga-cindrel-cu-stafide-si-cocos-50-g/p
Jun 15, 2023 5:26:49 AM Proiect.MDS.web.shopScraping.ProductScraper getProductDetails
WARNING: No name or price found for product at URL: https://www.auchan.ro/nuga-cindrel-cu-arahide-50-g/p
Jun 15, 2023 5:26:53 AM Proiect.MDS.web.shopScraping.ProductScraper getProductDetails
WARNING: No name or price found for product at URL: https://www.auchan.ro/nuga-cindrel-cu-coacaze-negre-50-g/p
Jun 15, 2023 5:27:03 AM Proiect.MDS.web.shopScraping.ProductScraper getProductDetails
WARNING: No name or price found for product at URL: https://www.auchan.ro/chipsuri-cu-sare-de-mare-chio-220-g/p
Jun 15, 2023 5:27:24 AM Proiect.MDS.web.shopScraping.ProductScraper getProductDetails
WARNING: No name or price found for product at URL: https://www.auchan.ro/cacao-pudra-van-houten-250-g/p
Jun 15, 2023 5:27:26 AM Proiect.MDS.web.shopScraping.ProductScraper getProductDetails
WARNING: No name or price found for product at URL: https://www.auchan.ro/cacao-pudra-van-houten-tin-230-g/p
Jun 15, 2023 5:28:14 AM Proiect.MDS.web.shopScraping.ProductScraper getProductDetails
WARNING: No name or price found for product at URL: https://www.auchan.ro/boia-de-ardei-dulce-colonial-500-g/p
Jun 15, 2023 5:28:17 AM Proiect.MDS.web.shopScraping.ProductScraper getProductDetails
WARNING: No name or price found for product at URL: https://www.auchan.ro/boia-de-ardei-iute-colonial-500-g/p
Jun 15, 2023 5:28:52 AM Proiect.MDS.web.shopScraping.ProductScraper getProductDetails
WARNING: No name or price found for product at URL: https://www.auchan.ro/humus-olympia-400-g/p
Jun 15, 2023 5:28:54 AM Proiect.MDS.web.shopScraping.ProductScraper getProductDetails
WARNING: No name or price found for product at URL: https://www.auchan.ro/varza-calita-olympia-borcan-580-ml/p
Jun 15, 2023 5:28:56 AM Proiect.MDS.web.shopScraping.ProductScraper getProductDetails
WARNING: No name or price found for product at URL: https://www.auchan.ro/vinete-coapte-olympia-borcan-580-ml/p
Jun 15, 2023 5:29:12 AM Proiect.MDS.web.shopScraping.ProductScraper getProductDetails
WARNING: No name or price found for product at URL: https://www.auchan.ro/baton-de-cereale-cu-caramel-fitness-crunchy-235-g/p
Jun 15, 2023 5:31:22 AM Proiect.MDS.web.shopScraping.ProductScraper getProductDetails
WARNING: No name or price found for product at URL: https://www.auchan.ro/calendar-advent-cupper-ceai-organic-45-g/p
Jun 15, 2023 5:32:36 AM Proiect.MDS.web.shopScraping.ProductScraper getProductDetails
WARNING: No name or price found for product at URL: https://www.auchan.ro/toba-de-ciolan-cu-boia-csardas-300-g/p
Jun 15, 2023 5:32:48 AM Proiect.MDS.web.shopScraping.ProductScraper getProductDetails
WARNING: No name or price found for product at URL: https://www.auchan.ro/caltabos-300-g/p
Jun 15, 2023 5:32:51 AM Proiect.MDS.web.shopScraping.ProductScraper getProductDetails
WARNING: No name or price found for product at URL: https://www.auchan.ro/chisca-300-g/p
Jun 15, 2023 5:32:55 AM Proiect.MDS.web.shopScraping.ProductScraper getProductDetails
WARNING: No name or price found for product at URL: https://www.auchan.ro/slanina-fiarta-si-afumata-cu-boia-500-g/p
Jun 15, 2023 5:33:17 AM Proiect.MDS.web.shopScraping.ProductScraper getProductDetails
WARNING: No name or price found for product at URL: https://www.auchan.ro/maioneza-auchan-78--400g/p
Jun 15, 2023 5:33:28 AM Proiect.MDS.web.shopScraping.ProductScraper getProductDetails
WARNING: No name or price found for product at URL: https://www.auchan.ro/hrean-ras-auchan-170g/p
Jun 15, 2023 5:33:33 AM Proiect.MDS.web.shopScraping.ProductScraper getProductDetails
WARNING: No name or price found for product at URL: https://www.auchan.ro/sfecla-rosie-cu-hrean-ras-auchan-300-g/p
Jun 15, 2023 5:33:54 AM Proiect.MDS.web.shopScraping.ProductScraper getProductDetails
WARNING: No name or price found for product at URL: https://www.auchan.ro/prune-umplute-cu-miez-de-nuca-eco-dry-fruits-transilvania-75g/p
Jun 15, 2023 5:33:59 AM Proiect.MDS.web.shopScraping.ProductScraper getProductDetails
WARNING: No name or price found for product at URL: https://www.auchan.ro/mix-de-fructe-eco-dry-fruits-transilvania-75g/p
Jun 15, 2023 5:34:04 AM Proiect.MDS.web.shopScraping.ProductScraper getProductDetails
WARNING: No name or price found for product at URL: https://www.auchan.ro/pulpa-de-macese-eco-dry-fruits-transilvania-100g/p
Jun 15, 2023 5:34:28 AM Proiect.MDS.web.shopScraping.ProductScraper getProductDetails
WARNING: No name or price found for product at URL: https://www.auchan.ro/crema-de-tofu-cu-ceapa-inedit-135g/p
Jun 15, 2023 5:34:29 AM Proiect.MDS.web.shopScraping.ProductScraper getProductDetails
WARNING: No name or price found for product at URL: https://www.auchan.ro/crema-de-tofu-cu-rosii-si-busuioc-inedit-135g/p
Jun 15, 2023 5:34:32 AM Proiect.MDS.web.shopScraping.ProductScraper getProductDetails
WARNING: No name or price found for product at URL: https://www.auchan.ro/crema-de-tofu-cu-masline-inedit-135g/p
Jun 15, 2023 5:35:00 AM Proiect.MDS.web.shopScraping.ProductScraper getProductDetails
WARNING: No name or price found for product at URL: https://www.auchan.ro/pachet-monte-banato-cu-trei-feluri-de-paste-1-1-kg/p
Jun 15, 2023 5:35:02 AM Proiect.MDS.web.shopScraping.ProductScraper getProductDetails
WARNING: No name or price found for product at URL: https://www.auchan.ro/chipsuri-rice-up-cu-gorgonzola-si-pere-caramelizate-60-g/p
Jun 15, 2023 5:35:05 AM Proiect.MDS.web.shopScraping.ProductScraper getProductDetails
WARNING: No name or price found for product at URL: https://www.auchan.ro/chipsuri-rice-up-cu-muraturi-si-marar-60-g/p
Jun 15, 2023 5:35:07 AM Proiect.MDS.web.shopScraping.ProductScraper getProductDetails
WARNING: No name or price found for product at URL: https://www.auchan.ro/chipsuri-rice-up-cu-sare-de-mare-si-otet-60-g/p
Jun 15, 2023 5:35:11 AM Proiect.MDS.web.shopScraping.ProductScraper getProductDetails
WARNING: No name or price found for product at URL: https://www.auchan.ro/pachet-gerble-expert-dietetic-biscuiti-cu-quinoa-si-cacao-132-g-gerble-minipack-biscuiti-cu-soia-si-smochine-67-5-g/p
Jun 15, 2023 5:35:18 AM Proiect.MDS.web.shopScraping.ProductScraper getProductDetails
WARNING: No name or price found for product at URL: https://www.auchan.ro/salam-trapez-cu-manta-de-mucegai-nobil-reinert-80-g/p
Jun 15, 2023 5:35:41 AM Proiect.MDS.web.shopScraping.ProductScraper getProductDetails
WARNING: No name or price found for product at URL: https://www.auchan.ro/pate-integral-de-porc-capricii-si-delicii-3-x-115-g/p
Jun 15, 2023 5:35:43 AM Proiect.MDS.web.shopScraping.ProductScraper getProductDetails
WARNING: No name or price found for product at URL: https://www.auchan.ro/pate-integral-de-pui-capricii-si-delicii-3-x-115-g/p
Jun 15, 2023 5:35:45 AM Proiect.MDS.web.shopScraping.ProductScraper getProductDetails
WARNING: No name or price found for product at URL: https://www.auchan.ro/pate-integral-de-curcan-capricii-si-delicii-3-x-115-g/p
Jun 15, 2023 5:36:19 AM Proiect.MDS.web.shopScraping.ProductScraper getProductDetails
WARNING: No name or price found for product at URL: https://www.auchan.ro/ceai-de-fructe-belin-cu-zmeura-50--40-g-1-1/p
Jun 15, 2023 5:36:22 AM Proiect.MDS.web.shopScraping.ProductScraper getProductDetails
WARNING: No name or price found for product at URL: https://www.auchan.ro/ceai-belin-zauberer-earl-grey-40-g-1-1/p
Jun 15, 2023 5:36:26 AM Proiect.MDS.web.shopScraping.ProductScraper getProductDetails
WARNING: No name or price found for product at URL: https://www.auchan.ro/pachet-ciocolata-heidi-dark-extrem-80-g-11-40/p
Jun 15, 2023 5:36:29 AM Proiect.MDS.web.shopScraping.ProductScraper getProductDetails
WARNING: No name or price found for product at URL: https://www.auchan.ro/pachet-ciocolata-heidi-dark-intense-80-g-11-40/p
Jun 15, 2023 5:36:31 AM Proiect.MDS.web.shopScraping.ProductScraper getProductDetails
WARNING: No name or price found for product at URL: https://www.auchan.ro/pachet-ciocolata-heidi-dark-espreso-80-g-11-40/p
Jun 15, 2023 5:36:38 AM Proiect.MDS.web.shopScraping.ProductScraper getProductDetails
WARNING: No name or price found for product at URL: https://www.auchan.ro/pachet-ciocolata-heidi-dark-oran-ge-80-g-11-40/p
Jun 15, 2023 5:36:40 AM Proiect.MDS.web.shopScraping.ProductScraper getProductDetails
WARNING: No name or price found for product at URL: https://www.auchan.ro/pachet-ciocolata-heidi-dark-mint-lemon-80-g-11-40/p
Jun 15, 2023 5:36:42 AM Proiect.MDS.web.shopScraping.ProductScraper getProductDetails
WARNING: No name or price found for product at URL: https://www.auchan.ro/pachet-ciocolata-heidi-dark-blueberry-80-g-11-40/p
Jun 15, 2023 5:43:16 AM Proiect.MDS.web.shopScraping.ProductScraper getProductDetails
WARNING: No name or price found for product at URL: https://www.auchan.ro/suc-de-lamaie-limmi-bio-250-ml/p
Jun 15, 2023 5:43:17 AM Proiect.MDS.web.shopScraping.ProductScraper getProductDetails
WARNING: No name or price found for product at URL: https://www.auchan.ro/cafea-macinata-arabica-kimbo-aroma-gold-250-g/p
Jun 15, 2023 5:43:20 AM Proiect.MDS.web.shopScraping.ProductScraper getProductDetails
WARNING: No name or price found for product at URL: https://www.auchan.ro/cafea-capsule-kimbo-napoli-dolce-gusto-16-capsule/p
Jun 15, 2023 5:43:22 AM Proiect.MDS.web.shopScraping.ProductScraper getProductDetails
WARNING: No name or price found for product at URL: https://www.auchan.ro/cafea-capsule-kimbo-intenso-dolce-gusto-16-capsule/p
Jun 15, 2023 5:43:24 AM Proiect.MDS.web.shopScraping.ProductScraper getProductDetails
WARNING: No name or price found for product at URL: https://www.auchan.ro/cafea-capsule-kimbo-cortado-dolce-gusto-16-capsule/p
Jun 15, 2023 5:43:26 AM Proiect.MDS.web.shopScraping.ProductScraper getProductDetails
WARNING: No name or price found for product at URL: https://www.auchan.ro/capsule-cappuccino-kimbo-dolce-gusto-16-capsule/p
Jun 15, 2023 5:43:28 AM Proiect.MDS.web.shopScraping.ProductScraper getProductDetails
WARNING: No name or price found for product at URL: https://www.auchan.ro/cafea-capsule-kimbo-napoli-nespresso-10-capsule/p
Jun 15, 2023 5:43:34 AM Proiect.MDS.web.shopScraping.ProductScraper getProductDetails
WARNING: No name or price found for product at URL: https://www.auchan.ro/lapte-condensat-maresi-7-5-grasime-0-7-l/p
Jun 15, 2023 5:43:38 AM Proiect.MDS.web.shopScraping.ProductScraper getProductDetails
WARNING: No name or price found for product at URL: https://www.auchan.ro/capsule-cafea-cu-lapte-nescafe-dolce-gusto-30-de-capsule/p
Jun 15, 2023 5:43:42 AM Proiect.MDS.web.shopScraping.ProductScraper getProductDetails
WARNING: No name or price found for product at URL: https://www.auchan.ro/cafea-capsule-lungo-nescafe-dolce-gusto-30-de-capsule/p
Jun 15, 2023 5:43:44 AM Proiect.MDS.web.shopScraping.ProductScraper getProductDetails
WARNING: No name or price found for product at URL: https://www.auchan.ro/cafea-capsule-cortado-nescafe-dolce-gusto-30-capsule/p
Jun 15, 2023 5:43:51 AM Proiect.MDS.web.shopScraping.ProductScraper getProductDetails
WARNING: No name or price found for product at URL: https://www.auchan.ro/cafea-capsule-espresso-intenso-nescafe-dolce-gusto-30-de-capsule/p
Jun 15, 2023 5:43:57 AM Proiect.MDS.web.shopScraping.ProductScraper getProductDetails
WARNING: No name or price found for product at URL: https://www.auchan.ro/cafea-macinata-julius-meinl-2-x-500-g/p
Jun 15, 2023 5:44:02 AM Proiect.MDS.web.shopScraping.ProductScraper getProductDetails
WARNING: No name or price found for product at URL: https://www.auchan.ro/ceai-vedda-cu-gust-de-mar-si-scortisoara-75-g/p
Jun 15, 2023 5:44:07 AM Proiect.MDS.web.shopScraping.ProductScraper getProductDetails
WARNING: No name or price found for product at URL: https://www.auchan.ro/ceai-vedda-cu-macese-si-hibiscus-75-g/p
Jun 15, 2023 5:44:09 AM Proiect.MDS.web.shopScraping.ProductScraper getProductDetails
WARNING: No name or price found for product at URL: https://www.auchan.ro/ceai-vedda-multifructe-75-g/p
Jun 15, 2023 5:44:11 AM Proiect.MDS.web.shopScraping.ProductScraper getProductDetails
WARNING: No name or price found for product at URL: https://www.auchan.ro/ceai-vedda-cu-gust-de-zmeura-75-g/p
Jun 15, 2023 5:44:13 AM Proiect.MDS.web.shopScraping.ProductScraper getProductDetails
WARNING: No name or price found for product at URL: https://www.auchan.ro/ceai-vedda-cu-catina-75-g/p
Jun 15, 2023 5:44:17 AM Proiect.MDS.web.shopScraping.ProductScraper getProductDetails
WARNING: No name or price found for product at URL: https://www.auchan.ro/ceai-new-english-tea-breakfast-vintage-victorian-240-de-pliculete/p
Jun 15, 2023 5:44:23 AM Proiect.MDS.web.shopScraping.ProductScraper getProductDetails
WARNING: No name or price found for product at URL: https://www.auchan.ro/ceai-new-english-tea-afternoon-vintage-victorian-240-de-pliculete/p
Jun 15, 2023 5:44:26 AM Proiect.MDS.web.shopScraping.ProductScraper getProductDetails
WARNING: No name or price found for product at URL: https://www.auchan.ro/ceai-new-english-tea-early-grey-english-fine-tea-40-de-pliculete/p
Jun 15, 2023 5:44:28 AM Proiect.MDS.web.shopScraping.ProductScraper getProductDetails
WARNING: No name or price found for product at URL: https://www.auchan.ro/ceai-new-english-tea-beakfast-40-de-pliculete/p
Jun 15, 2023 5:44:30 AM Proiect.MDS.web.shopScraping.ProductScraper getProductDetails
WARNING: No name or price found for product at URL: https://www.auchan.ro/ceai-new-english-tea-party-mini-tin-triple-pack-70-g/p
Jun 15, 2023 5:44:33 AM Proiect.MDS.web.shopScraping.ProductScraper getProductDetails
WARNING: No name or price found for product at URL: https://www.auchan.ro/ceai-new-english-tea-retro-union-jack-mini-round-20-g/p
Jun 15, 2023 5:44:36 AM Proiect.MDS.web.shopScraping.ProductScraper getProductDetails
WARNING: No name or price found for product at URL: https://www.auchan.ro/ceai-new-english-tea-big-ben-mini-square-15-g/p
Jun 15, 2023 5:44:38 AM Proiect.MDS.web.shopScraping.ProductScraper getProductDetails
WARNING: No name or price found for product at URL: https://www.auchan.ro/ceai-new-english-tea-london-bus-mini-square-25-g/p
Jun 15, 2023 5:44:43 AM Proiect.MDS.web.shopScraping.ProductScraper getProductDetails
WARNING: No name or price found for product at URL: https://www.auchan.ro/ceai-new-english-tea-bus-big-ben-mini-square-25-g/p
Jun 15, 2023 5:44:45 AM Proiect.MDS.web.shopScraping.ProductScraper getProductDetails
WARNING: No name or price found for product at URL: https://www.auchan.ro/ceai-new-english-tea-telephone-box-mini-square-25-g/p
Jun 15, 2023 5:44:48 AM Proiect.MDS.web.shopScraping.ProductScraper getProductDetails
WARNING: No name or price found for product at URL: https://www.auchan.ro/ceai-new-english-tea-geometric-mini-tins-70-g/p
Jun 15, 2023 5:44:51 AM Proiect.MDS.web.shopScraping.ProductScraper getProductDetails
WARNING: No name or price found for product at URL: https://www.auchan.ro/ceai-new-english-tea-english-classics-mini-tin-triple-gift-pack-75-g/p
Jun 15, 2023 5:45:00 AM Proiect.MDS.web.shopScraping.ProductScraper getProductDetails
WARNING: No name or price found for product at URL: https://www.auchan.ro/ceai-rene-capsule-tip-nespresso-cu-ceai-rooibos-10-capsule/p
Jun 15, 2023 5:45:02 AM Proiect.MDS.web.shopScraping.ProductScraper getProductDetails
WARNING: No name or price found for product at URL: https://www.auchan.ro/ceai-rene-capsule-tip-nespresso-cu-ceai-verde-marrakech-10-capsule/p
Jun 15, 2023 5:45:05 AM Proiect.MDS.web.shopScraping.ProductScraper getProductDetails
WARNING: No name or price found for product at URL: https://www.auchan.ro/ceai-capsule-rene-tip-nespresso-cu-ceai-verde-si-menta-10-capsule/p
Jun 15, 2023 5:45:07 AM Proiect.MDS.web.shopScraping.ProductScraper getProductDetails
WARNING: No name or price found for product at URL: https://www.auchan.ro/cafea-instant-davidoff-rich-aroma-sticks-1-8-g-x-10/p
Jun 15, 2023 5:45:08 AM Proiect.MDS.web.shopScraping.ProductScraper getProductDetails
WARNING: No name or price found for product at URL: https://www.auchan.ro/cafea-boabe-tchibo-exclusive-100-g-x-3/p
Jun 15, 2023 5:45:11 AM Proiect.MDS.web.shopScraping.ProductScraper getProductDetails
WARNING: No name or price found for product at URL: https://www.auchan.ro/cafea-macinata-arabica-taylors-of-harrogate-columbia-227-g/p
Jun 15, 2023 5:45:13 AM Proiect.MDS.web.shopScraping.ProductScraper getProductDetails
WARNING: No name or price found for product at URL: https://www.auchan.ro/cafea-macinata-arabica-decafeinizata-taylors-of-harrogate-227-g/p
Jun 15, 2023 5:45:15 AM Proiect.MDS.web.shopScraping.ProductScraper getProductDetails
WARNING: No name or price found for product at URL: https://www.auchan.ro/cafea-boabe-taylors-of-harrogate-rich-italian-227-g/p
Jun 15, 2023 5:45:21 AM Proiect.MDS.web.shopScraping.ProductScraper getProductDetails
WARNING: No name or price found for product at URL: https://www.auchan.ro/mix-de-ceaiuri-taylors-of-harrogate-80-de-pliculete/p
Jun 15, 2023 5:45:24 AM Proiect.MDS.web.shopScraping.ProductScraper getProductDetails
WARNING: No name or price found for product at URL: https://www.auchan.ro/ceai-taylors-of-harrogate-mix-classic-collection-48-de-pliculete/p
Jun 15, 2023 5:45:29 AM Proiect.MDS.web.shopScraping.ProductScraper getProductDetails
WARNING: No name or price found for product at URL: https://www.auchan.ro/ceai-taylors-of-harrogate-mix-creation-collection-48-de-pliculete/p
Jun 15, 2023 5:46:48 AM Proiect.MDS.web.shopScraping.ProductScraper getProductDetails
WARNING: No name or price found for product at URL: https://www.auchan.ro/ceai-vedda-cu-gust-de-fructe-de-padure-si-rom-75-g/p
Jun 15, 2023 5:47:52 AM Proiect.MDS.web.shopScraping.ProductScraper getProductDetails
WARNING: No name or price found for product at URL: https://www.auchan.ro/cafea-macinata-trung-nguyen-arabica-si-robusta-250-g/p
Jun 15, 2023 5:47:55 AM Proiect.MDS.web.shopScraping.ProductScraper getProductDetails
WARNING: No name or price found for product at URL: https://www.auchan.ro/cafea-capsule-kimbo-napoli-16-capsule-intenso-16-capsule-dolce-gusto/p
Jun 15, 2023 5:48:02 AM Proiect.MDS.web.shopScraping.ProductScraper getProductDetails
WARNING: No name or price found for product at URL: https://www.auchan.ro/cafea-tchibo-barista-espresso-1-kg-lapte-uht-bardezzi-1-l/p
Jun 15, 2023 5:48:08 AM Proiect.MDS.web.shopScraping.ProductScraper getProductDetails
WARNING: No name or price found for product at URL: https://www.auchan.ro/cafea-tchibo-barista-caffe-crema-1-kg-lapte-uht-bardezzi-1-l/p
Jun 15, 2023 5:48:13 AM Proiect.MDS.web.shopScraping.ProductScraper getProductDetails
WARNING: No name or price found for product at URL: https://www.auchan.ro/paste-fusilli-barilla-1kg/p
Jun 15, 2023 5:48:24 AM Proiect.MDS.web.shopScraping.ProductScraper getProductDetails
WARNING: No name or price found for product at URL: https://www.auchan.ro/mix-de-condimente-pentru-gratar-kamis-la-tub-100g/p
Jun 15, 2023 5:48:48 AM Proiect.MDS.web.shopScraping.ProductScraper getProductDetails
WARNING: No name or price found for product at URL: https://www.auchan.ro/marar-kamis-8-g/p
Jun 15, 2023 5:49:40 AM Proiect.MDS.web.shopScraping.ProductScraper getProductDetails
WARNING: No name or price found for product at URL: https://www.auchan.ro/mustar-cu-hrean-kamis-185g/p
Jun 15, 2023 5:50:07 AM Proiect.MDS.web.shopScraping.ProductScraper getProductDetails
WARNING: No name or price found for product at URL: https://www.auchan.ro/ravioli-cu-vita-auchan-300g/p
Jun 15, 2023 5:50:09 AM Proiect.MDS.web.shopScraping.ProductScraper getProductDetails
WARNING: No name or price found for product at URL: https://www.auchan.ro/bulgur-vegetal-orien-auchan-300g/p
Jun 15, 2023 5:50:12 AM Proiect.MDS.web.shopScraping.ProductScraper getProductDetails
WARNING: No name or price found for product at URL: https://www.auchan.ro/lasagna-bolognaise-auchan-300g/p
Jun 15, 2023 5:50:17 AM Proiect.MDS.web.shopScraping.ProductScraper getProductDetails
WARNING: No name or price found for product at URL: https://www.auchan.ro/paella-cu-pui-si-fructe-de-mare-auchan-300g/p
Jun 15, 2023 5:50:18 AM Proiect.MDS.web.shopScraping.ProductScraper getProductDetails
WARNING: No name or price found for product at URL: https://www.auchan.ro/pui-a-la-creme-cu-orez-auchan-300g/p
Jun 15, 2023 5:50:21 AM Proiect.MDS.web.shopScraping.ProductScraper getProductDetails
WARNING: No name or price found for product at URL: https://www.auchan.ro/pui-curry-cu-orez-auchan-300g/p
Jun 15, 2023 5:50:26 AM Proiect.MDS.web.shopScraping.ProductScraper getProductDetails
WARNING: No name or price found for product at URL: https://www.auchan.ro/salata-cu-vita-si-cartofi-auchan-300g/p
Jun 15, 2023 5:50:33 AM Proiect.MDS.web.shopScraping.ProductScraper getProductDetails
WARNING: No name or price found for product at URL: https://www.auchan.ro/paste-carbonara-pentru-microunde-300g/p
Jun 15, 2023 5:50:49 AM Proiect.MDS.web.shopScraping.ProductScraper getProductDetails
WARNING: No name or price found for product at URL: https://www.auchan.ro/nucsoara-macinata-kamis-15-g/p
Jun 15, 2023 5:52:49 AM Proiect.MDS.web.shopScraping.ProductScraper getProductDetails
WARNING: No name or price found for product at URL: https://www.auchan.ro/tiramisu-cake-la-strada-70-g/p
Jun 15, 2023 5:52:54 AM Proiect.MDS.web.shopScraping.ProductScraper getProductDetails
WARNING: No name or price found for product at URL: https://www.auchan.ro/meringata-cake-la-strada-55-g/p
Jun 15, 2023 5:52:56 AM Proiect.MDS.web.shopScraping.ProductScraper getProductDetails
WARNING: No name or price found for product at URL: https://www.auchan.ro/prajitura-de-ciocolata-semifreddo-la-strada-2-x-75-g/p
Jun 15, 2023 5:53:00 AM Proiect.MDS.web.shopScraping.ProductScraper getProductDetails
WARNING: No name or price found for product at URL: https://www.auchan.ro/bulgur-cityfarm-500g/p
Jun 15, 2023 5:53:03 AM Proiect.MDS.web.shopScraping.ProductScraper getProductDetails
WARNING: No name or price found for product at URL: https://www.auchan.ro/linte-verde-cityfarm-500g/p
Jun 15, 2023 5:53:05 AM Proiect.MDS.web.shopScraping.ProductScraper getProductDetails
WARNING: No name or price found for product at URL: https://www.auchan.ro/bulgur-cityfarm-1kg/p
Jun 15, 2023 5:53:14 AM Proiect.MDS.web.shopScraping.ProductScraper getProductDetails
WARNING: No name or price found for product at URL: https://www.auchan.ro/pasta-de-masline-negre-cityfarm-175g/p
Jun 15, 2023 5:53:18 AM Proiect.MDS.web.shopScraping.ProductScraper getProductDetails
WARNING: No name or price found for product at URL: https://www.auchan.ro/linte-rosii-cityfarm-1kg/p
Jun 15, 2023 5:53:25 AM Proiect.MDS.web.shopScraping.ProductScraper getProductDetails
WARNING: No name or price found for product at URL: https://www.auchan.ro/otet-de-mere-cityfarm-500g/p
Jun 15, 2023 5:53:34 AM Proiect.MDS.web.shopScraping.ProductScraper getProductDetails
WARNING: No name or price found for product at URL: https://www.auchan.ro/boabe-de-naut-cityfarm-1kg/p
Jun 15, 2023 5:53:37 AM Proiect.MDS.web.shopScraping.ProductScraper getProductDetails
WARNING: No name or price found for product at URL: https://www.auchan.ro/tahini-cityfarm-350g/p
Jun 15, 2023 5:53:38 AM Proiect.MDS.web.shopScraping.ProductScraper getProductDetails
WARNING: No name or price found for product at URL: https://www.auchan.ro/pasta-de-tomate-cityfarm-650g/p
Jun 15, 2023 5:53:54 AM Proiect.MDS.web.shopScraping.ProductScraper getProductDetails
WARNING: No name or price found for product at URL: https://www.auchan.ro/mustar-de-dijon-ecologic-auchan-200g/p
Jun 15, 2023 5:53:56 AM Proiect.MDS.web.shopScraping.ProductScraper getProductDetails
WARNING: No name or price found for product at URL: https://www.auchan.ro/mustar-mi-forte-auchan-190g/p
Jun 15, 2023 5:53:58 AM Proiect.MDS.web.shopScraping.ProductScraper getProductDetails
WARNING: No name or price found for product at URL: https://www.auchan.ro/mustar-de-dijon-forte-auchan-150g/p
Jun 15, 2023 5:54:00 AM Proiect.MDS.web.shopScraping.ProductScraper getProductDetails
WARNING: No name or price found for product at URL: https://www.auchan.ro/mustar-dulce-mmm--cu-patrunjel-si-usturoi-210g/p
Jun 15, 2023 5:54:02 AM Proiect.MDS.web.shopScraping.ProductScraper getProductDetails
WARNING: No name or price found for product at URL: https://www.auchan.ro/mustar-cu-tarhon-mmm--210g/p
Jun 15, 2023 5:54:10 AM Proiect.MDS.web.shopScraping.ProductScraper getProductDetails
WARNING: No name or price found for product at URL: https://www.auchan.ro/mustar-cu-must-de-struguri-mmm-auchan-210-g/p
Jun 15, 2023 5:54:12 AM Proiect.MDS.web.shopScraping.ProductScraper getProductDetails
WARNING: No name or price found for product at URL: https://www.auchan.ro/mustar-cu-miere-mmm-auchan-235-g/p
Jun 15, 2023 5:54:55 AM Proiect.MDS.web.shopScraping.ProductScraper getProductDetails
WARNING: No name or price found for product at URL: https://www.auchan.ro/baton-cu-caramel-roshe-40g/p
Jun 15, 2023 5:55:54 AM Proiect.MDS.web.shopScraping.ProductScraper getProductDetails
WARNING: No name or price found for product at URL: https://www.auchan.ro/baton-fibrobar-r-60g/p
Jun 15, 2023 5:56:32 AM Proiect.MDS.web.shopScraping.ProductScraper getProductDetails
WARNING: No name or price found for product at URL: https://www.auchan.ro/biscuiti-kremali-cu-crema-vanilie-80-g/p
Jun 15, 2023 5:56:51 AM Proiect.MDS.web.shopScraping.ProductScraper getProductDetails
WARNING: No name or price found for product at URL: https://www.auchan.ro/ceai-belin-de-capsuni-20-x-2g/p
Jun 15, 2023 5:57:50 AM Proiect.MDS.web.shopScraping.ProductScraper getProductDetails
WARNING: No name or price found for product at URL: https://www.auchan.ro/faina-alba-superioara-din-grau-000-arpis-1-kg/p
Jun 15, 2023 5:58:28 AM Proiect.MDS.web.shopScraping.ProductScraper getProductDetails
WARNING: No name or price found for product at URL: https://www.auchan.ro/drajeuri-tic-tac-fresh-plus-cu-menta-11-9g/p
Jun 15, 2023 5:58:32 AM Proiect.MDS.web.shopScraping.ProductScraper getProductDetails
WARNING: No name or price found for product at URL: https://www.auchan.ro/drajeuri-tic-tac-fresh-plus-cu-cirese-11-9g/p
Jun 15, 2023 5:58:44 AM Proiect.MDS.web.shopScraping.ProductScraper getProductDetails
WARNING: No name or price found for product at URL: https://www.auchan.ro/napolitana-cu-lapte-giotto-fudge-brownie/p
Jun 15, 2023 5:59:47 AM Proiect.MDS.web.shopScraping.ProductScraper getProductDetails
WARNING: No name or price found for product at URL: https://www.auchan.ro/ceafa-de-porc-fara-os-pret-la-kg/p
Jun 15, 2023 5:59:49 AM Proiect.MDS.web.shopScraping.ProductScraper getProductDetails
WARNING: No name or price found for product at URL: https://www.auchan.ro/spata-de-miel-cu-os-caserola-1kg/p
Jun 15, 2023 5:59:52 AM Proiect.MDS.web.shopScraping.ProductScraper getProductDetails
WARNING: No name or price found for product at URL: https://www.auchan.ro/ceafa-de-miel-cu-os-caserola-1kg/p
Jun 15, 2023 5:59:53 AM Proiect.MDS.web.shopScraping.ProductScraper getProductDetails
WARNING: No name or price found for product at URL: https://www.auchan.ro/piept-de-miel-cu-os-caserola-3kg/p
Jun 15, 2023 5:59:57 AM Proiect.MDS.web.shopScraping.ProductScraper getProductDetails
WARNING: No name or price found for product at URL: https://www.auchan.ro/pulpa-de-miel-cu-os-intreaga-caserola-3kg/p
Jun 15, 2023 5:59:58 AM Proiect.MDS.web.shopScraping.ProductScraper getProductDetails
WARNING: No name or price found for product at URL: https://www.auchan.ro/cotlet-de-miel-cu-os-caserola-1kg/p
Jun 15, 2023 6:00:06 AM Proiect.MDS.web.shopScraping.ProductScraper getProductDetails
WARNING: No name or price found for product at URL: https://www.auchan.ro/cozonac-cu-rahat-700g/p
Jun 15, 2023 6:00:10 AM Proiect.MDS.web.shopScraping.ProductScraper getProductDetails
WARNING: No name or price found for product at URL: https://www.auchan.ro/chifle-auchan-8-x-50-g/p
Jun 15, 2023 6:01:48 AM Proiect.MDS.web.shopScraping.ProductScraper getProductDetails
WARNING: No name or price found for product at URL: https://www.auchan.ro/fusilli-cu-faina-de-grau-spelta-auchan-400g/p
Jun 15, 2023 6:01:51 AM Proiect.MDS.web.shopScraping.ProductScraper getProductDetails
WARNING: No name or price found for product at URL: https://www.auchan.ro/penne-paste-fainoase-cu-faina-de-grau-spelta-auchan-400g/p
Jun 15, 2023 6:01:54 AM Proiect.MDS.web.shopScraping.ProductScraper getProductDetails
WARNING: No name or price found for product at URL: https://www.auchan.ro/mix-de-dropsuri-caramele-si-jeleuri-cipi-400g/p
Jun 15, 2023 6:01:57 AM Proiect.MDS.web.shopScraping.ProductScraper getProductDetails
WARNING: No name or price found for product at URL: https://www.auchan.ro/bomboane-ciocolata-iepuras-si-puisori-oskar-150g/p
Jun 15, 2023 6:01:59 AM Proiect.MDS.web.shopScraping.ProductScraper getProductDetails
WARNING: No name or price found for product at URL: https://www.auchan.ro/tablete-ciocolata-paste-oskar-4-x-25-g/p
Jun 15, 2023 6:02:06 AM Proiect.MDS.web.shopScraping.ProductScraper getProductDetails
WARNING: No name or price found for product at URL: https://www.auchan.ro/pachet-paste-albeni-320-g/p
Jun 15, 2023 6:02:10 AM Proiect.MDS.web.shopScraping.ProductScraper getProductDetails
WARNING: No name or price found for product at URL: https://www.auchan.ro/praline-reber-mozart-constanze-120-g/p
Jun 15, 2023 6:02:12 AM Proiect.MDS.web.shopScraping.ProductScraper getProductDetails
WARNING: No name or price found for product at URL: https://www.auchan.ro/praline-reber-mozart-asortate-200-g/p
Jun 15, 2023 6:02:15 AM Proiect.MDS.web.shopScraping.ProductScraper getProductDetails
WARNING: No name or price found for product at URL: https://www.auchan.ro/praline-asbach-de-ciocolata-neagra-si-cognac-100-g/p
Jun 15, 2023 6:02:17 AM Proiect.MDS.web.shopScraping.ProductScraper getProductDetails
WARNING: No name or price found for product at URL: https://www.auchan.ro/praline-de-ciocolata-neagra-schladerer-cu-brandy-de-pere-127-g/p
Jun 15, 2023 6:02:19 AM Proiect.MDS.web.shopScraping.ProductScraper getProductDetails
WARNING: No name or price found for product at URL: https://www.auchan.ro/praline-de-ciocolata-neagra-schladerer-cu-brandy-de-fructe-asortate-127-g/p
Jun 15, 2023 6:02:21 AM Proiect.MDS.web.shopScraping.ProductScraper getProductDetails
WARNING: No name or price found for product at URL: https://www.auchan.ro/figurine-de-bezea-cupido-invelite-in-ciocolata-cu-lapte-150-g/p
Jun 15, 2023 6:02:23 AM Proiect.MDS.web.shopScraping.ProductScraper getProductDetails
WARNING: No name or price found for product at URL: https://www.auchan.ro/oua-de-ciocolata-hamlet-cu-umplutura-crema-de-alune-154-g/p
Jun 15, 2023 6:02:30 AM Proiect.MDS.web.shopScraping.ProductScraper getProductDetails
WARNING: No name or price found for product at URL: https://www.auchan.ro/acadele-de-zahar-colorate-fizzy-65-g/p
Jun 15, 2023 6:02:34 AM Proiect.MDS.web.shopScraping.ProductScraper getProductDetails
WARNING: No name or price found for product at URL: https://www.auchan.ro/banuti-pirat-de-ciocolata-fizzy-30-ga-/p
Jun 15, 2023 6:02:36 AM Proiect.MDS.web.shopScraping.ProductScraper getProductDetails
WARNING: No name or price found for product at URL: https://www.auchan.ro/ciocolata-si-gentuta-fizzy-100-g/p
Jun 15, 2023 6:02:38 AM Proiect.MDS.web.shopScraping.ProductScraper getProductDetails
WARNING: No name or price found for product at URL: https://www.auchan.ro/ou-muzical-windell-farmy-cu-praline-de-ciocolata-150-g/p
Jun 15, 2023 6:02:41 AM Proiect.MDS.web.shopScraping.ProductScraper getProductDetails
WARNING: No name or price found for product at URL: https://www.auchan.ro/figurine-de-ciocolata-astir-in-punga-150-ga-/p
Jun 15, 2023 6:02:44 AM Proiect.MDS.web.shopScraping.ProductScraper getProductDetails
WARNING: No name or price found for product at URL: https://www.auchan.ro/ou-carton-astir-cu-mini-oua-de-ciocolata-150-grame/p
Jun 15, 2023 6:02:46 AM Proiect.MDS.web.shopScraping.ProductScraper getProductDetails
WARNING: No name or price found for product at URL: https://www.auchan.ro/plus-astir-cu-praline-de-ciocolata-150-grame/p
Jun 15, 2023 6:02:47 AM Proiect.MDS.web.shopScraping.ProductScraper getProductDetails
WARNING: No name or price found for product at URL: https://www.auchan.ro/oua-de-ciocolata-neagra-cu-straciatella-crispo-150g/p
Jun 15, 2023 6:02:51 AM Proiect.MDS.web.shopScraping.ProductScraper getProductDetails
WARNING: No name or price found for product at URL: https://www.auchan.ro/oua-de-ciocolata-neagra-crispo-cu-alune-si-cereale-crocante-180-grame/p
Jun 15, 2023 6:02:57 AM Proiect.MDS.web.shopScraping.ProductScraper getProductDetails
WARNING: No name or price found for product at URL: https://www.auchan.ro/oua-de-ciocolata-crispo-cu-lapte-si-crema-lapte-alune-130-g/p
Jun 15, 2023 6:03:07 AM Proiect.MDS.web.shopScraping.ProductScraper getProductDetails
WARNING: No name or price found for product at URL: https://www.auchan.ro/oua-de-ciocolata-crispo-cu-lapte-alune-si-cereale-crocante-500-g/p
Jun 15, 2023 6:03:12 AM Proiect.MDS.web.shopScraping.ProductScraper getProductDetails
WARNING: No name or price found for product at URL: https://www.auchan.ro/casuta-de-ciocolata-smarties-105g/p
Jun 15, 2023 6:03:14 AM Proiect.MDS.web.shopScraping.ProductScraper getProductDetails
WARNING: No name or price found for product at URL: https://www.auchan.ro/iepuras-de-ciocolata-kitkat-66g/p
Jun 15, 2023 6:03:16 AM Proiect.MDS.web.shopScraping.ProductScraper getProductDetails
WARNING: No name or price found for product at URL: https://www.auchan.ro/mandarine-la-plasa-1-kg/p
Jun 15, 2023 6:03:22 AM Proiect.MDS.web.shopScraping.ProductScraper getProductDetails
WARNING: No name or price found for product at URL: https://www.auchan.ro/ciocolata-heidi-cu-lapte-85-g/p
Jun 15, 2023 6:03:26 AM Proiect.MDS.web.shopScraping.ProductScraper getProductDetails
WARNING: No name or price found for product at URL: https://www.auchan.ro/tableta-ciocolata-heidi-cu-lapte-85-g/p
Jun 15, 2023 6:03:28 AM Proiect.MDS.web.shopScraping.ProductScraper getProductDetails
WARNING: No name or price found for product at URL: https://www.auchan.ro/tableta-ciocolata-neagra-heidi-85-g/p
Jun 15, 2023 6:03:30 AM Proiect.MDS.web.shopScraping.ProductScraper getProductDetails
WARNING: No name or price found for product at URL: https://www.auchan.ro/figurina-iepuras-heidi-cu-banana-75-g/p
Jun 15, 2023 6:03:32 AM Proiect.MDS.web.shopScraping.ProductScraper getProductDetails
WARNING: No name or price found for product at URL: https://www.auchan.ro/cicoare-instant-solubila-125g/p
Jun 15, 2023 6:03:35 AM Proiect.MDS.web.shopScraping.ProductScraper getProductDetails
WARNING: No name or price found for product at URL: https://www.auchan.ro/ciocolata-cu-lapte-si-umplutura-de-praline-heidi-duck-100-g/p
Jun 15, 2023 6:03:36 AM Proiect.MDS.web.shopScraping.ProductScraper getProductDetails
WARNING: No name or price found for product at URL: https://www.auchan.ro/ciocolata-cu-lapte-si-umplutura-de-praline-heidi-100-g/p
Jun 15, 2023 6:03:39 AM Proiect.MDS.web.shopScraping.ProductScraper getProductDetails
WARNING: No name or price found for product at URL: https://www.auchan.ro/ciocolata-iepuras-cu-lapte-si-umplutura-de-praline-heidi-100-g/p
Jun 15, 2023 6:03:45 AM Proiect.MDS.web.shopScraping.ProductScraper getProductDetails
WARNING: No name or price found for product at URL: https://www.auchan.ro/oua-de-ciocolata-cu-crema-de-lapte-milka-136g/p
Jun 15, 2023 6:03:50 AM Proiect.MDS.web.shopScraping.ProductScraper getProductDetails
WARNING: No name or price found for product at URL: https://www.auchan.ro/bomboane-confeti-milka-86g/p
Jun 15, 2023 6:03:52 AM Proiect.MDS.web.shopScraping.ProductScraper getProductDetails
WARNING: No name or price found for product at URL: https://www.auchan.ro/bomboane-cu-lapte-alpin-milka-90g/p
Jun 15, 2023 6:04:02 AM Proiect.MDS.web.shopScraping.ProductScraper getProductDetails
WARNING: No name or price found for product at URL: https://www.auchan.ro/mere-fuji-1-kg/p
Jun 15, 2023 6:04:04 AM Proiect.MDS.web.shopScraping.ProductScraper getProductDetails
WARNING: No name or price found for product at URL: https://www.auchan.ro/bomboane-cu-lapte-si-cacao-milka-100g/p
Jun 15, 2023 6:04:12 AM Proiect.MDS.web.shopScraping.ProductScraper getProductDetails
WARNING: No name or price found for product at URL: https://www.auchan.ro/bomboane-cu-migdale-si-cacao-milka-100g/p
Jun 15, 2023 6:04:13 AM Proiect.MDS.web.shopScraping.ProductScraper getProductDetails
WARNING: No name or price found for product at URL: https://www.auchan.ro/milka-moments-mix-paste-152g/p
Jun 15, 2023 6:04:16 AM Proiect.MDS.web.shopScraping.ProductScraper getProductDetails
WARNING: No name or price found for product at URL: https://www.auchan.ro/cafea-macinata-segafredo-espresso-casa-arabica-si-robusta-250-g/p
Jun 15, 2023 6:04:44 AM Proiect.MDS.web.shopScraping.ProductScraper getProductDetails
WARNING: No name or price found for product at URL: https://www.auchan.ro/capsuni-250g/p
Jun 15, 2023 6:05:19 AM Proiect.MDS.web.shopScraping.ProductScraper getProductDetails
WARNING: No name or price found for product at URL: https://www.auchan.ro/cafea-macinata-segafredo-intermezzo-arabica-si-robusta-250-g/p
Jun 15, 2023 6:05:26 AM Proiect.MDS.web.shopScraping.ProductScraper getProductDetails
WARNING: No name or price found for product at URL: https://www.auchan.ro/cozonac-dijec-cu-stafide-si-nuci-500-g/p
Jun 15, 2023 6:05:47 AM Proiect.MDS.web.shopScraping.ProductScraper getProductDetails
WARNING: No name or price found for product at URL: https://www.auchan.ro/punga-cu-bomboane-de-ciocolata-la-suissa-in-forma-de-inima-cu-funda-400-g/p
Jun 15, 2023 6:08:32 AM Proiect.MDS.web.shopScraping.ProductScraper getProductDetails
WARNING: No name or price found for product at URL: https://www.auchan.ro/paine-prajita-etimek-regular-125-g/p
Jun 15, 2023 6:08:35 AM Proiect.MDS.web.shopScraping.ProductScraper getProductDetails
WARNING: No name or price found for product at URL: https://www.auchan.ro/paine-prajita-fara-sare-etimek-130-g/p
Jun 15, 2023 6:08:40 AM Proiect.MDS.web.shopScraping.ProductScraper getProductDetails
WARNING: No name or price found for product at URL: https://www.auchan.ro/biscuit-eti-cu-puf-de-ciocolata-18g/p
Jun 15, 2023 6:08:43 AM Proiect.MDS.web.shopScraping.ProductScraper getProductDetails
WARNING: No name or price found for product at URL: https://www.auchan.ro/biscuit-eti-cu-puf-de-cocos-18-g/p
Jun 15, 2023 6:08:48 AM Proiect.MDS.web.shopScraping.ProductScraper getProductDetails
WARNING: No name or price found for product at URL: https://www.auchan.ro/bomboane-gumate-in-forma-de-pui-55g/p
Jun 15, 2023 6:08:53 AM Proiect.MDS.web.shopScraping.ProductScraper getProductDetails
WARNING: No name or price found for product at URL: https://www.auchan.ro/bomboane-gumate-tematica-paste-150g/p
Jun 15, 2023 6:08:55 AM Proiect.MDS.web.shopScraping.ProductScraper getProductDetails
WARNING: No name or price found for product at URL: https://www.auchan.ro/bomboane-gumate-tematica-paste-48g/p
Jun 15, 2023 6:08:57 AM Proiect.MDS.web.shopScraping.ProductScraper getProductDetails
WARNING: No name or price found for product at URL: https://www.auchan.ro/ursulet-de-plus-fizzy-cu-praline-de-ciocolata-50g/p
Jun 15, 2023 6:08:59 AM Proiect.MDS.web.shopScraping.ProductScraper getProductDetails
WARNING: No name or price found for product at URL: https://www.auchan.ro/fursecuri-daneze-kelsen-mix-340g/p
Jun 15, 2023 6:09:05 AM Proiect.MDS.web.shopScraping.ProductScraper getProductDetails
WARNING: No name or price found for product at URL: https://www.auchan.ro/inima-de-ciocolata-cu-lapte-dolcerie-veneziane-130g/p
Jun 15, 2023 6:09:07 AM Proiect.MDS.web.shopScraping.ProductScraper getProductDetails
WARNING: No name or price found for product at URL: https://www.auchan.ro/inima-ceramica-cu-praline-de-ciocolata-dolcerie-veneziane-100g/p
Jun 15, 2023 6:09:09 AM Proiect.MDS.web.shopScraping.ProductScraper getProductDetails
WARNING: No name or price found for product at URL: https://www.auchan.ro/praline-de-ciocolata-hamlet-spring-gift-asortate-125g/p
Jun 15, 2023 6:09:16 AM Proiect.MDS.web.shopScraping.ProductScraper getProductDetails
WARNING: No name or price found for product at URL: https://www.auchan.ro/bezele-hamlet-valentine-175g/p
Jun 15, 2023 6:09:17 AM Proiect.MDS.web.shopScraping.ProductScraper getProductDetails
WARNING: No name or price found for product at URL: https://www.auchan.ro/praline-de-ciocolata-cu-lapte-roshen-assortment-145g/p
Jun 15, 2023 6:09:20 AM Proiect.MDS.web.shopScraping.ProductScraper getProductDetails
WARNING: No name or price found for product at URL: https://www.auchan.ro/praline-de-ciocolata-roshen-compliment-cu-crema-de-tiramisu-120g/p
Jun 15, 2023 6:09:22 AM Proiect.MDS.web.shopScraping.ProductScraper getProductDetails
WARNING: No name or price found for product at URL: https://www.auchan.ro/praline-de-ciocolata-roshen-shooters-umplute-cu-cocktail-margarita-150g/p
Jun 15, 2023 6:09:24 AM Proiect.MDS.web.shopScraping.ProductScraper getProductDetails
WARNING: No name or price found for product at URL: https://www.auchan.ro/praline-de-ciocolata-roshen-cherry-cu-lichior-de-visine-155g/p
Jun 15, 2023 6:09:26 AM Proiect.MDS.web.shopScraping.ProductScraper getProductDetails
WARNING: No name or price found for product at URL: https://www.auchan.ro/praline-de-ciocolata-roshen-moments-umplute-cu-alune-intregi-98g/p
Jun 15, 2023 6:09:38 AM Proiect.MDS.web.shopScraping.ProductScraper getProductDetails
WARNING: No name or price found for product at URL: https://www.auchan.ro/ciocolata-cu-lapte-heidi-trifoi-15g/p
Jun 15, 2023 6:09:40 AM Proiect.MDS.web.shopScraping.ProductScraper getProductDetails
WARNING: No name or price found for product at URL: https://www.auchan.ro/ciocolata-asortata-chocodate-100g/p
Jun 15, 2023 6:09:42 AM Proiect.MDS.web.shopScraping.ProductScraper getProductDetails
WARNING: No name or price found for product at URL: https://www.auchan.ro/praline-de-ciocolata-cachet-inima-55g/p
Jun 15, 2023 6:09:44 AM Proiect.MDS.web.shopScraping.ProductScraper getProductDetails
WARNING: No name or price found for product at URL: https://www.auchan.ro/ciocolata-m-m-165-g/p
Jun 15, 2023 6:09:45 AM Proiect.MDS.web.shopScraping.ProductScraper getProductDetails
WARNING: No name or price found for product at URL: https://www.auchan.ro/ciocolata-cu-arahide-m-m-165-g/p
Jun 15, 2023 6:09:50 AM Proiect.MDS.web.shopScraping.ProductScraper getProductDetails
WARNING: No name or price found for product at URL: https://www.auchan.ro/acadea-artesans-iris-60g/p
Jun 15, 2023 6:09:52 AM Proiect.MDS.web.shopScraping.ProductScraper getProductDetails
WARNING: No name or price found for product at URL: https://www.auchan.ro/acadea-artesans-35g/p
Jun 15, 2023 6:09:54 AM Proiect.MDS.web.shopScraping.ProductScraper getProductDetails
WARNING: No name or price found for product at URL: https://www.auchan.ro/acadea-artesans-28g/p
Jun 15, 2023 6:09:57 AM Proiect.MDS.web.shopScraping.ProductScraper getProductDetails
WARNING: No name or price found for product at URL: https://www.auchan.ro/acadea-artesans-40g/p
Jun 15, 2023 6:11:20 AM Proiect.MDS.web.shopScraping.ProductScraper getProductDetails
WARNING: No name or price found for product at URL: https://www.auchan.ro/praline-de-ciocolata-maitre-truffout-asortate-180g/p
Jun 15, 2023 6:11:23 AM Proiect.MDS.web.shopScraping.ProductScraper getProductDetails
WARNING: No name or price found for product at URL: https://www.auchan.ro/praline-de-ciocolata-hamlet-love-asortate-125g/p
Jun 15, 2023 6:11:25 AM Proiect.MDS.web.shopScraping.ProductScraper getProductDetails
WARNING: No name or price found for product at URL: https://www.auchan.ro/praline-de-ciocolata-roshen-compliment-cu-crema-de-lapte-si-caspsuni-123g/p
Jun 15, 2023 6:11:27 AM Proiect.MDS.web.shopScraping.ProductScraper getProductDetails
WARNING: No name or price found for product at URL: https://www.auchan.ro/praline-de-ciocolata-roshen-compliment-cu-crema-de-alune-122g/p
Jun 15, 2023 6:11:30 AM Proiect.MDS.web.shopScraping.ProductScraper getProductDetails
WARNING: No name or price found for product at URL: https://www.auchan.ro/turta-dulce-paste-lambertz-1kg/p
Jun 15, 2023 6:11:38 AM Proiect.MDS.web.shopScraping.ProductScraper getProductDetails
WARNING: No name or price found for product at URL: https://www.auchan.ro/ulei-de-floarea-soarelui-argus-2-l/p
Jun 15, 2023 6:11:42 AM Proiect.MDS.web.shopScraping.ProductScraper getProductDetails
WARNING: No name or price found for product at URL: https://www.auchan.ro/condimente-pentru-miel-kamis-25g/p
Jun 15, 2023 6:12:12 AM Proiect.MDS.web.shopScraping.ProductScraper getProductDetails
WARNING: No name or price found for product at URL: https://www.auchan.ro/cafea-capsule-espresso-auchan-nespresso-10-capsule/p
Jun 15, 2023 6:12:17 AM Proiect.MDS.web.shopScraping.ProductScraper getProductDetails
WARNING: No name or price found for product at URL: https://www.auchan.ro/cafea-capsule-lungo-auchan-nespresso-10-capsule/p
Jun 15, 2023 6:12:18 AM Proiect.MDS.web.shopScraping.ProductScraper getProductDetails
WARNING: No name or price found for product at URL: https://www.auchan.ro/cafea-capsule-ristretto-auchan-nespresso-10-capsule/p
Jun 15, 2023 6:12:22 AM Proiect.MDS.web.shopScraping.ProductScraper getProductDetails
WARNING: No name or price found for product at URL: https://www.auchan.ro/cafea-capsule-brazil-auchan-nespresso-10-capsule/p
Jun 15, 2023 6:12:27 AM Proiect.MDS.web.shopScraping.ProductScraper getProductDetails
WARNING: No name or price found for product at URL: https://www.auchan.ro/ciocolata-extra-fina-cu-lapte-alpin-auchan-100-g/p
Jun 15, 2023 6:12:29 AM Proiect.MDS.web.shopScraping.ProductScraper getProductDetails
WARNING: No name or price found for product at URL: https://www.auchan.ro/ciocolata-alba-auchan-100-g/p
Jun 15, 2023 6:12:30 AM Proiect.MDS.web.shopScraping.ProductScraper getProductDetails
WARNING: No name or price found for product at URL: https://www.auchan.ro/ciocolata-cu-lapte-umpluta-cu-crema-de-lapte-auchan-100-g/p
Jun 15, 2023 6:14:10 AM Proiect.MDS.web.shopScraping.ProductScraper getProductDetails
WARNING: No name or price found for product at URL: https://www.auchan.ro/condimente-pentru-muraturi-galeo-20-g/p
Jun 15, 2023 6:16:38 AM Proiect.MDS.web.shopScraping.ProductScraper getProductDetails
WARNING: No name or price found for product at URL: https://www.auchan.ro/salata-de-sfecla-rosie-olympia-cuburi-750-ml/p
Jun 15, 2023 6:17:37 AM Proiect.MDS.web.shopScraping.ProductScraper getProductDetails
WARNING: No name or price found for product at URL: https://www.auchan.ro/drojdie-rompak-pakmaya-25g/p
Jun 15, 2023 6:17:38 AM Proiect.MDS.web.shopScraping.ProductScraper getProductDetails
WARNING: No name or price found for product at URL: https://www.auchan.ro/drojdie-pakmaya-proaspata-500g/p
Jun 15, 2023 6:18:39 AM Proiect.MDS.web.shopScraping.ProductScraper getProductDetails
WARNING: No name or price found for product at URL: https://www.auchan.ro/pulpe-de-pui-inferioare-coco-rico-caserola-1-5-kg/p
Jun 15, 2023 6:18:50 AM Proiect.MDS.web.shopScraping.ProductScraper getProductDetails
WARNING: No name or price found for product at URL: https://www.auchan.ro/pulpe-de-pui-superioare-dezosate-fara-piele-coco-rico-caserola-1-kg/p
Jun 15, 2023 6:18:53 AM Proiect.MDS.web.shopScraping.ProductScraper getProductDetails
WARNING: No name or price found for product at URL: https://www.auchan.ro/amestec-de-legume-pentru-ciorba-casa-taraneasca-400g/p
Jun 15, 2023 6:20:15 AM Proiect.MDS.web.shopScraping.ProductScraper getProductDetails
WARNING: No name or price found for product at URL: https://www.auchan.ro/gem-de-caise-dietetic-arovit-225-g/p
Jun 15, 2023 6:20:20 AM Proiect.MDS.web.shopScraping.ProductScraper getProductDetails
WARNING: No name or price found for product at URL: https://www.auchan.ro/gem-visine-dietetic--arovit-225-g/p
Jun 15, 2023 6:20:23 AM Proiect.MDS.web.shopScraping.ProductScraper getProductDetails
WARNING: No name or price found for product at URL: https://www.auchan.ro/gem-de-capsuni-dietetic-arovit-225-g/p
Jun 15, 2023 6:20:58 AM Proiect.MDS.web.shopScraping.ProductScraper getProductDetails
WARNING: No name or price found for product at URL: https://www.auchan.ro/mini-bagheta-alba-auchan-4-x-100-g/p
Jun 15, 2023 6:21:49 AM Proiect.MDS.web.shopScraping.ProductScraper getProductDetails
WARNING: No name or price found for product at URL: https://www.auchan.ro/salam-de-mistret-feliat-auchan-80-g/p
Jun 15, 2023 6:21:51 AM Proiect.MDS.web.shopScraping.ProductScraper getProductDetails
WARNING: No name or price found for product at URL: https://www.auchan.ro/salam-de-mistret-auchan-200-g/p
Jun 15, 2023 6:22:02 AM Proiect.MDS.web.shopScraping.ProductScraper getProductDetails
WARNING: No name or price found for product at URL: https://www.auchan.ro/porumb-dulce-auchan-boabe-340-g/p
Jun 15, 2023 6:22:03 AM Proiect.MDS.web.shopScraping.ProductScraper getProductDetails
WARNING: No name or price found for product at URL: https://www.auchan.ro/sparanghel-verde-auchan-mediu-330-g/p
Jun 15, 2023 6:22:14 AM Proiect.MDS.web.shopScraping.ProductScraper getProductDetails
WARNING: No name or price found for product at URL: https://www.auchan.ro/somon-eviscerat-23-filiera-auchan-3-kg/p
Jun 15, 2023 6:22:18 AM Proiect.MDS.web.shopScraping.ProductScraper getProductDetails
WARNING: No name or price found for product at URL: https://www.auchan.ro/somon-pave-fara-piele-filiera-auchan-1-kg/p
Jun 15, 2023 6:23:18 AM Proiect.MDS.web.shopScraping.ProductScraper getProductDetails
WARNING: No name or price found for product at URL: https://www.auchan.ro/rosii-pasate-auchan-750ml/p
Jun 15, 2023 6:23:20 AM Proiect.MDS.web.shopScraping.ProductScraper getProductDetails
WARNING: No name or price found for product at URL: https://www.auchan.ro/bulion-din-rosii-auchan-750ml/p
Jun 15, 2023 6:23:21 AM Proiect.MDS.web.shopScraping.ProductScraper getProductDetails
WARNING: No name or price found for product at URL: https://www.auchan.ro/suc-de-rosii-auchan-750ml/p
Jun 15, 2023 6:23:24 AM Proiect.MDS.web.shopScraping.ProductScraper getProductDetails
WARNING: No name or price found for product at URL: https://www.auchan.ro/sfecla-rosie-in-otet-auchan-700-g/p
Jun 15, 2023 6:23:41 AM Proiect.MDS.web.shopScraping.ProductScraper getProductDetails
WARNING: No name or price found for product at URL: https://www.auchan.ro/salata-eisberg-200g/p
Jun 15, 2023 6:23:57 AM Proiect.MDS.web.shopScraping.ProductScraper getProductDetails
WARNING: No name or price found for product at URL: https://www.auchan.ro/tort-de-inghetata-cu-ciocolata-si-frisca-elion-magic-2-l/p
Jun 15, 2023 6:24:17 AM Proiect.MDS.web.shopScraping.ProductScraper getProductDetails
WARNING: No name or price found for product at URL: https://www.auchan.ro/pate-de-somon-royal-sweden-100-g/p
Jun 15, 2023 6:26:14 AM Proiect.MDS.web.shopScraping.ProductScraper getProductDetails
WARNING: No name or price found for product at URL: https://www.auchan.ro/sos-pentru-paste-dolmio-original-500-g/p
Jun 15, 2023 6:26:15 AM Proiect.MDS.web.shopScraping.ProductScraper getProductDetails
WARNING: No name or price found for product at URL: https://www.auchan.ro/sos-pentru-paste-cu-usturoi-dolmio-500-g/p
Jun 15, 2023 6:27:15 AM Proiect.MDS.web.shopScraping.ProductScraper getProductDetails
WARNING: No name or price found for product at URL: https://www.auchan.ro/ceai-belin-de-zmeura-20-x-2-25-g/p
