Jun 14, 2023 10:01:29 PM Proiect.MDS.web.shopScraping.LogProductDetails logProductUpdate
INFO: Product updated in database: Painea brutarului cu maia Auchan, feliata, 400 g
Jun 14, 2023 10:01:32 PM Proiect.MDS.web.shopScraping.LogProductDetails logProductUpdate
INFO: Product updated in database: Paine toast integral Auchan, 600 g
Jun 14, 2023 10:01:33 PM Proiect.MDS.web.shopScraping.LogProductDetails logProductUpdate
INFO: Product updated in database: Paine toast clasica Auchan, 600 g
Jun 14, 2023 10:01:38 PM Proiect.MDS.web.shopScraping.LogProductDetails logProductUpdate
INFO: Product updated in database: Cozonac Boromir cu crema de ciocolata si rom, 450 g
Jun 14, 2023 10:01:44 PM Proiect.MDS.web.shopScraping.LogProductDetails logProductUpdate
INFO: Product updated in database: Cozonac cu crema de cacao si rahat Boromir, 500g
Jun 14, 2023 10:01:46 PM Proiect.MDS.web.shopScraping.LogProductDetails logProductUpdate
INFO: Product updated in database: Cozonac Boromir cu crema de lapte si frisca, 450 g
Jun 14, 2023 10:01:53 PM Proiect.MDS.web.shopScraping.LogProductDetails logProductUpdate
INFO: Product updated in database: Cozonac cu crema de nuca si cacao Boromir, 450g
Jun 14, 2023 10:01:57 PM Proiect.MDS.web.shopScraping.LogProductDetails logProductUpdate
INFO: Product updated in database: Zahar pachet hartie Coronita Agrana, 1 kg
Jun 14, 2023 10:01:58 PM Proiect.MDS.web.shopScraping.LogProductDetails logProductUpdate
INFO: Product updated in database: Ulei de floarea soarelui Auchan, 1 l
Jun 14, 2023 10:02:00 PM Proiect.MDS.web.shopScraping.LogProductDetails logProductUpdate
INFO: Product updated in database: Cafea macinata Jacobs Kronung Alintaroma, 500 g
Jun 14, 2023 10:02:02 PM Proiect.MDS.web.shopScraping.LogProductDetails logProductUpdate
INFO: Product updated in database: Ulei de floarea soarelui Bunica, 1 l
Jun 14, 2023 10:02:04 PM Proiect.MDS.web.shopScraping.LogProductDetails logProductUpdate
INFO: Product updated in database: Cafea solubila Fortuna Rendez-Vous, 50 g
Jun 14, 2023 10:02:07 PM Proiect.MDS.web.shopScraping.LogProductDetails logProductUpdate
INFO: Product updated in database: Pufuleti simpli Gusto, 85 g
Jun 14, 2023 10:02:10 PM Proiect.MDS.web.shopScraping.LogProductDetails logProductUpdate
INFO: Product updated in database: Pufuleti simpli Gusto, 45 g
Jun 14, 2023 10:02:11 PM Proiect.MDS.web.shopScraping.LogProductDetails logProductUpdate
INFO: Product updated in database: Ciocolata cu arahide Africana, 90 g
Jun 14, 2023 10:02:15 PM Proiect.MDS.web.shopScraping.LogProductDetails logProductUpdate
INFO: Product updated in database: Lapte de consum Auchan, 1.5% grasime, 1 l
Jun 14, 2023 10:02:18 PM Proiect.MDS.web.shopScraping.LogProductDetails logProductUpdate
INFO: Product updated in database: Lapte de consum Auchan, 3.5% grasime, 1 l
Jun 14, 2023 10:02:19 PM Proiect.MDS.web.shopScraping.LogProductDetails logProductUpdate
INFO: Product updated in database: Unt Auchan, 82% grasime, 200 g
Jun 14, 2023 10:02:21 PM Proiect.MDS.web.shopScraping.LogProductDetails logProductUpdate
INFO: Product updated in database: Lapte de consum Laptaria cu caimac, 3.8 - 4.1% grasime, 1 l
Jun 14, 2023 10:02:21 PM Proiect.MDS.web.shopScraping.LogProductDetails logProductUpdate
INFO: Product updated in database: Lapte integral UHT Auchan, 3.5% grasime, 1 l
Jun 14, 2023 10:02:23 PM Proiect.MDS.web.shopScraping.LogProductDetails logProductUpdate
INFO: Product updated in database: Lapte de consum ZuZu, 3.5% grasime, 1.8 l
Jun 14, 2023 10:02:25 PM Proiect.MDS.web.shopScraping.LogProductDetails logProductUpdate
INFO: Product updated in database: Oua de gaina ECO Filiera Auchan, marime M, cod 0, 10 bucati
Jun 14, 2023 10:02:27 PM Proiect.MDS.web.shopScraping.LogProductDetails logProductUpdate
INFO: Product updated in database: Iaurt grecesc Olympus, 10% grasime, 150 g
Jun 14, 2023 10:02:31 PM Proiect.MDS.web.shopScraping.LogProductDetails logProductUpdate
INFO: Product updated in database: Ridichi rosii, pret pe legatura
Jun 14, 2023 10:02:32 PM Proiect.MDS.web.shopScraping.LogProductDetails logProductUpdate
INFO: Product updated in database: Lamai netratate dupa recoltare, 4 bucati
Jun 14, 2023 10:02:42 PM Proiect.MDS.web.shopScraping.LogProductDetails logProductUpdate
INFO: Product updated in database: Bors Olympia, 1L
Jun 14, 2023 10:02:44 PM Proiect.MDS.web.shopScraping.LogProductDetails logProductUpdate
INFO: Product updated in database: Mix de salata Energia Auchan, 200g
Jun 14, 2023 10:02:46 PM Proiect.MDS.web.shopScraping.LogProductDetails logProductUpdate
INFO: Product updated in database: Mix de salata Auchan Curcubeu, 160g
Jun 14, 2023 10:02:48 PM Proiect.MDS.web.shopScraping.LogProductDetails logProductUpdate
INFO: Product updated in database: Mix de salata Auchan Suprema, 260g
Jun 14, 2023 10:02:50 PM Proiect.MDS.web.shopScraping.LogProductDetails logProductUpdate
INFO: Product updated in database: Portocale, 1.5 kg
Jun 14, 2023 10:02:51 PM Proiect.MDS.web.shopScraping.LogProductDetails logProductUpdate
INFO: Product updated in database: Painea brutarului cu maia Auchan, feliata, 400 g
Jun 14, 2023 10:02:51 PM Proiect.MDS.web.shopScraping.LogProductDetails logProductUpdate
INFO: Product updated in database: Paine toast integral Auchan, 600 g
Jun 14, 2023 10:02:51 PM Proiect.MDS.web.shopScraping.LogProductDetails logProductUpdate
INFO: Product updated in database: Paine toast clasica Auchan, 600 g
Jun 14, 2023 10:02:51 PM Proiect.MDS.web.shopScraping.LogProductDetails logProductUpdate
INFO: Product updated in database: Cozonac Boromir cu crema de ciocolata si rom, 450 g
Jun 14, 2023 10:02:51 PM Proiect.MDS.web.shopScraping.LogProductDetails logProductUpdate
INFO: Product updated in database: Cozonac cu crema de cacao si rahat Boromir, 500g
Jun 14, 2023 10:02:52 PM Proiect.MDS.web.shopScraping.LogProductDetails logProductUpdate
INFO: Product updated in database: Cozonac Boromir cu crema de lapte si frisca, 450 g
Jun 14, 2023 10:02:52 PM Proiect.MDS.web.shopScraping.LogProductDetails logProductUpdate
INFO: Product updated in database: Cozonac cu crema de nuca si cacao Boromir, 450g
Jun 14, 2023 10:02:52 PM Proiect.MDS.web.shopScraping.LogProductDetails logProductUpdate
INFO: Product updated in database: Zahar pachet hartie Coronita Agrana, 1 kg
Jun 14, 2023 10:02:53 PM Proiect.MDS.web.shopScraping.LogProductDetails logProductUpdate
INFO: Product updated in database: Ulei de floarea soarelui Auchan, 1 l
Jun 14, 2023 10:02:53 PM Proiect.MDS.web.shopScraping.LogProductDetails logProductUpdate
INFO: Product updated in database: Cafea macinata Jacobs Kronung Alintaroma, 500 g
Jun 14, 2023 10:02:53 PM Proiect.MDS.web.shopScraping.LogProductDetails logProductUpdate
INFO: Product updated in database: Ulei de floarea soarelui Bunica, 1 l
Jun 14, 2023 10:02:53 PM Proiect.MDS.web.shopScraping.LogProductDetails logProductUpdate
INFO: Product updated in database: Cafea solubila Fortuna Rendez-Vous, 50 g
Jun 14, 2023 10:02:53 PM Proiect.MDS.web.shopScraping.LogProductDetails logProductUpdate
INFO: Product updated in database: Pufuleti simpli Gusto, 85 g
Jun 14, 2023 10:02:54 PM Proiect.MDS.web.shopScraping.LogProductDetails logProductUpdate
INFO: Product updated in database: Pufuleti simpli Gusto, 45 g
Jun 14, 2023 10:02:54 PM Proiect.MDS.web.shopScraping.LogProductDetails logProductUpdate
INFO: Product updated in database: Ciocolata cu arahide Africana, 90 g
Jun 14, 2023 10:02:54 PM Proiect.MDS.web.shopScraping.LogProductDetails logProductUpdate
INFO: Product updated in database: Lapte de consum Auchan, 1.5% grasime, 1 l
Jun 14, 2023 10:02:55 PM Proiect.MDS.web.shopScraping.LogProductDetails logProductUpdate
INFO: Product updated in database: Lapte de consum Auchan, 3.5% grasime, 1 l
Jun 14, 2023 10:02:55 PM Proiect.MDS.web.shopScraping.LogProductDetails logProductUpdate
INFO: Product updated in database: Unt Auchan, 82% grasime, 200 g
Jun 14, 2023 10:02:55 PM Proiect.MDS.web.shopScraping.LogProductDetails logProductUpdate
INFO: Product updated in database: Lapte de consum Laptaria cu caimac, 3.8 - 4.1% grasime, 1 l
Jun 14, 2023 10:02:56 PM Proiect.MDS.web.shopScraping.LogProductDetails logProductUpdate
INFO: Product updated in database: Lapte integral UHT Auchan, 3.5% grasime, 1 l
Jun 14, 2023 10:02:56 PM Proiect.MDS.web.shopScraping.LogProductDetails logProductUpdate
INFO: Product updated in database: Lapte de consum ZuZu, 3.5% grasime, 1.8 l
Jun 14, 2023 10:02:56 PM Proiect.MDS.web.shopScraping.LogProductDetails logProductUpdate
INFO: Product updated in database: Oua de gaina ECO Filiera Auchan, marime M, cod 0, 10 bucati
Jun 14, 2023 10:02:56 PM Proiect.MDS.web.shopScraping.LogProductDetails logProductUpdate
INFO: Product updated in database: Iaurt grecesc Olympus, 10% grasime, 150 g
Jun 14, 2023 10:02:57 PM Proiect.MDS.web.shopScraping.LogProductDetails logProductUpdate
INFO: Product updated in database: Ridichi rosii, pret pe legatura
Jun 14, 2023 10:02:57 PM Proiect.MDS.web.shopScraping.LogProductDetails logProductUpdate
INFO: Product updated in database: Lamai netratate dupa recoltare, 4 bucati
Jun 14, 2023 10:02:57 PM Proiect.MDS.web.shopScraping.LogProductDetails logProductUpdate
INFO: Product updated in database: Bors Olympia, 1L
Jun 14, 2023 10:02:57 PM Proiect.MDS.web.shopScraping.LogProductDetails logProductUpdate
INFO: Product updated in database: Mix de salata Energia Auchan, 200g
Jun 14, 2023 10:02:58 PM Proiect.MDS.web.shopScraping.LogProductDetails logProductUpdate
INFO: Product updated in database: Mix de salata Auchan Curcubeu, 160g
Jun 14, 2023 10:02:58 PM Proiect.MDS.web.shopScraping.LogProductDetails logProductUpdate
INFO: Product updated in database: Mix de salata Auchan Suprema, 260g
Jun 14, 2023 10:02:58 PM Proiect.MDS.web.shopScraping.LogProductDetails logProductUpdate
INFO: Product updated in database: Portocale, 1.5 kg
Jun 14, 2023 10:03:40 PM Proiect.MDS.web.shopScraping.LogProductDetails logProductNotEligibleForUpdate
INFO: Product not eligible for update: Mazare verde boabe Bonduelle, dulce, 400 g
Jun 14, 2023 10:03:47 PM Proiect.MDS.web.shopScraping.LogProductDetails logProductNotEligibleForUpdate
INFO: Product not eligible for update: Conserva cu carne de porc Scandia Sibiu, 300g
Jun 14, 2023 10:03:55 PM Proiect.MDS.web.shopScraping.LogProductDetails logProductNotEligibleForUpdate
INFO: Product not eligible for update: Fasole alba boabe Bonduelle, 400 g
Jun 14, 2023 10:03:58 PM Proiect.MDS.web.shopScraping.LogProductDetails logProductNotEligibleForUpdate
INFO: Product not eligible for update: Pate integral de porc Scandia Sibiu, 120g
Jun 14, 2023 10:04:00 PM Proiect.MDS.web.shopScraping.LogProductDetails logProductNotEligibleForUpdate
INFO: Product not eligible for update: Pate de porc Bucegi, 200g
Jun 14, 2023 10:04:02 PM Proiect.MDS.web.shopScraping.LogProductDetails logProductNotEligibleForUpdate
INFO: Product not eligible for update: Pasta vegetala tartinabila Bucegi, 200 g
Jun 14, 2023 10:04:05 PM Proiect.MDS.web.shopScraping.LogProductDetails logProductNotEligibleForUpdate
INFO: Product not eligible for update: Pate integral de rata Scandia Sibiu, 120g
Jun 14, 2023 10:04:07 PM Proiect.MDS.web.shopScraping.LogProductDetails logProductUpdate
INFO: Product updated in database: Pate cu ficat de gasca Scandia Sibiu, 120g
Jun 14, 2023 10:04:15 PM Proiect.MDS.web.shopScraping.LogProductDetails logProductUpdate
INFO: Product updated in database: Ciorba de burta cu smantana Scandia Sibiu, 400g
Jun 14, 2023 10:04:19 PM Proiect.MDS.web.shopScraping.LogProductDetails logProductNotEligibleForUpdate
INFO: Product not eligible for update: Fasole rosie boabe Bonduelle, 800 g
Jun 14, 2023 10:04:23 PM Proiect.MDS.web.shopScraping.LogProductDetails logProductNotEligibleForUpdate
INFO: Product not eligible for update: Pate de pasare Bucegi, 200g
Jun 14, 2023 10:04:26 PM Proiect.MDS.web.shopScraping.LogProductDetails logProductUpdate
INFO: Product updated in database: Pate integral de pui Scandia Sibiu, 200g
Jun 14, 2023 10:04:28 PM Proiect.MDS.web.shopScraping.LogProductDetails logProductUpdate
INFO: Product updated in database: Pate integral de pui Scandia Sibiu, 120g
Jun 14, 2023 10:04:30 PM Proiect.MDS.web.shopScraping.LogProductDetails logProductNotEligibleForUpdate
INFO: Product not eligible for update: Ciorba de vacuta cu verdeata Scandia Sibiu, 400g
Jun 14, 2023 10:04:37 PM Proiect.MDS.web.shopScraping.LogProductDetails logProductNotEligibleForUpdate
INFO: Product not eligible for update: Pate integral de porc Scandia Sibiu, 200g
Jun 14, 2023 10:04:43 PM Proiect.MDS.web.shopScraping.LogProductDetails logProductNotEligibleForUpdate
INFO: Product not eligible for update: Conserva cu carne de vita Scandia Sibiu, 300g
Jun 14, 2023 10:04:45 PM Proiect.MDS.web.shopScraping.LogProductDetails logProductUpdate
INFO: Product updated in database: Sarmalute cu carne de porc Scandia Sibiu traditii, 400gr
Jun 14, 2023 10:04:54 PM Proiect.MDS.web.shopScraping.LogProductDetails logProductNotEligibleForUpdate
INFO: Product not eligible for update: Castraveti cornison intregi, 3-6 cm, in otet Bonduelle, 550g
Jun 14, 2023 10:04:55 PM Proiect.MDS.web.shopScraping.LogProductDetails logProductNotEligibleForUpdate
INFO: Product not eligible for update: Biscuiti cu cacao Picnic RoStar, 75 g
Jun 14, 2023 10:04:57 PM Proiect.MDS.web.shopScraping.LogProductDetails logProductUpdate
INFO: Product updated in database: Biscuiti Petit Beurre RoStar, 460 g
Jun 14, 2023 10:05:00 PM Proiect.MDS.web.shopScraping.LogProductDetails logProductNotEligibleForUpdate
INFO: Product not eligible for update: Biscuiti cu vanilie Picnic RoStar, 75 g
Jun 14, 2023 10:05:09 PM Proiect.MDS.web.shopScraping.LogProductDetails logProductNotEligibleForUpdate
INFO: Product not eligible for update: Zahar pudra Diamant, 500 g
Jun 14, 2023 10:05:13 PM Proiect.MDS.web.shopScraping.LogProductDetails logProductNotEligibleForUpdate
INFO: Product not eligible for update: Zahar cubic Diamant, 500 g
Jun 14, 2023 10:05:16 PM Proiect.MDS.web.shopScraping.LogProductDetails logProductNotEligibleForUpdate
INFO: Product not eligible for update: Biscuiti Petit Beurre RoStar, 140 g
Jun 14, 2023 10:05:18 PM Proiect.MDS.web.shopScraping.LogProductDetails logProductNotEligibleForUpdate
INFO: Product not eligible for update: Piper negru boabe Cosmin 17 g
Jun 14, 2023 10:05:24 PM Proiect.MDS.web.shopScraping.LogProductDetails logProductNotEligibleForUpdate
INFO: Product not eligible for update: Scortisoara macinata Cosmin 15g
Jun 14, 2023 10:05:26 PM Proiect.MDS.web.shopScraping.LogProductDetails logProductUpdate
INFO: Product updated in database: Foi de dafin Cosmin, 4g
Jun 14, 2023 10:05:28 PM Proiect.MDS.web.shopScraping.LogProductDetails logProductNotEligibleForUpdate
INFO: Product not eligible for update: Piper negru macinat Fuchs 20 g
Jun 14, 2023 10:05:30 PM Proiect.MDS.web.shopScraping.LogProductDetails logProductUpdate
INFO: Product updated in database: Cimbru Cosmin, 8g
Jun 14, 2023 10:05:31 PM Proiect.MDS.web.shopScraping.LogProductDetails logProductNotEligibleForUpdate
INFO: Product not eligible for update: Scortisoara batoane Fuchs 20 g
Jun 14, 2023 10:05:34 PM Proiect.MDS.web.shopScraping.LogProductDetails logProductNotEligibleForUpdate
INFO: Product not eligible for update: Piper alb macinat Fuchs 20 g
