Jun 14, 2023 9:28:03 PM Proiect.MDS.web.shopScraping.ProductScraper getProductDetails
WARNING: No name or price found for product at URL: https://www.auchan.ro/pate-de-sprot-defish-175-g/p
Jun 14, 2023 9:28:27 PM Proiect.MDS.web.shopScraping.ProductScraper getProductDetails
WARNING: No name or price found for product at URL: https://www.auchan.ro/amestec-de-legume-cu-orez-mexico-mix-bonduelle-400g/p
Jun 14, 2023 9:28:35 PM Proiect.MDS.web.shopScraping.ProductScraper getProductDetails
WARNING: No name or price found for product at URL: https://www.auchan.ro/porumb-dulce-boabe-bonduelle-170-g/p
Jun 14, 2023 9:28:41 PM Proiect.MDS.web.shopScraping.ProductScraper getProductDetails
WARNING: No name or price found for product at URL: https://www.auchan.ro/sprot-afumat-in-ulei-defish-150-g-18-bucati/p
Jun 14, 2023 9:28:44 PM Proiect.MDS.web.shopScraping.ProductScraper getProductDetails
WARNING: No name or price found for product at URL: https://www.auchan.ro/fasole-rosie-bonduelle-425-ml/p
Jun 14, 2023 9:29:04 PM Proiect.MDS.web.shopScraping.ProductScraper getProductDetails
WARNING: No name or price found for product at URL: https://www.auchan.ro/porumb-boabe-bonduelle-dulce-340-g/p
Jun 14, 2023 9:29:50 PM Proiect.MDS.web.shopScraping.ProductScraper getProductDetails
WARNING: No name or price found for product at URL: https://www.auchan.ro/mix-de-condimente-fuchs-pentru-sarmale-25g/p
Jun 14, 2023 9:30:08 PM Proiect.MDS.web.shopScraping.ProductScraper getProductDetails
WARNING: No name or price found for product at URL: https://www.auchan.ro/mix-condimente-pentru-vin-fiert-fuchs-15-g/p
Jun 14, 2023 9:30:41 PM Proiect.MDS.web.shopScraping.ProductScraper getProductDetails
WARNING: No name or price found for product at URL: https://www.auchan.ro/condiment-pentru-muraturi-fuchs-rezerva-60g/p
Jun 14, 2023 9:30:53 PM Proiect.MDS.web.shopScraping.ProductScraper getProductDetails
WARNING: No name or price found for product at URL: https://www.auchan.ro/condiment-pentru-muraturi-cosmin-20g/p
Jun 14, 2023 9:31:17 PM Proiect.MDS.web.shopScraping.ProductScraper getProductDetails
WARNING: No name or price found for product at URL: https://www.auchan.ro/arpacas-atifco-100--natural-1-kg/p
Jun 14, 2023 9:31:23 PM Proiect.MDS.web.shopScraping.ProductScraper getProductDetails
WARNING: No name or price found for product at URL: https://www.auchan.ro/orez-camolino-atifco-bob-rotund-1-kg/p
Jun 14, 2023 9:31:28 PM Proiect.MDS.web.shopScraping.ProductScraper getProductDetails
WARNING: No name or price found for product at URL: https://www.auchan.ro/orez-bob-rotund-atifco-1-kg/p
Jun 14, 2023 9:31:38 PM Proiect.MDS.web.shopScraping.ProductScraper getProductDetails
WARNING: No name or price found for product at URL: https://www.auchan.ro/orez-prefiert-gama-premium-atifco-1-kg/p
Jun 14, 2023 9:31:59 PM Proiect.MDS.web.shopScraping.ProductScraper getProductDetails
WARNING: No name or price found for product at URL: https://www.auchan.ro/zahar-la-punga-de-hartie-diamant-1-kg/p
Jun 14, 2023 9:33:00 PM Proiect.MDS.web.shopScraping.ProductScraper getProductDetails
WARNING: No name or price found for product at URL: https://www.auchan.ro/fulgi-pentru-piure-de-cartofi-malita-100-g/p
Jun 14, 2023 9:33:10 PM Proiect.MDS.web.shopScraping.ProductScraper getProductDetails
WARNING: No name or price found for product at URL: https://www.auchan.ro/cacao-olanda-malita-50-g/p
Jun 14, 2023 9:33:42 PM Proiect.MDS.web.shopScraping.ProductScraper getProductDetails
WARNING: No name or price found for product at URL: https://www.auchan.ro/biscuiti-alka-glazurati-cu-cacao-180-g/p
Jun 14, 2023 9:33:45 PM Proiect.MDS.web.shopScraping.ProductScraper getProductDetails
WARNING: No name or price found for product at URL: https://www.auchan.ro/cereale-pentru-micul-dejun-cu-miere-si-arahide-corn-flakes-nestle-250g/p
Jun 14, 2023 9:33:46 PM Proiect.MDS.web.shopScraping.ProductScraper getProductDetails
WARNING: No name or price found for product at URL: https://www.auchan.ro/capuccino-la-festa-cu-vanilie-125-g/p
Jun 14, 2023 9:33:48 PM Proiect.MDS.web.shopScraping.ProductScraper getProductDetails
WARNING: No name or price found for product at URL: https://www.auchan.ro/ciocolata-calda-la-festa-alba-250-g/p
Jun 14, 2023 9:33:48 PM Proiect.MDS.web.shopScraping.ProductScraper getProductDetails
WARNING: No name or price found for product at URL: https://www.auchan.ro/ciocolata-calda-la-festa-cu-caramel-250-g/p
Jun 14, 2023 9:33:49 PM Proiect.MDS.web.shopScraping.ProductScraper getProductDetails
WARNING: No name or price found for product at URL: https://www.auchan.ro/ceai-verde-celmar-30-g/p
Jun 14, 2023 9:33:50 PM Proiect.MDS.web.shopScraping.ProductScraper getProductDetails
WARNING: No name or price found for product at URL: https://www.auchan.ro/ceai-de-menta-celmar-30-g/p
Jun 14, 2023 9:33:51 PM Proiect.MDS.web.shopScraping.ProductScraper getProductDetails
WARNING: No name or price found for product at URL: https://www.auchan.ro/lapte-de-consum-uht-fulga-3-5-grasime-1-l/p
Jun 14, 2023 9:33:52 PM Proiect.MDS.web.shopScraping.ProductScraper getProductDetails
WARNING: No name or price found for product at URL: https://www.auchan.ro/ciocolata-calda-la-festa-clasic-250-g/p
Jun 14, 2023 9:33:53 PM Proiect.MDS.web.shopScraping.ProductScraper getProductDetails
WARNING: No name or price found for product at URL: https://www.auchan.ro/smanatana-albalact-12-grasime-200-g/p
Jun 14, 2023 9:33:54 PM Proiect.MDS.web.shopScraping.ProductScraper getProductDetails
WARNING: No name or price found for product at URL: https://www.auchan.ro/sare-iodata-defne-extrafina-recristalizata-1-kg/p
Jun 14, 2023 9:33:54 PM Proiect.MDS.web.shopScraping.ProductScraper getProductDetails
WARNING: No name or price found for product at URL: https://www.auchan.ro/sprot-in-sos-tomat-merve-170-g/p
Jun 14, 2023 9:33:55 PM Proiect.MDS.web.shopScraping.ProductScraper getProductDetails
WARNING: No name or price found for product at URL: https://www.auchan.ro/otet-alimentar-defne-1-l/p
Jun 14, 2023 9:33:55 PM Proiect.MDS.web.shopScraping.ProductScraper getProductDetails
WARNING: No name or price found for product at URL: https://www.auchan.ro/sprot-afumat-in-ulei-merve-170-g/p
Jun 14, 2023 9:33:55 PM Proiect.MDS.web.shopScraping.ProductScraper getProductDetails
WARNING: No name or price found for product at URL: https://www.auchan.ro/zahar-pudra-margaritar-500-g/p
Jun 14, 2023 9:33:57 PM Proiect.MDS.web.shopScraping.ProductScraper getProductDetails
WARNING: No name or price found for product at URL: https://www.auchan.ro/sos-de-ardei-iute-heinz-hot-chilli-250-ml/p
Jun 14, 2023 9:33:58 PM Proiect.MDS.web.shopScraping.ProductScraper getProductDetails
WARNING: No name or price found for product at URL: https://www.auchan.ro/margarina-unirea-original-4-x-250-g/p
Jun 14, 2023 9:33:58 PM Proiect.MDS.web.shopScraping.ProductScraper getProductDetails
WARNING: No name or price found for product at URL: https://www.auchan.ro/legume-de-primavara-auchan-1kg/p
Jun 14, 2023 9:33:59 PM Proiect.MDS.web.shopScraping.ProductScraper getProductDetails
WARNING: No name or price found for product at URL: https://www.auchan.ro/fasole-verde-eco-auchan-600g/p
Jun 14, 2023 9:33:59 PM Proiect.MDS.web.shopScraping.ProductScraper getProductDetails
WARNING: No name or price found for product at URL: https://www.auchan.ro/foietaj-auchan-cu-branza-de-capra-400-g/p
Jun 14, 2023 9:33:59 PM Proiect.MDS.web.shopScraping.ProductScraper getProductDetails
WARNING: No name or price found for product at URL: https://www.auchan.ro/foietaj-auchan-cu-jambon-si-emmental-400-g/p
Jun 14, 2023 9:33:59 PM Proiect.MDS.web.shopScraping.ProductScraper getProductDetails
WARNING: No name or price found for product at URL: https://www.auchan.ro/foietaj-auchan-cu-spanac-si-branza-de-capra-400-g/p
Jun 14, 2023 9:34:00 PM Proiect.MDS.web.shopScraping.ProductScraper getProductDetails
WARNING: No name or price found for product at URL: https://www.auchan.ro/clatite-cu-jambon-si-emmental-auchan-300-g/p
Jun 14, 2023 9:34:00 PM Proiect.MDS.web.shopScraping.ProductScraper getProductDetails
WARNING: No name or price found for product at URL: https://www.auchan.ro/clatite-auchan-cu-emmental-300-g/p
Jun 14, 2023 9:34:01 PM Proiect.MDS.web.shopScraping.ProductScraper getProductDetails
WARNING: No name or price found for product at URL: https://www.auchan.ro/mustar-bunatati-de-la-bunica-fin-500g/p
Jun 14, 2023 9:34:03 PM Proiect.MDS.web.shopScraping.ProductScraper getProductDetails
WARNING: No name or price found for product at URL: https://www.auchan.ro/cafea-solubila-nescafe-brasero-60-x-1-8-g/p
Jun 14, 2023 9:34:19 PM Proiect.MDS.web.shopScraping.ProductScraper getProductDetails
WARNING: No name or price found for product at URL: https://www.auchan.ro/paste-fainoase-pambac-fidea-cuiburi-200-g/p
Jun 14, 2023 9:34:19 PM Proiect.MDS.web.shopScraping.ProductScraper getProductDetails
WARNING: No name or price found for product at URL: https://www.auchan.ro/taitei-cuiburi-pambac-200-g/p
Jun 14, 2023 9:34:21 PM Proiect.MDS.web.shopScraping.ProductScraper getProductDetails
WARNING: No name or price found for product at URL: https://www.auchan.ro/lapte-de-vaca-uht-ladorna-0-1-grasime-1-l/p
Jun 14, 2023 9:34:23 PM Proiect.MDS.web.shopScraping.ProductScraper getProductDetails
WARNING: No name or price found for product at URL: https://www.auchan.ro/smantana-big-panda-20-grasime-300-g/p
Jun 14, 2023 9:34:23 PM Proiect.MDS.web.shopScraping.ProductScraper getProductDetails
WARNING: No name or price found for product at URL: https://www.auchan.ro/smantana-big-panda-20-grasime-850-g/p
Jun 14, 2023 9:34:26 PM Proiect.MDS.web.shopScraping.ProductScraper getProductDetails
WARNING: No name or price found for product at URL: https://www.auchan.ro/faina-alba-superioara-000-dobrogea-2-kg/p
Jun 14, 2023 9:35:32 PM Proiect.MDS.web.shopScraping.ProductScraper getProductDetails
WARNING: No name or price found for product at URL: https://www.auchan.ro/grill-vegetal-cris-tim-250-g/p
Jun 14, 2023 9:35:38 PM Proiect.MDS.web.shopScraping.ProductScraper getProductDetails
WARNING: No name or price found for product at URL: https://www.auchan.ro/salam-de-casa-cris-tim-400-g/p
Jun 14, 2023 9:35:51 PM Proiect.MDS.web.shopScraping.ProductScraper getProductDetails
WARNING: No name or price found for product at URL: https://www.auchan.ro/inghetata-de-vanilie-cu-toping-de-caise-fulg-de-nea-500-ml/p
Jun 14, 2023 9:35:59 PM Proiect.MDS.web.shopScraping.ProductScraper getProductDetails
WARNING: No name or price found for product at URL: https://www.auchan.ro/inghetata-cu-vanilie-si-topping-de-caramel-fulg-de-nea-500-ml/p
Jun 14, 2023 9:36:19 PM Proiect.MDS.web.shopScraping.ProductScraper getProductDetails
WARNING: No name or price found for product at URL: https://www.auchan.ro/faina-alba-000-baneasa-2-kg/p
Jun 14, 2023 9:45:51 PM Proiect.MDS.web.shopScraping.ProductScraper getProductDetails
WARNING: No name or price found for product at URL: https://www.auchan.ro/pate-de-sprot-defish-175-g/p
Jun 14, 2023 9:46:04 PM Proiect.MDS.web.shopScraping.ProductScraper getProductDetails
WARNING: No name or price found for product at URL: https://www.auchan.ro/amestec-de-legume-cu-orez-mexico-mix-bonduelle-400g/p
Jun 14, 2023 9:46:13 PM Proiect.MDS.web.shopScraping.ProductScraper getProductDetails
WARNING: No name or price found for product at URL: https://www.auchan.ro/porumb-dulce-boabe-bonduelle-170-g/p
Jun 14, 2023 9:46:19 PM Proiect.MDS.web.shopScraping.ProductScraper getProductDetails
WARNING: No name or price found for product at URL: https://www.auchan.ro/sprot-afumat-in-ulei-defish-150-g-18-bucati/p
Jun 14, 2023 9:46:27 PM Proiect.MDS.web.shopScraping.ProductScraper getProductDetails
WARNING: No name or price found for product at URL: https://www.auchan.ro/fasole-rosie-bonduelle-425-ml/p
Jun 14, 2023 9:46:50 PM Proiect.MDS.web.shopScraping.ProductScraper getProductDetails
WARNING: No name or price found for product at URL: https://www.auchan.ro/porumb-boabe-bonduelle-dulce-340-g/p
Jun 14, 2023 9:47:47 PM Proiect.MDS.web.shopScraping.ProductScraper getProductDetails
WARNING: No name or price found for product at URL: https://www.auchan.ro/mix-de-condimente-fuchs-pentru-sarmale-25g/p
Jun 14, 2023 9:48:13 PM Proiect.MDS.web.shopScraping.ProductScraper getProductDetails
WARNING: No name or price found for product at URL: https://www.auchan.ro/mix-condimente-pentru-vin-fiert-fuchs-15-g/p
Jun 14, 2023 9:48:43 PM Proiect.MDS.web.shopScraping.ProductScraper getProductDetails
WARNING: No name or price found for product at URL: https://www.auchan.ro/condiment-pentru-muraturi-fuchs-rezerva-60g/p
Jun 14, 2023 9:48:53 PM Proiect.MDS.web.shopScraping.ProductScraper getProductDetails
WARNING: No name or price found for product at URL: https://www.auchan.ro/condiment-pentru-muraturi-cosmin-20g/p
Jun 14, 2023 9:49:20 PM Proiect.MDS.web.shopScraping.ProductScraper getProductDetails
WARNING: No name or price found for product at URL: https://www.auchan.ro/arpacas-atifco-100--natural-1-kg/p
Jun 14, 2023 9:49:27 PM Proiect.MDS.web.shopScraping.ProductScraper getProductDetails
WARNING: No name or price found for product at URL: https://www.auchan.ro/orez-camolino-atifco-bob-rotund-1-kg/p
Jun 14, 2023 9:49:31 PM Proiect.MDS.web.shopScraping.ProductScraper getProductDetails
WARNING: No name or price found for product at URL: https://www.auchan.ro/orez-bob-rotund-atifco-1-kg/p
Jun 14, 2023 9:49:47 PM Proiect.MDS.web.shopScraping.ProductScraper getProductDetails
WARNING: No name or price found for product at URL: https://www.auchan.ro/orez-prefiert-gama-premium-atifco-1-kg/p
Jun 14, 2023 9:50:06 PM Proiect.MDS.web.shopScraping.ProductScraper getProductDetails
WARNING: No name or price found for product at URL: https://www.auchan.ro/zahar-la-punga-de-hartie-diamant-1-kg/p
Jun 14, 2023 9:51:39 PM Proiect.MDS.web.shopScraping.ProductScraper getProductDetails
WARNING: No name or price found for product at URL: https://www.auchan.ro/fulgi-pentru-piure-de-cartofi-malita-100-g/p
Jun 14, 2023 9:51:49 PM Proiect.MDS.web.shopScraping.ProductScraper getProductDetails
WARNING: No name or price found for product at URL: https://www.auchan.ro/cacao-olanda-malita-50-g/p
Jun 14, 2023 9:52:46 PM Proiect.MDS.web.shopScraping.ProductScraper getProductDetails
WARNING: No name or price found for product at URL: https://www.auchan.ro/biscuiti-alka-glazurati-cu-cacao-180-g/p
Jun 14, 2023 9:53:53 PM Proiect.MDS.web.shopScraping.ProductScraper getProductDetails
WARNING: No name or price found for product at URL: https://www.auchan.ro/cereale-pentru-micul-dejun-cu-miere-si-arahide-corn-flakes-nestle-250g/p
Jun 14, 2023 9:54:16 PM Proiect.MDS.web.shopScraping.ProductScraper getProductDetails
WARNING: No name or price found for product at URL: https://www.auchan.ro/capuccino-la-festa-cu-vanilie-125-g/p
Jun 14, 2023 9:54:44 PM Proiect.MDS.web.shopScraping.ProductScraper getProductDetails
WARNING: No name or price found for product at URL: https://www.auchan.ro/ciocolata-calda-la-festa-alba-250-g/p
Jun 14, 2023 9:54:46 PM Proiect.MDS.web.shopScraping.ProductScraper getProductDetails
WARNING: No name or price found for product at URL: https://www.auchan.ro/ciocolata-calda-la-festa-cu-caramel-250-g/p
Jun 14, 2023 9:54:59 PM Proiect.MDS.web.shopScraping.ProductScraper getProductDetails
WARNING: No name or price found for product at URL: https://www.auchan.ro/ceai-verde-celmar-30-g/p
Jun 14, 2023 9:55:25 PM Proiect.MDS.web.shopScraping.ProductScraper getProductDetails
WARNING: No name or price found for product at URL: https://www.auchan.ro/ceai-de-menta-celmar-30-g/p
Jun 14, 2023 9:55:40 PM Proiect.MDS.web.shopScraping.ProductScraper getProductDetails
WARNING: No name or price found for product at URL: https://www.auchan.ro/lapte-de-consum-uht-fulga-3-5-grasime-1-l/p
Jun 14, 2023 9:55:51 PM Proiect.MDS.web.shopScraping.ProductScraper getProductDetails
WARNING: No name or price found for product at URL: https://www.auchan.ro/ciocolata-calda-la-festa-clasic-250-g/p
Jun 14, 2023 9:55:56 PM Proiect.MDS.web.shopScraping.ProductScraper getProductDetails
WARNING: No name or price found for product at URL: https://www.auchan.ro/smanatana-albalact-12-grasime-200-g/p
Jun 14, 2023 9:56:16 PM Proiect.MDS.web.shopScraping.ProductScraper getProductDetails
WARNING: No name or price found for product at URL: https://www.auchan.ro/sare-iodata-defne-extrafina-recristalizata-1-kg/p
Jun 14, 2023 9:56:23 PM Proiect.MDS.web.shopScraping.ProductScraper getProductDetails
WARNING: No name or price found for product at URL: https://www.auchan.ro/sprot-in-sos-tomat-merve-170-g/p
Jun 14, 2023 9:56:27 PM Proiect.MDS.web.shopScraping.ProductScraper getProductDetails
WARNING: No name or price found for product at URL: https://www.auchan.ro/otet-alimentar-defne-1-l/p
Jun 14, 2023 9:56:29 PM Proiect.MDS.web.shopScraping.ProductScraper getProductDetails
WARNING: No name or price found for product at URL: https://www.auchan.ro/sprot-afumat-in-ulei-merve-170-g/p
Jun 14, 2023 9:56:39 PM Proiect.MDS.web.shopScraping.ProductScraper getProductDetails
WARNING: No name or price found for product at URL: https://www.auchan.ro/zahar-pudra-margaritar-500-g/p
Jun 14, 2023 9:56:57 PM Proiect.MDS.web.shopScraping.ProductScraper getProductDetails
WARNING: No name or price found for product at URL: https://www.auchan.ro/sos-de-ardei-iute-heinz-hot-chilli-250-ml/p
Jun 14, 2023 9:57:02 PM Proiect.MDS.web.shopScraping.ProductScraper getProductDetails
WARNING: No name or price found for product at URL: https://www.auchan.ro/margarina-unirea-original-4-x-250-g/p
Jun 14, 2023 9:57:08 PM Proiect.MDS.web.shopScraping.ProductScraper getProductDetails
WARNING: No name or price found for product at URL: https://www.auchan.ro/legume-de-primavara-auchan-1kg/p
Jun 14, 2023 9:57:14 PM Proiect.MDS.web.shopScraping.ProductScraper getProductDetails
WARNING: No name or price found for product at URL: https://www.auchan.ro/fasole-verde-eco-auchan-600g/p
Jun 14, 2023 9:57:17 PM Proiect.MDS.web.shopScraping.ProductScraper getProductDetails
WARNING: No name or price found for product at URL: https://www.auchan.ro/foietaj-auchan-cu-branza-de-capra-400-g/p
Jun 14, 2023 9:57:21 PM Proiect.MDS.web.shopScraping.ProductScraper getProductDetails
WARNING: No name or price found for product at URL: https://www.auchan.ro/foietaj-auchan-cu-jambon-si-emmental-400-g/p
Jun 14, 2023 9:57:24 PM Proiect.MDS.web.shopScraping.ProductScraper getProductDetails
WARNING: No name or price found for product at URL: https://www.auchan.ro/foietaj-auchan-cu-spanac-si-branza-de-capra-400-g/p
Jun 14, 2023 10:03:38 PM Proiect.MDS.web.shopScraping.ProductScraper getProductDetails
WARNING: No name or price found for product at URL: https://www.auchan.ro/pate-de-sprot-defish-175-g/p
Jun 14, 2023 10:03:54 PM Proiect.MDS.web.shopScraping.ProductScraper getProductDetails
WARNING: No name or price found for product at URL: https://www.auchan.ro/amestec-de-legume-cu-orez-mexico-mix-bonduelle-400g/p
Jun 14, 2023 10:04:03 PM Proiect.MDS.web.shopScraping.ProductScraper getProductDetails
WARNING: No name or price found for product at URL: https://www.auchan.ro/porumb-dulce-boabe-bonduelle-170-g/p
Jun 14, 2023 10:04:11 PM Proiect.MDS.web.shopScraping.ProductScraper getProductDetails
WARNING: No name or price found for product at URL: https://www.auchan.ro/sprot-afumat-in-ulei-defish-150-g-18-bucati/p
Jun 14, 2023 10:04:17 PM Proiect.MDS.web.shopScraping.ProductScraper getProductDetails
WARNING: No name or price found for product at URL: https://www.auchan.ro/fasole-rosie-bonduelle-425-ml/p
Jun 14, 2023 10:04:48 PM Proiect.MDS.web.shopScraping.ProductScraper getProductDetails
WARNING: No name or price found for product at URL: https://www.auchan.ro/porumb-boabe-bonduelle-dulce-340-g/p
