Jun 14, 2023 10:01:29 PM Proiect.MDS.web.database.logging.ProductLogger logProductOperation
INFO: Product updated successfully: Product{id=0, name='Painea brutarului cu maia Auchan, feliata, 400 g', category='Paine Auchan', price=3.60, productType='Paine cu maia', storageConditions='A se pastra la loc uscat si racoros, ferit de razele soarelui.', weight=0.4, shelfLife='A se consuma inainte de data inscriptionata pe ambalaj.', ingredients='Faina alba de Grau, apa, sare iodata, maia aluat acid uscat din germeni de Grau 1,15% (faina din germeni de Grau, produse macinate din Grau, culturi starter), drojdie.', kcalPer100g=210, kjPer100g=891, fats=0.9, saturatedFats=0.2, carbohydrates=43.4, sugars=1, salt=1.2, fiber=null, proteins=6.5, lastModified=null, speciality=null}
Jun 14, 2023 10:01:32 PM Proiect.MDS.web.database.logging.ProductLogger logProductOperation
INFO: Product updated successfully: Product{id=0, name='Paine toast integral Auchan, 600 g', category='Paine ambalata', price=4.99, productType='Paine neagra', storageConditions='A se pastra la loc uscat si racoros, ferit de razele soarelui.', weight=0.6, shelfLife='A se consuma inainte de data inscriptionata pe ambalaj.', ingredients='null', kcalPer100g=null, kjPer100g=null, fats=null, saturatedFats=null, carbohydrates=null, sugars=null, salt=null, fiber=null, proteins=null, lastModified=null, speciality=null}
Jun 14, 2023 10:01:33 PM Proiect.MDS.web.database.logging.ProductLogger logProductOperation
INFO: Product updated successfully: Product{id=0, name='Paine toast clasica Auchan, 600 g', category='Paine ambalata', price=4.99, productType='Paine neagra', storageConditions='A se pastra la loc uscat si racoros, ferit de razele soarelui.', weight=0.6, shelfLife='A se consuma inainte de data inscriptionata pe ambalaj.', ingredients='null', kcalPer100g=null, kjPer100g=null, fats=null, saturatedFats=null, carbohydrates=null, sugars=null, salt=null, fiber=null, proteins=null, lastModified=null, speciality=null}
Jun 14, 2023 10:01:38 PM Proiect.MDS.web.database.logging.ProductLogger logProductOperation
INFO: Product updated successfully: Product{id=0, name='Cozonac Boromir cu crema de ciocolata si rom, 450 g', category='Cozonac', price=15.80, productType='Cozonac', storageConditions='null', weight=null, shelfLife='null', ingredients='null', kcalPer100g=null, kjPer100g=null, fats=null, saturatedFats=null, carbohydrates=null, sugars=null, salt=null, fiber=null, proteins=null, lastModified=null, speciality=null}
Jun 14, 2023 10:01:44 PM Proiect.MDS.web.database.logging.ProductLogger logProductOperation
INFO: Product updated successfully: Product{id=0, name='Cozonac cu crema de cacao si rahat Boromir, 500g', category='Cozonac', price=16.30, productType='Cozonac', storageConditions='null', weight=null, shelfLife='null', ingredients='null', kcalPer100g=null, kjPer100g=null, fats=null, saturatedFats=null, carbohydrates=null, sugars=null, salt=null, fiber=null, proteins=null, lastModified=null, speciality=null}
Jun 14, 2023 10:01:46 PM Proiect.MDS.web.database.logging.ProductLogger logProductOperation
INFO: Product updated successfully: Product{id=0, name='Cozonac Boromir cu crema de lapte si frisca, 450 g', category='Cozonac', price=15.80, productType='Cozonac', storageConditions='null', weight=null, shelfLife='null', ingredients='null', kcalPer100g=null, kjPer100g=null, fats=null, saturatedFats=null, carbohydrates=null, sugars=null, salt=null, fiber=null, proteins=null, lastModified=null, speciality=null}
Jun 14, 2023 10:01:53 PM Proiect.MDS.web.database.logging.ProductLogger logProductOperation
INFO: Product updated successfully: Product{id=0, name='Cozonac cu crema de nuca si cacao Boromir, 450g', category='Cozonac', price=22.10, productType='Cozonac', storageConditions='null', weight=null, shelfLife='null', ingredients='null', kcalPer100g=null, kjPer100g=null, fats=null, saturatedFats=null, carbohydrates=null, sugars=null, salt=null, fiber=null, proteins=null, lastModified=null, speciality=null}
Jun 14, 2023 10:01:57 PM Proiect.MDS.web.database.logging.ProductLogger logProductOperation
INFO: Product updated successfully: Product{id=0, name='Zahar pachet hartie Coronita Agrana, 1 kg', category='Zahar si Indulcitori', price=5.95, productType='Zahar', storageConditions='A se pastra la loc uscat si racoros ferit de actiunea razelor solare.', weight=1, shelfLife='A se consuma inainte de data inscriptionata pe ambalaj.', ingredients='Zahar.', kcalPer100g=400, kjPer100g=1700, fats=null, saturatedFats=null, carbohydrates=100, sugars=100, salt=null, fiber=null, proteins=null, lastModified=null, speciality=null}
Jun 14, 2023 10:01:58 PM Proiect.MDS.web.database.logging.ProductLogger logProductOperation
INFO: Product updated successfully: Product{id=0, name='Ulei de floarea soarelui Auchan, 1 l', category='Ulei', price=7.29, productType='Ulei de floarea soarelui', storageConditions='A se pastra la loc uscat si racoros ferit de actiunea razelor solare.', weight=1, shelfLife='A se consuma inainte de data inscriptionata pe ambalaj.', ingredients='Floarea soarelui.', kcalPer100g=828, kjPer100g=3404, fats=92, saturatedFats=10, carbohydrates=null, sugars=null, salt=null, fiber=null, proteins=null, lastModified=null, speciality=null}
Jun 14, 2023 10:02:00 PM Proiect.MDS.web.database.logging.ProductLogger logProductOperation
INFO: Product updated successfully: Product{id=0, name='Cafea macinata Jacobs Kronung Alintaroma, 500 g', category='Cafea macinata', price=28.00, productType='Cafea macinata', storageConditions='A se pastra la o temperatura cuprinsa intre 4 - 20°C', weight=0.516, shelfLife='A se consuma inainte de data inscriptionata pe ambalaj.', ingredients='null', kcalPer100g=null, kjPer100g=null, fats=null, saturatedFats=null, carbohydrates=null, sugars=null, salt=null, fiber=null, proteins=null, lastModified=null, speciality=null}
Jun 14, 2023 10:02:02 PM Proiect.MDS.web.database.logging.ProductLogger logProductOperation
INFO: Product updated successfully: Product{id=0, name='Ulei de floarea soarelui Bunica, 1 l', category='Ulei', price=10.39, productType='Ulei de floarea soarelui', storageConditions='A se pastra la loc uscat si racoros ferit de actiunea razelor solare.', weight=1, shelfLife='A se consuma inainte de data inscriptionata pe ambalaj.', ingredients='null', kcalPer100g=null, kjPer100g=null, fats=null, saturatedFats=null, carbohydrates=null, sugars=null, salt=null, fiber=null, proteins=null, lastModified=null, speciality=null}
Jun 14, 2023 10:02:04 PM Proiect.MDS.web.database.logging.ProductLogger logProductOperation
INFO: Product updated successfully: Product{id=0, name='Cafea solubila Fortuna Rendez-Vous, 50 g', category='Cafea solubila', price=5.35, productType='null', storageConditions='null', weight=null, shelfLife='null', ingredients='null', kcalPer100g=null, kjPer100g=null, fats=null, saturatedFats=null, carbohydrates=null, sugars=null, salt=null, fiber=null, proteins=null, lastModified=null, speciality=null}
Jun 14, 2023 10:02:07 PM Proiect.MDS.web.database.logging.ProductLogger logProductOperation
INFO: Product updated successfully: Product{id=0, name='Pufuleti simpli Gusto, 85 g', category='Popcorn si Pufuleti', price=1.70, productType='Pufuleti', storageConditions='A se pastra la loc uscat si racoros, ferit de razele soarelui.', weight=0.085, shelfLife='A se consuma inainte de data inscriptionata pe ambalaj.', ingredients='Malai grisat, ulei vegetal de palmier, sare.', kcalPer100g=427, kjPer100g=1799, fats=10, saturatedFats=4.5, carbohydrates=76.5, sugars=2, salt=0.9, fiber=null, proteins=6.5, lastModified=null, speciality=null}
Jun 14, 2023 10:02:10 PM Proiect.MDS.web.database.logging.ProductLogger logProductOperation
INFO: Product updated successfully: Product{id=0, name='Pufuleti simpli Gusto, 45 g', category='Popcorn si Pufuleti', price=0.86, productType='Pufuleti', storageConditions='A se pastra la loc uscat si racoros, ferit de razele soarelui.', weight=0.045, shelfLife='A se consuma inainte de data inscriptionata pe ambalaj.', ingredients='Malai grisat, ulei vegetal de palmier, sare.', kcalPer100g=427, kjPer100g=1799, fats=10, saturatedFats=4.5, carbohydrates=76.5, sugars=2, salt=0.9, fiber=null, proteins=6.5, lastModified=null, speciality=null}
Jun 14, 2023 10:02:11 PM Proiect.MDS.web.database.logging.ProductLogger logProductOperation
INFO: Product updated successfully: Product{id=0, name='Ciocolata cu arahide Africana, 90 g', category='Tablete ciocolata', price=3.25, productType='Tablete de ciocolata', storageConditions='A se pastra la loc uscat si racoros, ferit de razele soarelui.', weight=0.09, shelfLife='A se consuma inainte de data inscriptionata pe ambalaj.', ingredients='Zahar, arahide (18%), grasime vegetala (palmier, shea), zer praf (din lapte ), cacao cu continut redus de grasime, emulsificatori (lecitina din soia, e476, lecitina din floarea soarelui), lapte praf degresat (0, 8%), aroma. Tableta cu lapte contine substa', kcalPer100g=535, kjPer100g=2225, fats=32, saturatedFats=15, carbohydrates=52, sugars=50, salt=0.14, fiber=null, proteins=8.2, lastModified=null, speciality=null}
Jun 14, 2023 10:02:15 PM Proiect.MDS.web.database.logging.ProductLogger logProductOperation
INFO: Product updated successfully: Product{id=0, name='Lapte de consum Auchan, 1.5% grasime, 1 l', category='Lapte', price=4.50, productType='Lapte de consum', storageConditions='A se pastra la o temperatura de maxim 6°C', weight=1, shelfLife='A se consuma inainte de data inscriptionata pe ambalaj.', ingredients='Lapte de vaca semidegresat cu 1.5% gasime', kcalPer100g=44, kjPer100g=183, fats=1.5, saturatedFats=1, carbohydrates=4.5, sugars=4.5, salt=null, fiber=null, proteins=1.5, lastModified=null, speciality=null}
Jun 14, 2023 10:02:18 PM Proiect.MDS.web.database.logging.ProductLogger logProductOperation
INFO: Product updated successfully: Product{id=0, name='Lapte de consum Auchan, 3.5% grasime, 1 l', category='Lapte', price=5.40, productType='Lapte de consum', storageConditions='A se pastra la o temperatura de maxim 6°C', weight=1, shelfLife='A se consuma inainte de data inscriptionata pe ambalaj.', ingredients='Lapte de vaca integral standardizat cu 3.5% gasime', kcalPer100g=62, kjPer100g=257, fats=3.5, saturatedFats=2.3, carbohydrates=4.5, sugars=4.5, salt=null, fiber=null, proteins=3, lastModified=null, speciality=null}
Jun 14, 2023 10:02:19 PM Proiect.MDS.web.database.logging.ProductLogger logProductOperation
INFO: Product updated successfully: Product{id=0, name='Unt Auchan, 82% grasime, 200 g', category='Unt si margarina', price=12.90, productType='Unt', storageConditions='A se pastra la o temperatura de maxim 8°C', weight=0.2, shelfLife='A se consuma inainte de data inscriptionata pe ambalaj.', ingredients='null', kcalPer100g=742, kjPer100g=3053, fats=82, saturatedFats=57, carbohydrates=0.3, sugars=0.1, salt=null, fiber=null, proteins=0.8, lastModified=null, speciality=null}
Jun 14, 2023 10:02:21 PM Proiect.MDS.web.database.logging.ProductLogger logProductOperation
INFO: Product updated successfully: Product{id=0, name='Lapte de consum Laptaria cu caimac, 3.8 - 4.1% grasime, 1 l', category='Lapte', price=9.05, productType='Lapte de consum', storageConditions='A se pastra la o temperatura de maxim 6°C', weight=1, shelfLife='A se consuma inainte de data inscriptionata pe ambalaj.', ingredients='null', kcalPer100g=64, kjPer100g=265, fats=3.8, saturatedFats=2.5, carbohydrates=3.8, sugars=2.8, salt=0.1, fiber=null, proteins=3.8, lastModified=null, speciality=null}
Jun 14, 2023 10:02:21 PM Proiect.MDS.web.database.logging.ProductLogger logProductOperation
INFO: Product updated successfully: Product{id=0, name='Lapte integral UHT Auchan, 3.5% grasime, 1 l', category='Lapte', price=5.60, productType='Lapte UHT', storageConditions='A se pastra la o temperatura de maxim 25°C', weight=1, shelfLife='A se consuma inainte de data inscriptionata pe ambalaj.', ingredients='null', kcalPer100g=62, kjPer100g=257, fats=3.5, saturatedFats=2.3, carbohydrates=4.5, sugars=4.5, salt=0.1, fiber=null, proteins=3.5, lastModified=null, speciality=null}
Jun 14, 2023 10:02:23 PM Proiect.MDS.web.database.logging.ProductLogger logProductOperation
INFO: Product updated successfully: Product{id=0, name='Lapte de consum ZuZu, 3.5% grasime, 1.8 l', category='Lapte', price=11.52, productType='Lapte de consum', storageConditions='A se pastra la o temperatura de maxim 6°C', weight=1.8, shelfLife='A se consuma inainte de data inscriptionata pe ambalaj.', ingredients='null', kcalPer100g=null, kjPer100g=null, fats=null, saturatedFats=null, carbohydrates=null, sugars=null, salt=null, fiber=null, proteins=3.5, lastModified=null, speciality=null}
Jun 14, 2023 10:02:25 PM Proiect.MDS.web.database.logging.ProductLogger logProductOperation
INFO: Product updated successfully: Product{id=0, name='Oua de gaina ECO Filiera Auchan, marime M, cod 0, 10 bucati', category='', price=16.90, productType='Oua de gaina', storageConditions='A se pastra la o temperatura cuprinsa intre 5-18°C.', weight=0.64, shelfLife='A se consuma inainte de data inscriptionata pe ambalaj.', ingredients='null', kcalPer100g=141, kjPer100g=586, fats=10.21, saturatedFats=2.77, carbohydrates=0.28, sugars=0.1, salt=0.37, fiber=null, proteins=11.95, lastModified=null, speciality=null}
Jun 14, 2023 10:02:27 PM Proiect.MDS.web.database.logging.ProductLogger logProductOperation
INFO: Product updated successfully: Product{id=0, name='Iaurt grecesc Olympus, 10% grasime, 150 g', category='Iaurt', price=3.33, productType='Iaurt grecesc', storageConditions='A se pastra la o temperatura de maxim 8°C', weight=0.125, shelfLife='A se consuma inainte de data inscriptionata pe ambalaj.', ingredients='Lapte de capra si culturi lactice.', kcalPer100g=null, kjPer100g=396, fats=6.6, saturatedFats=4.4, carbohydrates=3.6, sugars=3.6, salt=0.1, fiber=null, proteins=5.3, lastModified=null, speciality=null}
Jun 14, 2023 10:02:31 PM Proiect.MDS.web.database.logging.ProductLogger logProductOperation
INFO: Product updated successfully: Product{id=0, name='Ridichi rosii, pret pe legatura', category='Legume proaspete', price=1.38, productType='Radacinoase', storageConditions='A se pastra la loc uscat si racoros, ferit de razele soarelui.', weight=0.3, shelfLife='null', ingredients='null', kcalPer100g=null, kjPer100g=null, fats=null, saturatedFats=null, carbohydrates=null, sugars=null, salt=null, fiber=null, proteins=null, lastModified=null, speciality=null}
Jun 14, 2023 10:02:32 PM Proiect.MDS.web.database.logging.ProductLogger logProductOperation
INFO: Product updated successfully: Product{id=0, name='Lamai netratate dupa recoltare, 4 bucati', category='Fructe proaspete', price=9.49, productType='Lamai', storageConditions='A se pastra la loc uscat si racoros, ferit de razele soarelui.', weight=1, shelfLife='null', ingredients='null', kcalPer100g=null, kjPer100g=null, fats=null, saturatedFats=null, carbohydrates=null, sugars=null, salt=null, fiber=null, proteins=null, lastModified=null, speciality=null}
Jun 14, 2023 10:02:42 PM Proiect.MDS.web.database.logging.ProductLogger logProductOperation
INFO: Product updated successfully: Product{id=0, name='Bors Olympia, 1L', category='', price=3.75, productType='Bors', storageConditions='null', weight=null, shelfLife='null', ingredients='null', kcalPer100g=null, kjPer100g=null, fats=null, saturatedFats=null, carbohydrates=null, sugars=null, salt=null, fiber=null, proteins=null, lastModified=null, speciality=null}
Jun 14, 2023 10:02:44 PM Proiect.MDS.web.database.logging.ProductLogger logProductOperation
INFO: Product updated successfully: Product{id=0, name='Mix de salata Energia Auchan, 200g', category='Salate', price=5.49, productType='Salata', storageConditions='null', weight=null, shelfLife='null', ingredients='null', kcalPer100g=null, kjPer100g=null, fats=null, saturatedFats=null, carbohydrates=null, sugars=null, salt=null, fiber=null, proteins=null, lastModified=null, speciality=null}
Jun 14, 2023 10:02:46 PM Proiect.MDS.web.database.logging.ProductLogger logProductOperation
INFO: Product updated successfully: Product{id=0, name='Mix de salata Auchan Curcubeu, 160g', category='Salate', price=4.99, productType='Salata', storageConditions='null', weight=null, shelfLife='null', ingredients='null', kcalPer100g=null, kjPer100g=null, fats=null, saturatedFats=null, carbohydrates=null, sugars=null, salt=null, fiber=null, proteins=null, lastModified=null, speciality=null}
Jun 14, 2023 10:02:48 PM Proiect.MDS.web.database.logging.ProductLogger logProductOperation
INFO: Product updated successfully: Product{id=0, name='Mix de salata Auchan Suprema, 260g', category='Salate', price=5.49, productType='Salata', storageConditions='null', weight=null, shelfLife='null', ingredients='null', kcalPer100g=null, kjPer100g=null, fats=null, saturatedFats=null, carbohydrates=null, sugars=null, salt=null, fiber=null, proteins=null, lastModified=null, speciality=null}
Jun 14, 2023 10:02:50 PM Proiect.MDS.web.database.logging.ProductLogger logProductOperation
INFO: Product updated successfully: Product{id=0, name='Portocale, 1.5 kg', category='Fructe proaspete', price=14.99, productType='Portocale', storageConditions='A se pastra la loc uscat si racoros, ferit de razele soarelui.', weight=1.5, shelfLife='null', ingredients='null', kcalPer100g=null, kjPer100g=null, fats=null, saturatedFats=null, carbohydrates=null, sugars=null, salt=null, fiber=null, proteins=null, lastModified=null, speciality=null}
Jun 14, 2023 10:02:51 PM Proiect.MDS.web.database.logging.ProductLogger logProductOperation
INFO: Product updated successfully: Product{id=0, name='Painea brutarului cu maia Auchan, feliata, 400 g', category='Paine Auchan', price=3.60, productType='Paine cu maia', storageConditions='A se pastra la loc uscat si racoros, ferit de razele soarelui.', weight=0.4, shelfLife='A se consuma inainte de data inscriptionata pe ambalaj.', ingredients='Faina alba de Grau, apa, sare iodata, maia aluat acid uscat din germeni de Grau 1,15% (faina din germeni de Grau, produse macinate din Grau, culturi starter), drojdie.', kcalPer100g=210, kjPer100g=891, fats=0.9, saturatedFats=0.2, carbohydrates=43.4, sugars=1, salt=1.2, fiber=null, proteins=6.5, lastModified=null, speciality=null}
Jun 14, 2023 10:02:51 PM Proiect.MDS.web.database.logging.ProductLogger logProductOperation
INFO: Product updated successfully: Product{id=0, name='Paine toast integral Auchan, 600 g', category='Paine ambalata', price=4.99, productType='Paine neagra', storageConditions='A se pastra la loc uscat si racoros, ferit de razele soarelui.', weight=0.6, shelfLife='A se consuma inainte de data inscriptionata pe ambalaj.', ingredients='null', kcalPer100g=null, kjPer100g=null, fats=null, saturatedFats=null, carbohydrates=null, sugars=null, salt=null, fiber=null, proteins=null, lastModified=null, speciality=null}
Jun 14, 2023 10:02:51 PM Proiect.MDS.web.database.logging.ProductLogger logProductOperation
INFO: Product updated successfully: Product{id=0, name='Paine toast clasica Auchan, 600 g', category='Paine ambalata', price=4.99, productType='Paine neagra', storageConditions='A se pastra la loc uscat si racoros, ferit de razele soarelui.', weight=0.6, shelfLife='A se consuma inainte de data inscriptionata pe ambalaj.', ingredients='null', kcalPer100g=null, kjPer100g=null, fats=null, saturatedFats=null, carbohydrates=null, sugars=null, salt=null, fiber=null, proteins=null, lastModified=null, speciality=null}
Jun 14, 2023 10:02:51 PM Proiect.MDS.web.database.logging.ProductLogger logProductOperation
INFO: Product updated successfully: Product{id=0, name='Cozonac Boromir cu crema de ciocolata si rom, 450 g', category='Cozonac', price=15.80, productType='Cozonac', storageConditions='null', weight=null, shelfLife='null', ingredients='null', kcalPer100g=null, kjPer100g=null, fats=null, saturatedFats=null, carbohydrates=null, sugars=null, salt=null, fiber=null, proteins=null, lastModified=null, speciality=null}
Jun 14, 2023 10:02:51 PM Proiect.MDS.web.database.logging.ProductLogger logProductOperation
INFO: Product updated successfully: Product{id=0, name='Cozonac cu crema de cacao si rahat Boromir, 500g', category='Cozonac', price=16.30, productType='Cozonac', storageConditions='null', weight=null, shelfLife='null', ingredients='null', kcalPer100g=null, kjPer100g=null, fats=null, saturatedFats=null, carbohydrates=null, sugars=null, salt=null, fiber=null, proteins=null, lastModified=null, speciality=null}
Jun 14, 2023 10:02:52 PM Proiect.MDS.web.database.logging.ProductLogger logProductOperation
INFO: Product updated successfully: Product{id=0, name='Cozonac Boromir cu crema de lapte si frisca, 450 g', category='Cozonac', price=15.80, productType='Cozonac', storageConditions='null', weight=null, shelfLife='null', ingredients='null', kcalPer100g=null, kjPer100g=null, fats=null, saturatedFats=null, carbohydrates=null, sugars=null, salt=null, fiber=null, proteins=null, lastModified=null, speciality=null}
Jun 14, 2023 10:02:52 PM Proiect.MDS.web.database.logging.ProductLogger logProductOperation
INFO: Product updated successfully: Product{id=0, name='Cozonac cu crema de nuca si cacao Boromir, 450g', category='Cozonac', price=22.10, productType='Cozonac', storageConditions='null', weight=null, shelfLife='null', ingredients='null', kcalPer100g=null, kjPer100g=null, fats=null, saturatedFats=null, carbohydrates=null, sugars=null, salt=null, fiber=null, proteins=null, lastModified=null, speciality=null}
Jun 14, 2023 10:02:52 PM Proiect.MDS.web.database.logging.ProductLogger logProductOperation
INFO: Product updated successfully: Product{id=0, name='Zahar pachet hartie Coronita Agrana, 1 kg', category='Zahar si Indulcitori', price=5.95, productType='Zahar', storageConditions='A se pastra la loc uscat si racoros ferit de actiunea razelor solare.', weight=1, shelfLife='A se consuma inainte de data inscriptionata pe ambalaj.', ingredients='Zahar.', kcalPer100g=400, kjPer100g=1700, fats=null, saturatedFats=null, carbohydrates=100, sugars=100, salt=null, fiber=null, proteins=null, lastModified=null, speciality=null}
Jun 14, 2023 10:02:53 PM Proiect.MDS.web.database.logging.ProductLogger logProductOperation
INFO: Product updated successfully: Product{id=0, name='Ulei de floarea soarelui Auchan, 1 l', category='Ulei', price=7.29, productType='Ulei de floarea soarelui', storageConditions='A se pastra la loc uscat si racoros ferit de actiunea razelor solare.', weight=1, shelfLife='A se consuma inainte de data inscriptionata pe ambalaj.', ingredients='Floarea soarelui.', kcalPer100g=828, kjPer100g=3404, fats=92, saturatedFats=10, carbohydrates=null, sugars=null, salt=null, fiber=null, proteins=null, lastModified=null, speciality=null}
Jun 14, 2023 10:02:53 PM Proiect.MDS.web.database.logging.ProductLogger logProductOperation
INFO: Product updated successfully: Product{id=0, name='Cafea macinata Jacobs Kronung Alintaroma, 500 g', category='Cafea macinata', price=28.00, productType='Cafea macinata', storageConditions='A se pastra la o temperatura cuprinsa intre 4 - 20°C', weight=0.516, shelfLife='A se consuma inainte de data inscriptionata pe ambalaj.', ingredients='null', kcalPer100g=null, kjPer100g=null, fats=null, saturatedFats=null, carbohydrates=null, sugars=null, salt=null, fiber=null, proteins=null, lastModified=null, speciality=null}
Jun 14, 2023 10:02:53 PM Proiect.MDS.web.database.logging.ProductLogger logProductOperation
INFO: Product updated successfully: Product{id=0, name='Ulei de floarea soarelui Bunica, 1 l', category='Ulei', price=10.39, productType='Ulei de floarea soarelui', storageConditions='A se pastra la loc uscat si racoros ferit de actiunea razelor solare.', weight=1, shelfLife='A se consuma inainte de data inscriptionata pe ambalaj.', ingredients='null', kcalPer100g=null, kjPer100g=null, fats=null, saturatedFats=null, carbohydrates=null, sugars=null, salt=null, fiber=null, proteins=null, lastModified=null, speciality=null}
Jun 14, 2023 10:02:53 PM Proiect.MDS.web.database.logging.ProductLogger logProductOperation
INFO: Product updated successfully: Product{id=0, name='Cafea solubila Fortuna Rendez-Vous, 50 g', category='Cafea solubila', price=5.35, productType='null', storageConditions='null', weight=null, shelfLife='null', ingredients='null', kcalPer100g=null, kjPer100g=null, fats=null, saturatedFats=null, carbohydrates=null, sugars=null, salt=null, fiber=null, proteins=null, lastModified=null, speciality=null}
Jun 14, 2023 10:02:53 PM Proiect.MDS.web.database.logging.ProductLogger logProductOperation
INFO: Product updated successfully: Product{id=0, name='Pufuleti simpli Gusto, 85 g', category='Popcorn si Pufuleti', price=1.70, productType='Pufuleti', storageConditions='A se pastra la loc uscat si racoros, ferit de razele soarelui.', weight=0.085, shelfLife='A se consuma inainte de data inscriptionata pe ambalaj.', ingredients='Malai grisat, ulei vegetal de palmier, sare.', kcalPer100g=427, kjPer100g=1799, fats=10, saturatedFats=4.5, carbohydrates=76.5, sugars=2, salt=0.9, fiber=null, proteins=6.5, lastModified=null, speciality=null}
Jun 14, 2023 10:02:54 PM Proiect.MDS.web.database.logging.ProductLogger logProductOperation
INFO: Product updated successfully: Product{id=0, name='Pufuleti simpli Gusto, 45 g', category='Popcorn si Pufuleti', price=0.86, productType='Pufuleti', storageConditions='A se pastra la loc uscat si racoros, ferit de razele soarelui.', weight=0.045, shelfLife='A se consuma inainte de data inscriptionata pe ambalaj.', ingredients='Malai grisat, ulei vegetal de palmier, sare.', kcalPer100g=427, kjPer100g=1799, fats=10, saturatedFats=4.5, carbohydrates=76.5, sugars=2, salt=0.9, fiber=null, proteins=6.5, lastModified=null, speciality=null}
Jun 14, 2023 10:02:54 PM Proiect.MDS.web.database.logging.ProductLogger logProductOperation
INFO: Product updated successfully: Product{id=0, name='Ciocolata cu arahide Africana, 90 g', category='Tablete ciocolata', price=3.25, productType='Tablete de ciocolata', storageConditions='A se pastra la loc uscat si racoros, ferit de razele soarelui.', weight=0.09, shelfLife='A se consuma inainte de data inscriptionata pe ambalaj.', ingredients='Zahar, arahide (18%), grasime vegetala (palmier, shea), zer praf (din lapte ), cacao cu continut redus de grasime, emulsificatori (lecitina din soia, e476, lecitina din floarea soarelui), lapte praf degresat (0, 8%), aroma. Tableta cu lapte contine substa', kcalPer100g=535, kjPer100g=2225, fats=32, saturatedFats=15, carbohydrates=52, sugars=50, salt=0.14, fiber=null, proteins=8.2, lastModified=null, speciality=null}
Jun 14, 2023 10:02:54 PM Proiect.MDS.web.database.logging.ProductLogger logProductOperation
INFO: Product updated successfully: Product{id=0, name='Lapte de consum Auchan, 1.5% grasime, 1 l', category='Lapte', price=4.50, productType='Lapte de consum', storageConditions='A se pastra la o temperatura de maxim 6°C', weight=1, shelfLife='A se consuma inainte de data inscriptionata pe ambalaj.', ingredients='Lapte de vaca semidegresat cu 1.5% gasime', kcalPer100g=44, kjPer100g=183, fats=1.5, saturatedFats=1, carbohydrates=4.5, sugars=4.5, salt=null, fiber=null, proteins=1.5, lastModified=null, speciality=null}
Jun 14, 2023 10:02:55 PM Proiect.MDS.web.database.logging.ProductLogger logProductOperation
INFO: Product updated successfully: Product{id=0, name='Lapte de consum Auchan, 3.5% grasime, 1 l', category='Lapte', price=5.40, productType='Lapte de consum', storageConditions='A se pastra la o temperatura de maxim 6°C', weight=1, shelfLife='A se consuma inainte de data inscriptionata pe ambalaj.', ingredients='Lapte de vaca integral standardizat cu 3.5% gasime', kcalPer100g=62, kjPer100g=257, fats=3.5, saturatedFats=2.3, carbohydrates=4.5, sugars=4.5, salt=null, fiber=null, proteins=3, lastModified=null, speciality=null}
Jun 14, 2023 10:02:55 PM Proiect.MDS.web.database.logging.ProductLogger logProductOperation
INFO: Product updated successfully: Product{id=0, name='Unt Auchan, 82% grasime, 200 g', category='Unt si margarina', price=12.90, productType='Unt', storageConditions='A se pastra la o temperatura de maxim 8°C', weight=0.2, shelfLife='A se consuma inainte de data inscriptionata pe ambalaj.', ingredients='null', kcalPer100g=742, kjPer100g=3053, fats=82, saturatedFats=57, carbohydrates=0.3, sugars=0.1, salt=null, fiber=null, proteins=0.8, lastModified=null, speciality=null}
Jun 14, 2023 10:02:55 PM Proiect.MDS.web.database.logging.ProductLogger logProductOperation
INFO: Product updated successfully: Product{id=0, name='Lapte de consum Laptaria cu caimac, 3.8 - 4.1% grasime, 1 l', category='Lapte', price=9.05, productType='Lapte de consum', storageConditions='A se pastra la o temperatura de maxim 6°C', weight=1, shelfLife='A se consuma inainte de data inscriptionata pe ambalaj.', ingredients='null', kcalPer100g=64, kjPer100g=265, fats=3.8, saturatedFats=2.5, carbohydrates=3.8, sugars=2.8, salt=0.1, fiber=null, proteins=3.8, lastModified=null, speciality=null}
Jun 14, 2023 10:02:56 PM Proiect.MDS.web.database.logging.ProductLogger logProductOperation
INFO: Product updated successfully: Product{id=0, name='Lapte integral UHT Auchan, 3.5% grasime, 1 l', category='Lapte', price=5.60, productType='Lapte UHT', storageConditions='A se pastra la o temperatura de maxim 25°C', weight=1, shelfLife='A se consuma inainte de data inscriptionata pe ambalaj.', ingredients='null', kcalPer100g=62, kjPer100g=257, fats=3.5, saturatedFats=2.3, carbohydrates=4.5, sugars=4.5, salt=0.1, fiber=null, proteins=3.5, lastModified=null, speciality=null}
Jun 14, 2023 10:02:56 PM Proiect.MDS.web.database.logging.ProductLogger logProductOperation
INFO: Product updated successfully: Product{id=0, name='Lapte de consum ZuZu, 3.5% grasime, 1.8 l', category='Lapte', price=11.52, productType='Lapte de consum', storageConditions='A se pastra la o temperatura de maxim 6°C', weight=1.8, shelfLife='A se consuma inainte de data inscriptionata pe ambalaj.', ingredients='null', kcalPer100g=null, kjPer100g=null, fats=null, saturatedFats=null, carbohydrates=null, sugars=null, salt=null, fiber=null, proteins=3.5, lastModified=null, speciality=null}
Jun 14, 2023 10:02:56 PM Proiect.MDS.web.database.logging.ProductLogger logProductOperation
INFO: Product updated successfully: Product{id=0, name='Oua de gaina ECO Filiera Auchan, marime M, cod 0, 10 bucati', category='', price=16.90, productType='Oua de gaina', storageConditions='A se pastra la o temperatura cuprinsa intre 5-18°C.', weight=0.64, shelfLife='A se consuma inainte de data inscriptionata pe ambalaj.', ingredients='null', kcalPer100g=141, kjPer100g=586, fats=10.21, saturatedFats=2.77, carbohydrates=0.28, sugars=0.1, salt=0.37, fiber=null, proteins=11.95, lastModified=null, speciality=null}
Jun 14, 2023 10:02:56 PM Proiect.MDS.web.database.logging.ProductLogger logProductOperation
INFO: Product updated successfully: Product{id=0, name='Iaurt grecesc Olympus, 10% grasime, 150 g', category='Iaurt', price=3.33, productType='Iaurt grecesc', storageConditions='A se pastra la o temperatura de maxim 8°C', weight=0.125, shelfLife='A se consuma inainte de data inscriptionata pe ambalaj.', ingredients='Lapte de capra si culturi lactice.', kcalPer100g=null, kjPer100g=396, fats=6.6, saturatedFats=4.4, carbohydrates=3.6, sugars=3.6, salt=0.1, fiber=null, proteins=5.3, lastModified=null, speciality=null}
Jun 14, 2023 10:02:57 PM Proiect.MDS.web.database.logging.ProductLogger logProductOperation
INFO: Product updated successfully: Product{id=0, name='Ridichi rosii, pret pe legatura', category='Legume proaspete', price=1.38, productType='Radacinoase', storageConditions='A se pastra la loc uscat si racoros, ferit de razele soarelui.', weight=0.3, shelfLife='null', ingredients='null', kcalPer100g=null, kjPer100g=null, fats=null, saturatedFats=null, carbohydrates=null, sugars=null, salt=null, fiber=null, proteins=null, lastModified=null, speciality=null}
Jun 14, 2023 10:02:57 PM Proiect.MDS.web.database.logging.ProductLogger logProductOperation
INFO: Product updated successfully: Product{id=0, name='Lamai netratate dupa recoltare, 4 bucati', category='Fructe proaspete', price=9.49, productType='Lamai', storageConditions='A se pastra la loc uscat si racoros, ferit de razele soarelui.', weight=1, shelfLife='null', ingredients='null', kcalPer100g=null, kjPer100g=null, fats=null, saturatedFats=null, carbohydrates=null, sugars=null, salt=null, fiber=null, proteins=null, lastModified=null, speciality=null}
Jun 14, 2023 10:02:57 PM Proiect.MDS.web.database.logging.ProductLogger logProductOperation
INFO: Product updated successfully: Product{id=0, name='Bors Olympia, 1L', category='', price=3.75, productType='Bors', storageConditions='null', weight=null, shelfLife='null', ingredients='null', kcalPer100g=null, kjPer100g=null, fats=null, saturatedFats=null, carbohydrates=null, sugars=null, salt=null, fiber=null, proteins=null, lastModified=null, speciality=null}
Jun 14, 2023 10:02:57 PM Proiect.MDS.web.database.logging.ProductLogger logProductOperation
INFO: Product updated successfully: Product{id=0, name='Mix de salata Energia Auchan, 200g', category='Salate', price=5.49, productType='Salata', storageConditions='null', weight=null, shelfLife='null', ingredients='null', kcalPer100g=null, kjPer100g=null, fats=null, saturatedFats=null, carbohydrates=null, sugars=null, salt=null, fiber=null, proteins=null, lastModified=null, speciality=null}
Jun 14, 2023 10:02:58 PM Proiect.MDS.web.database.logging.ProductLogger logProductOperation
INFO: Product updated successfully: Product{id=0, name='Mix de salata Auchan Curcubeu, 160g', category='Salate', price=4.99, productType='Salata', storageConditions='null', weight=null, shelfLife='null', ingredients='null', kcalPer100g=null, kjPer100g=null, fats=null, saturatedFats=null, carbohydrates=null, sugars=null, salt=null, fiber=null, proteins=null, lastModified=null, speciality=null}
Jun 14, 2023 10:02:58 PM Proiect.MDS.web.database.logging.ProductLogger logProductOperation
INFO: Product updated successfully: Product{id=0, name='Mix de salata Auchan Suprema, 260g', category='Salate', price=5.49, productType='Salata', storageConditions='null', weight=null, shelfLife='null', ingredients='null', kcalPer100g=null, kjPer100g=null, fats=null, saturatedFats=null, carbohydrates=null, sugars=null, salt=null, fiber=null, proteins=null, lastModified=null, speciality=null}
Jun 14, 2023 10:02:58 PM Proiect.MDS.web.database.logging.ProductLogger logProductOperation
INFO: Product updated successfully: Product{id=0, name='Portocale, 1.5 kg', category='Fructe proaspete', price=14.99, productType='Portocale', storageConditions='A se pastra la loc uscat si racoros, ferit de razele soarelui.', weight=1.5, shelfLife='null', ingredients='null', kcalPer100g=null, kjPer100g=null, fats=null, saturatedFats=null, carbohydrates=null, sugars=null, salt=null, fiber=null, proteins=null, lastModified=null, speciality=null}
Jun 14, 2023 10:04:07 PM Proiect.MDS.web.database.logging.ProductLogger logProductOperation
INFO: Product updated successfully: Product{id=0, name='Pate cu ficat de gasca Scandia Sibiu, 120g', category='Conserve carne si Pate', price=6.65, productType='Carne si specialitati', storageConditions='null', weight=null, shelfLife='null', ingredients='null', kcalPer100g=null, kjPer100g=null, fats=null, saturatedFats=null, carbohydrates=null, sugars=null, salt=null, fiber=null, proteins=null, lastModified=null, speciality=null}
Jun 14, 2023 10:04:15 PM Proiect.MDS.web.database.logging.ProductLogger logProductOperation
INFO: Product updated successfully: Product{id=0, name='Ciorba de burta cu smantana Scandia Sibiu, 400g', category='Conserve mancare gatita', price=11.90, productType='Conserva mancare gatita', storageConditions='null', weight=null, shelfLife='null', ingredients='null', kcalPer100g=null, kjPer100g=null, fats=null, saturatedFats=null, carbohydrates=null, sugars=null, salt=null, fiber=null, proteins=null, lastModified=null, speciality=null}
Jun 14, 2023 10:04:26 PM Proiect.MDS.web.database.logging.ProductLogger logProductOperation
INFO: Product updated successfully: Product{id=0, name='Pate integral de pui Scandia Sibiu, 200g', category='Conserve carne si Pate', price=7.95, productType='Carne si specialitati', storageConditions='null', weight=null, shelfLife='null', ingredients='null', kcalPer100g=null, kjPer100g=null, fats=null, saturatedFats=null, carbohydrates=null, sugars=null, salt=null, fiber=null, proteins=null, lastModified=null, speciality=null}
Jun 14, 2023 10:04:28 PM Proiect.MDS.web.database.logging.ProductLogger logProductOperation
INFO: Product updated successfully: Product{id=0, name='Pate integral de pui Scandia Sibiu, 120g', category='Conserve carne si Pate', price=4.90, productType='Carne si specialitati', storageConditions='null', weight=null, shelfLife='null', ingredients='null', kcalPer100g=null, kjPer100g=null, fats=null, saturatedFats=null, carbohydrates=null, sugars=null, salt=null, fiber=null, proteins=null, lastModified=null, speciality=null}
Jun 14, 2023 10:04:45 PM Proiect.MDS.web.database.logging.ProductLogger logProductOperation
INFO: Product updated successfully: Product{id=0, name='Sarmalute cu carne de porc Scandia Sibiu traditii, 400gr', category='Conserve mancare gatita', price=19.70, productType='Conserve mancare gatita', storageConditions='null', weight=null, shelfLife='null', ingredients='null', kcalPer100g=null, kjPer100g=null, fats=null, saturatedFats=null, carbohydrates=null, sugars=null, salt=null, fiber=null, proteins=null, lastModified=null, speciality=null}
Jun 14, 2023 10:04:57 PM Proiect.MDS.web.database.logging.ProductLogger logProductOperation
INFO: Product updated successfully: Product{id=0, name='Biscuiti Petit Beurre RoStar, 460 g', category='Biscuiti', price=10.20, productType='Biscuiti simpli', storageConditions='A se pastra la loc uscat si racoros, ferit de razele soarelui.', weight=0.46, shelfLife='A se consuma inainte de data inscriptionata pe ambalaj.', ingredients='Faina de grau, apa, zahar, grasimi vegetale nehidrogenate ulei palmier), zahar invertit, agenti de afanare (carbonat de amoniu, carbonat de sodiu, pirofosfat acid de sodiu), amidon din porumb, sare iodata, emulsifiant (lecitina de soia), ameliorator de fa', kcalPer100g=426.62, kjPer100g=1800.06, fats=10.46, saturatedFats=6.28, carbohydrates=76.2, sugars=17.8, salt=0.4, fiber=null, proteins=6.95, lastModified=null, speciality=null}
Jun 14, 2023 10:05:26 PM Proiect.MDS.web.database.logging.ProductLogger logProductOperation
INFO: Product updated successfully: Product{id=0, name='Foi de dafin Cosmin, 4g', category='Condimente si Mirodenii', price=1.70, productType='Condimente', storageConditions='null', weight=null, shelfLife='null', ingredients='null', kcalPer100g=null, kjPer100g=null, fats=null, saturatedFats=null, carbohydrates=null, sugars=null, salt=null, fiber=null, proteins=null, lastModified=null, speciality=null}
Jun 14, 2023 10:05:30 PM Proiect.MDS.web.database.logging.ProductLogger logProductOperation
INFO: Product updated successfully: Product{id=0, name='Cimbru Cosmin, 8g', category='Condimente si Mirodenii', price=1.70, productType='Condimente', storageConditions='null', weight=null, shelfLife='null', ingredients='null', kcalPer100g=null, kjPer100g=null, fats=null, saturatedFats=null, carbohydrates=null, sugars=null, salt=null, fiber=null, proteins=null, lastModified=null, speciality=null}
